Chronologic VCS simulator copyright 1991-2015
Contains Synopsys proprietary information.
Compiler version K-2015.09-SP1_Full64; Runtime version K-2015.09-SP1_Full64;  Nov 27 22:44 2018
VCD+ Writer K-2015.09-SP1_Full64 Copyright (c) 1991-2015 by Synopsys Inc.
The file '/home/ecelrc/students/xteng/vlsi1/lab3/rtl/inter.vpd' was opened successfully.
  0: e3a0207a
  1: e3a00000
  2: e3a06010
  3: e3a07001
  4: e0808617
  5: e0879008
  6: e3a00000
  7: e4882000
  8: e3a03028
  9: e4883000
 10: e3a040ff
 11: e3a050b7
 12: e4884000
 13: e4885000
 14: e4882000
 15: e4883000
 16: e4884000
 17: e3a07000
 18: e3a07000
 19: e3a07000
 20: e3a07000
 21: e3a07000
 22: e3a07000
 23: e3a07000
 24: e4990000
 25: e3a07000
 26: e3a07000
 27: e3a07000
 28: e3a07000
 29: e3a07000
 30: e3a07000
 31: e3a07000
 32: e3a07000
 33: e4991000
 34: e3a07000
 35: e3a07000
 36: e3a07000
 37: e3a07000
 38: e3a07000
 39: e3a07000
 40: e3a07000
 41: e3a07000
 42: e4992000
 43: e3a07000
 44: e3a07000
 45: e3a07000
 46: e3a07000
 47: e3a07000
 48: e3a07000
 49: e3a07000
 50: e3a07000
 51: e3a07000
 52: e3a07000
 53: e3a07000
 54: e3a07000
 55: e3a07000
 56: e3a07000
 57: e4993000
 58: e3a07000
 59: e3a07000
 60: e3a07000
 61: e3a07000
 62: e3a07000
 63: e3a07000
1000 s
2000 s
3000 s
4000 s
5000 s
6000 s
7000 s
8000 s
9000 s
10000 s
11000 s
12000 s
13000 s
14000 s
15000 s
---------------------------------------------

The tool has just detected a severe internal error:

SEGV exception handled in internal functions.


Release = 'K-2015.09-SP1_Full64'  Architecture = 'amd64'  Program = 'DVE'

'33090154 33127706 33129758 237167125872'

---------------------------------------------
=======================DVE Context and Call Stack=========================

An unexpected termination has occurred in /usr/local/packages/synopsys_2015/vcs-mx//gui/dve/linux64/bin/dve.exeHostname luigi

VPD API Function hfGetReadObj Handle1="TOP.addbusam" 
Function="fieldViewGroupItem::doDrop, View: wave view, Operation: drop on group, Parameters: group name: Group2" 
Tcl="gui_list_add -id Wave.1 -from Data.1  {TOP.addbusam[25:0]}  -insertionbar " 
Tcl="gui_eval_and_log_cmd gui_list_add -id Wave.1 -from Data.1  {TOP.addbusam[25:0]}  -insertionbar " 
Command line: /usr/local/packages/synopsys_2015/vcs-mx//gui/dve/linux64/bin/dve.exe -full64 -ucliplatform=linux64 -toolargs "-ucligui -toolexe ./simv  -pid 11888" -toolin /tmp/vcs_20181128044432_11887_xteng..stdin -toolout /tmp/vcs_20181128044432_11887_xteng..stdout

--- Stack trace follows:
[New LWP 13096]
[New LWP 12850]
[Thread debugging using libthread_db enabled]
Using host libthread_db library "/lib64/libthread_db.so.1".
0x00000037384ac8dd in waitpid () from /lib64/libc.so.6

Thread 3 (Thread 0x7f4d23b92700 (LWP 12850)):
#0  0x0000003738c0ba5e in pthread_cond_timedwait@@GLIBC_2.3.2 () from /lib64/libpthread.so.0
#1  0x00000000028b422b in ?? ()
#2  0x00000000028b46be in QThread::msleep(unsigned long) ()
#3  0x00000000010d9ee6 in ag::dveXThread::run() ()
#4  0x00000000028b43ba in QThreadInstance::start(void*) ()
#5  0x0000003738c07aa1 in start_thread () from /lib64/libpthread.so.0
#6  0x00000037384e8c4d in clone () from /lib64/libc.so.6

Thread 2 (Thread 0x7f4d23191700 (LWP 13096)):
#0  0x00000037384db80d in read () from /lib64/libc.so.6
#1  0x0000003738471bc8 in _IO_new_file_underflow () from /lib64/libc.so.6
#2  0x00000037384736ce in _IO_default_uflow_internal () from /lib64/libc.so.6
#3  0x0000003738467daa in _IO_getline_info_internal () from /lib64/libc.so.6
#4  0x0000003738466c09 in fgets () from /lib64/libc.so.6
#5  0x00000000011f26b3 in ag::dveSmlSocket::run() ()
#6  0x00000000028b43ba in QThreadInstance::start(void*) ()
#7  0x0000003738c07aa1 in start_thread () from /lib64/libpthread.so.0
#8  0x00000037384e8c4d in clone () from /lib64/libc.so.6

Thread 1 (Thread 0x7f4d241c5800 (LWP 11904)):
#0  0x00000037384ac8dd in waitpid () from /lib64/libc.so.6
#1  0x000000373843e4e9 in do_system () from /lib64/libc.so.6
#2  0x000000373843e820 in system () from /lib64/libc.so.6
#3  0x00007f4d25cb0fd8 in SNPSle_10ee25eff68cd8461c9146fa1d0b35e87067f3c8015b313e639d2928478c79b3f673f99203bcf8be64600612100082236bffb2007f1e0ef9 () from /usr/local/packages/synopsys_2015/vcs-mx//linux64/lib/liberrorinf.so
#4  0x00007f4d25cb156d in SNPSle_10ee25eff68cd8461c9146fa1d0b35e87067f3c8015b313e81c34e9ac4c8988ef4a6e067b3aa9271e9f15440f9e8f69ebc77e2fd65860faa () from /usr/local/packages/synopsys_2015/vcs-mx//linux64/lib/liberrorinf.so
#5  0x00007f4d25cb287b in SNPSle_10ee25eff68cd8461c9146fa1d0b35e87067f3c8015b313efba706aab251478fa49e66610e453774633a6c152e7ef778f2202cda681f3d4e () from /usr/local/packages/synopsys_2015/vcs-mx//linux64/lib/liberrorinf.so
#6  0x00007f4d25cab645 in SNPSle_d35ca1ff70d465c2b9b1a72eee90a506fdd009d3de3db1de () from /usr/local/packages/synopsys_2015/vcs-mx//linux64/lib/liberrorinf.so
#7  0x0000000001f97cc5 in ag::logErrorMessage(ag::errorType, QString const&, bool) ()
#8  0x0000000001f9851e in ?? ()
#9  <signal handler called>
#10 0x00007f4d25fff8f8 in SNPSle_2d2fd458016b40097d0688eee77b7402178a6ba9744a41493c9afd8a78f4a4d152b6e1a6ec18d33e652faadf2b1ec82418a4e12ed335a47ea0c3d0d965a5f0e9e573a3886a4c0e943e2eb226ea2fbaf5 () from /usr/local/packages/synopsys_2015/vcs-mx//linux64/lib/libhflib.so
#11 0x00007f4d25ffcba3 in SNPSle_2d2fd458016b400992fd9ab2a0fdb32ce4260519f2267c0d75f1fd6ba959e1cfb909613bd638ab7454046259df32282dba17b966373529eb8c60bafa79304086d6d3c5102adcc02c () from /usr/local/packages/synopsys_2015/vcs-mx//linux64/lib/libhflib.so
#12 0x00007f4d25ffe661 in SNPSle_2d2fd458016b400992fd9ab2a0fdb32c6f2b844c48b17d83df25b9e183b1601bee55d6829cbd16f320fdd5ef41ed8b40507b3cd523561a430ea48b1012386f73ade201d47d2de403c79c27cf7a97e1669573370d35e1857d () from /usr/local/packages/synopsys_2015/vcs-mx//linux64/lib/libhflib.so
#13 0x00007f4d25ffe772 in SNPSle_2d2fd458016b40091440d223d498268aa254c09b6b8ebd2c85f663914c00ec949387b982aa59f5ddeee03769aa003a27 () from /usr/local/packages/synopsys_2015/vcs-mx//linux64/lib/libhflib.so
#14 0x00007f4d25ff7a3a in SNPSle_2d2fd458016b4009011b4e28906103fefb0bf8c59f9eac831695bab6bbd4fc7469a06e026c65e15b192fa0f4252c87c0 () from /usr/local/packages/synopsys_2015/vcs-mx//linux64/lib/libhflib.so
#15 0x00007f4d25fe552e in SNPSle_2d2fd458016b4009cc77f49b0e43bc98da027ad471f98d879130cc234e82f2e2a790519a38a3163a () from /usr/local/packages/synopsys_2015/vcs-mx//linux64/lib/libhflib.so
#16 0x00007f4d2600d65a in SNPSle_8d1b2179acedd1750d9ea76e91c880e6697d0235e2188a318e4307e320e143a0 () from /usr/local/packages/synopsys_2015/vcs-mx//linux64/lib/libhflib.so
#17 0x00007f4d260249d4 in SNPSle_e67072563947ded775fb6688f9bb34d7 () from /usr/local/packages/synopsys_2015/vcs-mx//linux64/lib/libhflib.so
#18 0x0000000001b836c8 in ag::valLoaderList::getLoaderID(ag::metaParentObj const&, ag::infLoader*&, bool&) const ()
#19 0x0000000001b83913 in ag::valLoaderList::getLoader(ag::metaParentObj const&) const ()
#20 0x0000000001bf66f5 in ag::metaDbObj::createLoader(ag::infLoaderList&) const ()
#21 0x0000000001c440d0 in ag::metaParentObj::createLoader() const ()
#22 0x0000000001931b69 in ag::fieldViewWaveItem::initializeItem() ()
#23 0x000000000199c3d9 in ag::waveListView::evaluateVisibleItems() ()
#24 0x0000000001923f81 in ag::fieldViewGroupItem::doDrop(QMimeSource*, QWidget*, bool, QDropEvent::Action, bool) ()
#25 0x0000000001914594 in ag::fieldViewBlankItem::doDrop(QMimeSource*, QWidget*, bool, QDropEvent::Action, bool) ()
#26 0x00000000018dc543 in ag::dataView::addItemInsert(QListViewItem*, ag::metaBaseObjDrag&) ()
#27 0x00000000019a6319 in ag::waveListView::addItem(QListViewItem*, ll_list_s*) ()
#28 0x00000000018daabf in ag::dataView::tclAdd(QString const&, ll_list_s*, bool, char const*) ()
#29 0x0000000001910e3c in ag::gui_list_add_cmd(void*, cci_interp_s*, ll_list_s*) ()
#30 0x000000000267a83e in cci_check_command ()
#31 0x00000000027ecd9f in TclInvokeStringCommand ()
#32 0x00000000027ee3c2 in TclEvalObjvInternal ()
#33 0x00000000027ee70f in Tcl_EvalEx ()
#34 0x00000000027ef393 in Tcl_EvalObjEx ()
#35 0x00000000027f545e in Tcl_EvalObjCmd ()
#36 0x00000000027ee3c2 in TclEvalObjvInternal ()
#37 0x0000000002812e49 in ?? ()
#38 0x00000000028178a6 in TclCompEvalObj ()
#39 0x000000000283bad0 in TclObjInterpProc ()
#40 0x00000000027ee3c2 in TclEvalObjvInternal ()
#41 0x00000000027ef20b in Tcl_EvalObjv ()
#42 0x00000000027ef36e in Tcl_EvalObjEx ()
#43 0x000000000283c0c7 in Tcl_UplevelObjCmd ()
#44 0x00000000027ee3c2 in TclEvalObjvInternal ()
#45 0x0000000002812e49 in ?? ()
#46 0x00000000028178a6 in TclCompEvalObj ()
#47 0x00000000027ef3c4 in Tcl_EvalObjEx ()
#48 0x00000000027f595b in Tcl_CatchObjCmd ()
#49 0x00000000027ee3c2 in TclEvalObjvInternal ()
#50 0x0000000002812e49 in ?? ()
#51 0x00000000028178a6 in TclCompEvalObj ()
#52 0x000000000283bad0 in TclObjInterpProc ()
#53 0x00000000027ee3c2 in TclEvalObjvInternal ()
#54 0x00000000027ef20b in Tcl_EvalObjv ()
#55 0x000000000282b429 in ?? ()
#56 0x00000000027ee3c2 in TclEvalObjvInternal ()
#57 0x0000000002812e49 in ?? ()
#58 0x00000000028178a6 in TclCompEvalObj ()
#59 0x000000000283bad0 in TclObjInterpProc ()
#60 0x00000000027ee3c2 in TclEvalObjvInternal ()
#61 0x00000000027ef20b in Tcl_EvalObjv ()
#62 0x00000000027ef36e in Tcl_EvalObjEx ()
#63 0x000000000283c0c7 in Tcl_UplevelObjCmd ()
#64 0x00000000027ee3c2 in TclEvalObjvInternal ()
#65 0x0000000002812e49 in ?? ()
#66 0x00000000028178a6 in TclCompEvalObj ()
#67 0x00000000027ef3c4 in Tcl_EvalObjEx ()
#68 0x00000000027f595b in Tcl_CatchObjCmd ()
#69 0x00000000027ee3c2 in TclEvalObjvInternal ()
#70 0x0000000002812e49 in ?? ()
#71 0x00000000028178a6 in TclCompEvalObj ()
#72 0x000000000283bad0 in TclObjInterpProc ()
#73 0x00000000027ee3c2 in TclEvalObjvInternal ()
#74 0x00000000027ef20b in Tcl_EvalObjv ()
#75 0x000000000282b429 in ?? ()
#76 0x00000000027ee3c2 in TclEvalObjvInternal ()
#77 0x0000000002812e49 in ?? ()
#78 0x00000000028178a6 in TclCompEvalObj ()
#79 0x00000000027ef3c4 in Tcl_EvalObjEx ()
#80 0x00000000027fc8c9 in Tcl_SwitchObjCmd ()
#81 0x00000000027ee3c2 in TclEvalObjvInternal ()
#82 0x0000000002812e49 in ?? ()
#83 0x00000000028178a6 in TclCompEvalObj ()
#84 0x000000000283bad0 in TclObjInterpProc ()
#85 0x00000000027ee3c2 in TclEvalObjvInternal ()
#86 0x00000000027ef20b in Tcl_EvalObjv ()
#87 0x00000000027ef36e in Tcl_EvalObjEx ()
#88 0x000000000283c0c7 in Tcl_UplevelObjCmd ()
#89 0x00000000027ee3c2 in TclEvalObjvInternal ()
#90 0x0000000002812e49 in ?? ()
#91 0x00000000028178a6 in TclCompEvalObj ()
#92 0x00000000027ef3c4 in Tcl_EvalObjEx ()
#93 0x00000000027f595b in Tcl_CatchObjCmd ()
#94 0x00000000027ee3c2 in TclEvalObjvInternal ()
#95 0x0000000002812e49 in ?? ()
#96 0x00000000028178a6 in TclCompEvalObj ()
#97 0x000000000283bad0 in TclObjInterpProc ()
#98 0x00000000027ee3c2 in TclEvalObjvInternal ()
#99 0x00000000027ef20b in Tcl_EvalObjv ()
#100 0x000000000282b429 in ?? ()
#101 0x00000000027ee3c2 in TclEvalObjvInternal ()
#102 0x00000000027ee70f in Tcl_EvalEx ()
#103 0x00000000026778bc in ?? ()
#104 0x000000000222d679 in ek_exec_cci_command_2(EkTclObjHandle&, cci_interp_s*, char const*, int, int, int, int, int, int, int) ()
#105 0x0000000002227910 in EkTclShellExecImpl::TExecCommandIF::runCommand(QString&) ()
#106 0x0000000002230e00 in EkShellExecutionImpl::TExecCommand::run() ()
#107 0x000000000223075d in EkShellExecutionImpl::startRun(EkShellExecutionImpl::TExecCommand*, EkTriState, EkTriState) ()
#108 0x00000000022308b0 in EkShellExecutionImpl::executeSync(QString const&, bool, bool, bool, QString*, EkShellDefs::TCmdSrc, bool, EkTriState, EkTriState, bool) ()
#109 0x0000000001f9b4b0 in utilEkShellImpl::executeSync(QString const&, bool, bool, bool, QString*, EkShellDefs::TCmdSrc, bool, EkTriState, EkTriState, bool) ()
#110 0x00000000021c6e3d in EkTclAction::slotExecTcl() ()
#111 0x00000000021c6e75 in EkTclAction::slotExecTclFromAccel() ()
#112 0x00000000021dbe3c in EkTclAction::qt_invoke(int, QUObject*) ()
#113 0x0000000002908012 in QObject::activate_signal(QConnectionList*, QUObject*) ()
#114 0x0000000002b7609c in QSignal::signal(QVariant const&) ()
#115 0x0000000002918c7f in QSignal::activate() ()
#116 0x00000000028b8580 in QAccelPrivate::activate(QAccelItem*) ()
#117 0x00000000028b8a94 in QAccelManager::dispatchAccelEvent(QWidget*, QKeyEvent*) ()
#118 0x00000000028baf80 in QApplication::notify(QObject*, QEvent*) ()
#119 0x000000000200b627 in EkExtQtApp::notify(QObject*, QEvent*) ()
#120 0x0000000001fddc47 in ag::baseQtApp::notify(QObject*, QEvent*) ()
#121 0x00000000028b7bba in QAccelManager::tryAccelEvent(QWidget*, QKeyEvent*) ()
#122 0x0000000002864b8e in QETWidget::translateKeyEvent(_XEvent const*, bool) ()
#123 0x000000000286f939 in QApplication::x11ProcessEvent(_XEvent*) ()
#124 0x000000000287d1fa in QEventLoop::processEvents(unsigned int) ()
#125 0x000000000111b751 in ag::ovaEventLoop::processEvents(unsigned int) ()
#126 0x00000000028cab69 in QEventLoop::enterLoop() ()
#127 0x00000000028caaca in QEventLoop::exec() ()
#128 0x000000000111b0bf in run_cci_event_loop ()
#129 0x00000000010daab4 in ag::ovaAppInst::enterEventLoop(int, char**) ()
#130 0x0000000000de3aa9 in main ()
Completed context dump data 'VPD API Function'
==========================================================================
---------------------------------------------

The tool has just detected a severe internal error:

SEGV exception handled in internal functions.


Release = 'K-2015.09-SP1_Full64'  Architecture = 'amd64'  Program = 'DVE'

'33090154 33127706 33129758 237167125872 41900390 42155647 42155920 41869773 41871119 41872311 31512181 31512327 31546158 31618559 43024402 43024594 43116750 42707317 42707839 33601462 33414685 42667444 42456302 17938257 42773353 42773194 17936575 17672884 14564009 237167045920'

---------------------------------------------
=======================DVE Context and Call Stack=========================

VPD API Function hfGetReadObj Handle1="TOP.addbusam" 
Function="fieldViewGroupItem::doDrop, View: wave view, Operation: drop on group, Parameters: group name: Group2" 
Tcl="gui_list_add -id Wave.1 -from Data.1  {TOP.addbusam[25:0]}  -insertionbar " 
Tcl="gui_eval_and_log_cmd gui_list_add -id Wave.1 -from Data.1  {TOP.addbusam[25:0]}  -insertionbar " 
Command line: /usr/local/packages/synopsys_2015/vcs-mx//gui/dve/linux64/bin/dve.exe -full64 -ucliplatform=linux64 -toolargs "-ucligui -toolexe ./simv  -pid 11888" -toolin /tmp/vcs_20181128044432_11887_xteng..stdin -toolout /tmp/vcs_20181128044432_11887_xteng..stdout

--- Stack trace follows:
[New LWP 13096]
[New LWP 12850]
[Thread debugging using libthread_db enabled]
Using host libthread_db library "/lib64/libthread_db.so.1".
0x00000037384ac8dd in waitpid () from /lib64/libc.so.6

Thread 3 (Thread 0x7f4d23b92700 (LWP 12850)):
#0  0x0000003738c0ba5e in pthread_cond_timedwait@@GLIBC_2.3.2 () from /lib64/libpthread.so.0
#1  0x00000000028b422b in ?? ()
#2  0x00000000028b46be in QThread::msleep(unsigned long) ()
#3  0x00000000010d9ee6 in ag::dveXThread::run() ()
#4  0x00000000028b43ba in QThreadInstance::start(void*) ()
#5  0x0000003738c07aa1 in start_thread () from /lib64/libpthread.so.0
#6  0x00000037384e8c4d in clone () from /lib64/libc.so.6

Thread 2 (Thread 0x7f4d23191700 (LWP 13096)):
#0  0x00000037384db80d in read () from /lib64/libc.so.6
#1  0x0000003738471bc8 in _IO_new_file_underflow () from /lib64/libc.so.6
#2  0x00000037384736ce in _IO_default_uflow_internal () from /lib64/libc.so.6
#3  0x0000003738467daa in _IO_getline_info_internal () from /lib64/libc.so.6
#4  0x0000003738466c09 in fgets () from /lib64/libc.so.6
#5  0x00000000011f26b3 in ag::dveSmlSocket::run() ()
#6  0x00000000028b43ba in QThreadInstance::start(void*) ()
#7  0x0000003738c07aa1 in start_thread () from /lib64/libpthread.so.0
#8  0x00000037384e8c4d in clone () from /lib64/libc.so.6

Thread 1 (Thread 0x7f4d241c5800 (LWP 11904)):
#0  0x00000037384ac8dd in waitpid () from /lib64/libc.so.6
#1  0x000000373843e4e9 in do_system () from /lib64/libc.so.6
#2  0x000000373843e820 in system () from /lib64/libc.so.6
#3  0x00007f4d25cb0fd8 in SNPSle_10ee25eff68cd8461c9146fa1d0b35e87067f3c8015b313e639d2928478c79b3f673f99203bcf8be64600612100082236bffb2007f1e0ef9 () from /usr/local/packages/synopsys_2015/vcs-mx//linux64/lib/liberrorinf.so
#4  0x00007f4d25cb156d in SNPSle_10ee25eff68cd8461c9146fa1d0b35e87067f3c8015b313e81c34e9ac4c8988ef4a6e067b3aa9271e9f15440f9e8f69ebc77e2fd65860faa () from /usr/local/packages/synopsys_2015/vcs-mx//linux64/lib/liberrorinf.so
#5  0x00007f4d25cb287b in SNPSle_10ee25eff68cd8461c9146fa1d0b35e87067f3c8015b313efba706aab251478fa49e66610e453774633a6c152e7ef778f2202cda681f3d4e () from /usr/local/packages/synopsys_2015/vcs-mx//linux64/lib/liberrorinf.so
#6  0x00007f4d25cab645 in SNPSle_d35ca1ff70d465c2b9b1a72eee90a506fdd009d3de3db1de () from /usr/local/packages/synopsys_2015/vcs-mx//linux64/lib/liberrorinf.so
#7  0x0000000001f97cc5 in ag::logErrorMessage(ag::errorType, QString const&, bool) ()
#8  0x0000000001f9851e in ?? ()
#9  <signal handler called>
#10 0x000000000283de04 in Tcl_GetObjResult ()
#11 0x00000000027f5966 in Tcl_CatchObjCmd ()
#12 0x0000000002833e7f in ?? ()
#13 0x0000000002833f90 in Tcl_GetCommandFromObj ()
#14 0x00000000027ee1cd in TclEvalObjvInternal ()
#15 0x00000000027ee70f in Tcl_EvalEx ()
#16 0x00000000027eebb7 in Tcl_Eval ()
#17 0x0000000001e0d675 in ag::ucliQuietTimer::isInsideTcl() ()
#18 0x0000000001e0d707 in ag::ucliQuietTimer::isQuiet() ()
#19 0x0000000001e15b2e in ag::ucliQuietTimer::slotQuietTcl() ()
#20 0x0000000001e275ff in ag::ucliQuietTimer::qt_invoke(int, QUObject*) ()
#21 0x0000000002908012 in QObject::activate_signal(QConnectionList*, QUObject*) ()
#22 0x00000000029080d2 in QObject::activate_signal(int) ()
#23 0x000000000291e8ce in QTimer::event(QEvent*) ()
#24 0x00000000028ba975 in QApplication::internalNotify(QObject*, QEvent*) ()
#25 0x00000000028bab7f in QApplication::notify(QObject*, QEvent*) ()
#26 0x000000000200b7b6 in EkExtQtApp::notify(QObject*, QEvent*) ()
#27 0x0000000001fdde1d in ag::baseQtApp::notify(QObject*, QEvent*) ()
#28 0x00000000028b0db4 in QEventLoop::activateTimers() ()
#29 0x000000000287d4ee in QEventLoop::processEvents(unsigned int) ()
#30 0x000000000111b751 in ag::ovaEventLoop::processEvents(unsigned int) ()
#31 0x00000000028cab69 in QEventLoop::enterLoop() ()
#32 0x00000000028caaca in QEventLoop::exec() ()
#33 0x000000000111b0bf in run_cci_event_loop ()
#34 0x00000000010daab4 in ag::ovaAppInst::enterEventLoop(int, char**) ()
#35 0x0000000000de3aa9 in main ()
Completed context dump data 'VPD API Function'
==========================================================================
