Total BFLOPS 65.864 

 seen 64 
data/dogg.jpg: Predicted in 3897.600392 seconds.
diningtable: 98%
backpack: 92%
suitcase: 92%
diningtable: 92%
backpack: 94%
suitcase: 93%
baseball bat: 80%
book: 69%
book: 98%
book: 48%
book: 31%
book: 57%
book: 36%
book: 75%
book: 73%
book: 58%
book: 89%
book: 44%
book: 54%
book: 27%
refrigerator: 45%
book: 45%
refrigerator: 100%
book: 100%
refrigerator: 32%
book: 32%
refrigerator: 100%
book: 100%
refrigerator: 34%
book: 34%
refrigerator: 100%
book: 100%
refrigerator: 100%
book: 100%
refrigerator: 43%
book: 43%
refrigerator: 26%
book: 25%
refrigerator: 59%
book: 59%
refrigerator: 100%
book: 99%
refrigerator: 99%
book: 99%
refrigerator: 91%
book: 91%
refrigerator: 100%
book: 100%
refrigerator: 100%
book: 99%
refrigerator: 97%
book: 97%
refrigerator: 98%
book: 98%
refrigerator: 100%
book: 94%
refrigerator: 99%
book: 99%
book: 73%
refrigerator: 96%
refrigerator: 86%
book: 77%
spoon: 99%
backpack: 89%
spoon: 86%
spoon: 55%
bottle: 55%
spoon: 73%
backpack: 100%
bottle: 100%
backpack: 99%
bottle: 100%
sports ball: 73%
baseball bat: 90%
spoon: 74%
spoon: 88%
bottle: 88%
book: 100%
bottle: 100%
bottle: 100%
frisbee: 94%
spoon: 100%
bowl: 98%
book: 100%
spoon: 100%
bottle: 100%
spoon: 56%
bottle: 56%
spoon: 100%
bottle: 100%
bottle: 100%
frisbee: 84%
bowl: 86%
book: 100%
book: 100%
frisbee: 98%
bottle: 100%
spoon: 100%
book: 100%
frisbee: 84%
bottle: 100%
book: 100%
backpack: 100%
frisbee: 100%
bottle: 100%
book: 100%
backpack: 90%
frisbee: 100%
bottle: 100%
spoon: 100%
book: 94%
bottle: 66%
spoon: 100%
book: 100%
backpack: 99%
frisbee: 100%
bottle: 100%
bottle: 100%
backpack: 63%
frisbee: 99%
book: 100%
book: 100%
banana: 100%
bottle: 100%
backpack: 100%
tennis racket: 99%
book: 77%
bowl: 63%
backpack: 100%
handbag: 88%
bottle: 100%
book: 100%
bottle: 100%
spoon: 100%
backpack: 75%
spoon: 100%
backpack: 88%
spoon: 93%
bottle: 81%
spoon: 99%
spoon: 100%
bottle: 39%
vase: 100%
backpack: 91%
