Total BFLOPS 65.864 

 seen 64 
data/animals_hero_bald_eagle.jpg: Predicted in 3794.920577 seconds.
knife: 83%
backpack: 100%
handbag: 87%
suitcase: 100%
book: 100%
sink: 99%
backpack: 100%
suitcase: 100%
diningtable: 99%
backpack: 100%
suitcase: 100%
skateboard: 91%
book: 100%
backpack: 100%
handbag: 100%
suitcase: 100%
backpack: 100%
suitcase: 100%
backpack: 100%
suitcase: 99%
diningtable: 91%
suitcase: 100%
diningtable: 93%
backpack: 100%
suitcase: 100%
book: 100%
backpack: 49%
book: 95%
suitcase: 95%
diningtable: 91%
backpack: 100%
backpack: 100%
suitcase: 99%
diningtable: 98%
book: 100%
backpack: 100%
suitcase: 100%
bench: 100%
backpack: 98%
diningtable: 100%
laptop: 100%
book: 100%
pottedplant: 99%
backpack: 100%
backpack: 100%
book: 81%
book: 74%
person: 93%
bottle: 93%
cup: 92%
book: 30%
refrigerator: 72%
book: 72%
refrigerator: 99%
book: 99%
refrigerator: 69%
book: 68%
refrigerator: 46%
book: 46%
refrigerator: 100%
refrigerator: 100%
book: 100%
refrigerator: 100%
book: 100%
refrigerator: 100%
book: 99%
refrigerator: 100%
book: 100%
refrigerator: 100%
book: 100%
refrigerator: 100%
book: 100%
refrigerator: 99%
book: 65%
refrigerator: 93%
book: 89%
book: 58%
refrigerator: 100%
book: 45%
refrigerator: 100%
person: 26%
book: 99%
refrigerator: 100%
book: 71%
book: 92%
refrigerator: 100%
book: 43%
person: 31%
refrigerator: 31%
spoon: 37%
spoon: 30%
spoon: 100%
spoon: 93%
bottle: 100%
book: 100%
spoon: 100%
bottle: 100%
spoon: 27%
bottle: 27%
spoon: 36%
spoon: 100%
spoon: 100%
bottle: 100%
spoon: 93%
spoon: 100%
bottle: 100%
book: 99%
backpack: 99%
bottle: 99%
book: 95%
handbag: 93%
bowl: 95%
banana: 95%
book: 70%
backpack: 70%
handbag: 70%
bowl: 70%
banana: 70%
book: 87%
backpack: 87%
handbag: 87%
bowl: 87%
banana: 87%
book: 100%
bowl: 75%
banana: 99%
bottle: 98%
backpack: 95%
handbag: 55%
book: 98%
bottle: 100%
backpack: 92%
book: 100%
bottle: 100%
backpack: 83%
handbag: 37%
frisbee: 62%
book: 100%
bottle: 97%
backpack: 35%
frisbee: 57%
book: 97%
book: 45%
backpack: 45%
handbag: 45%
bowl: 45%
banana: 45%
book: 36%
backpack: 36%
handbag: 36%
bowl: 36%
banana: 36%
bottle: 100%
banana: 52%
book: 100%
bottle: 91%
backpack: 90%
frisbee: 69%
banana: 48%
book: 91%
backpack: 45%
handbag: 45%
bowl: 45%
banana: 45%
book: 45%
banana: 100%
backpack: 100%
handbag: 100%
suitcase: 97%
bowl: 98%
book: 100%
broccoli: 61%
book: 100%
bottle: 100%
handbag: 100%
backpack: 100%
baseball glove: 100%
bowl: 100%
banana: 100%
broccoli: 72%
book: 100%
bottle: 99%
spoon: 78%
spoon: 100%
bowl: 100%
spoon: 100%
bowl: 100%
backpack: 94%
handbag: 100%
banana: 100%
book: 100%
bottle: 100%
handbag: 47%
book: 100%
bottle: 100%
book: 100%
sports ball: 100%
bottle: 100%
carrot: 47%
book: 69%
bottle: 83%
spoon: 83%
spoon: 98%
bowl: 48%
bottle: 99%
spoon: 99%
spoon: 100%
spoon: 100%
spoon: 100%
bowl: 84%
spoon: 27%
spoon: 94%
spoon: 100%
spoon: 95%
spoon: 100%
spoon: 100%
spoon: 100%
book: 100%
bottle: 99%
book: 100%
book: 100%
book: 100%
bottle: 100%
spoon: 61%
bowl: 61%
book: 100%
backpack: 79%
book: 100%
bottle: 62%
spoon: 100%
bottle: 59%
spoon: 100%
bottle: 99%
book: 100%
spoon: 78%
bowl: 78%
spoon: 100%
bottle: 100%
spoon: 100%
bottle: 95%
spoon: 89%
bottle: 30%
book: 30%
book: 100%
book: 100%
bottle: 100%
handbag: 61%
book: 100%
spoon: 100%
bowl: 71%
book: 100%
banana: 100%
book: 100%
backpack: 97%
handbag: 100%
frisbee: 99%
bottle: 100%
bowl: 48%
banana: 40%
book: 100%
bottle: 88%
spoon: 100%
bottle: 81%
spoon: 100%
bottle: 95%
spoon: 100%
bottle: 100%
book: 100%
bottle: 66%
banana: 88%
book: 100%
bottle: 100%
handbag: 31%
book: 100%
book: 100%
banana: 100%
spoon: 100%
spoon: 100%
bottle: 59%
book: 100%
spoon: 100%
spoon: 100%
spoon: 100%
spoon: 100%
bottle: 100%
spoon: 100%
spoon: 100%
spoon: 100%
book: 100%
book: 100%
handbag: 81%
bottle: 100%
book: 100%
bottle: 100%
spoon: 100%
spoon: 100%
bottle: 100%
spoon: 78%
spoon: 100%
bottle: 100%
spoon: 100%
backpack: 100%
sports ball: 100%
baseball bat: 100%
bottle: 100%
book: 100%
backpack: 100%
handbag: 99%
sports ball: 100%
baseball bat: 90%
bottle: 100%
book: 100%
backpack: 100%
sports ball: 100%
baseball bat: 96%
bottle: 100%
book: 35%
bottle: 100%
spoon: 100%
spoon: 100%
bottle: 100%
bottle: 100%
backpack: 100%
handbag: 95%
book: 100%
book: 100%
bottle: 100%
handbag: 100%
backpack: 100%
bottle: 100%
book: 100%
bottle: 100%
book: 100%
spoon: 100%
spoon: 29%
spoon: 98%
spoon: 76%
bottle: 51%
spoon: 26%
bottle: 100%
spoon: 100%
vase: 95%
bottle: 100%
spoon: 100%
spoon: 45%
