Total BFLOPS 65.864 

 seen 64 
data/dog.jpg: Predicted in 3828.880822 seconds.
backpack: 97%
backpack: 100%
diningtable: 92%
backpack: 100%
diningtable: 100%
backpack: 99%
suitcase: 75%
book: 74%
backpack: 84%
backpack: 100%
book: 31%
book: 74%
book: 42%
book: 99%
book: 97%
book: 26%
book: 71%
book: 98%
book: 34%
book: 98%
refrigerator: 42%
book: 41%
refrigerator: 36%
book: 36%
refrigerator: 99%
book: 99%
refrigerator: 99%
book: 99%
refrigerator: 59%
book: 59%
refrigerator: 100%
book: 100%
refrigerator: 100%
book: 100%
refrigerator: 97%
book: 97%
refrigerator: 95%
book: 95%
refrigerator: 100%
book: 100%
refrigerator: 100%
book: 100%
refrigerator: 98%
book: 98%
book: 100%
refrigerator: 100%
refrigerator: 100%
book: 100%
refrigerator: 96%
book: 96%
refrigerator: 100%
book: 100%
refrigerator: 99%
person: 97%
book: 97%
refrigerator: 100%
book: 100%
refrigerator: 100%
book: 100%
refrigerator: 30%
book: 30%
refrigerator: 100%
book: 100%
refrigerator: 75%
book: 75%
refrigerator: 100%
book: 100%
book: 100%
refrigerator: 100%
refrigerator: 47%
book: 47%
book: 87%
refrigerator: 86%
refrigerator: 97%
book: 97%
book: 100%
person: 30%
refrigerator: 100%
refrigerator: 75%
book: 75%
book: 100%
refrigerator: 98%
refrigerator: 87%
book: 87%
book: 87%
refrigerator: 72%
refrigerator: 35%
book: 96%
book: 68%
person: 61%
refrigerator: 98%
book: 53%
refrigerator: 100%
bottle: 100%
spoon: 100%
book: 50%
bottle: 100%
book: 100%
bottle: 100%
spoon: 63%
bottle: 100%
spoon: 87%
book: 63%
book: 100%
backpack: 87%
bottle: 100%
bowl: 80%
bottle: 100%
book: 100%
bottle: 97%
book: 89%
bottle: 100%
bowl: 97%
book: 100%
bottle: 91%
backpack: 91%
book: 90%
book: 52%
frisbee: 43%
bottle: 52%
banana: 52%
book: 80%
backpack: 56%
frisbee: 26%
bottle: 80%
banana: 79%
book: 100%
backpack: 90%
bowl: 100%
banana: 100%
book: 82%
frisbee: 82%
bottle: 82%
banana: 61%
book: 100%
backpack: 99%
bottle: 100%
bowl: 94%
banana: 47%
book: 77%
frisbee: 60%
bottle: 77%
backpack: 100%
bottle: 100%
book: 100%
spoon: 100%
spoon: 100%
spoon: 100%
bottle: 71%
backpack: 95%
backpack: 98%
backpack: 100%
book: 100%
bottle: 100%
spoon: 29%
bottle: 99%
backpack: 98%
sports ball: 99%
carrot: 97%
