Total BFLOPS 65.864 

 seen 64 
data/eagle.jpg: Predicted in 4046.828876 seconds.
book: 89%
sofa: 69%
book: 55%
sofa: 78%
book: 78%
book: 64%
book: 75%
book: 53%
book: 83%
refrigerator: 35%
book: 34%
book: 70%
refrigerator: 100%
book: 100%
refrigerator: 100%
refrigerator: 96%
book: 96%
book: 100%
refrigerator: 100%
book: 34%
refrigerator: 100%
book: 100%
refrigerator: 65%
book: 65%
refrigerator: 95%
book: 95%
book: 100%
book: 98%
book: 100%
refrigerator: 100%
refrigerator: 100%
book: 100%
refrigerator: 100%
book: 100%
refrigerator: 100%
book: 100%
refrigerator: 100%
book: 100%
refrigerator: 100%
refrigerator: 100%
book: 100%
refrigerator: 100%
refrigerator: 100%
book: 100%
book: 100%
refrigerator: 100%
book: 100%
book: 77%
refrigerator: 77%
refrigerator: 100%
book: 100%
refrigerator: 80%
book: 80%
book: 100%
refrigerator: 100%
refrigerator: 100%
book: 100%
refrigerator: 100%
book: 99%
person: 37%
refrigerator: 76%
book: 96%
book: 38%
book: 80%
person: 34%
refrigerator: 79%
refrigerator: 84%
book: 79%
refrigerator: 38%
book: 27%
refrigerator: 92%
book: 92%
book: 97%
refrigerator: 97%
book: 64%
refrigerator: 100%
refrigerator: 37%
