Total BFLOPS 65.864 

 seen 64 
data/giraffe.jpg: Predicted in 3869.318102 seconds.
backpack: 80%
bench: 36%
diningtable: 80%
diningtable: 100%
bench: 95%
backpack: 93%
baseball bat: 83%
suitcase: 54%
backpack: 100%
backpack: 100%
suitcase: 100%
backpack: 100%
suitcase: 100%
backpack: 79%
suitcase: 79%
diningtable: 71%
laptop: 79%
suitcase: 97%
backpack: 100%
dog: 79%
backpack: 45%
backpack: 100%
handbag: 84%
suitcase: 100%
backpack: 100%
suitcase: 100%
backpack: 100%
suitcase: 100%
book: 45%
backpack: 100%
bench: 100%
handbag: 81%
suitcase: 100%
sofa: 100%
book: 38%
backpack: 85%
suitcase: 85%
diningtable: 100%
backpack: 100%
suitcase: 100%
book: 100%
backpack: 100%
suitcase: 86%
banana: 100%
diningtable: 100%
refrigerator: 51%
person: 49%
book: 51%
refrigerator: 100%
book: 98%
refrigerator: 97%
book: 65%
refrigerator: 98%
book: 96%
refrigerator: 100%
book: 100%
refrigerator: 98%
book: 96%
refrigerator: 100%
book: 100%
refrigerator: 99%
book: 99%
refrigerator: 77%
book: 74%
refrigerator: 100%
book: 100%
refrigerator: 83%
book: 83%
refrigerator: 100%
book: 100%
refrigerator: 100%
book: 100%
refrigerator: 100%
book: 100%
refrigerator: 36%
book: 36%
refrigerator: 97%
book: 97%
refrigerator: 100%
book: 100%
refrigerator: 100%
book: 99%
refrigerator: 82%
book: 31%
refrigerator: 29%
book: 94%
refrigerator: 89%
refrigerator: 56%
book: 45%
book: 92%
refrigerator: 97%
book: 97%
refrigerator: 100%
book: 79%
refrigerator: 37%
book: 40%
spoon: 34%
book: 100%
book: 100%
banana: 100%
bottle: 100%
backpack: 100%
bottle: 84%
book: 100%
backpack: 89%
backpack: 100%
book: 100%
banana: 100%
book: 100%
handbag: 100%
backpack: 100%
banana: 100%
book: 100%
book: 77%
banana: 50%
book: 100%
spoon: 96%
book: 100%
backpack: 100%
handbag: 100%
bowl: 98%
book: 100%
sports ball: 100%
backpack: 92%
bottle: 99%
carrot: 100%
book: 100%
spoon: 98%
book: 100%
handbag: 99%
bottle: 100%
book: 100%
bottle: 100%
