Total BFLOPS 65.864 

 seen 64 
data/me.jpg: Predicted in 3889.540628 seconds.
backpack: 100%
suitcase: 100%
sink: 100%
backpack: 100%
suitcase: 100%
skateboard: 51%
book: 100%
backpack: 80%
suitcase: 80%
diningtable: 71%
laptop: 80%
backpack: 100%
suitcase: 92%
sink: 100%
suitcase: 100%
backpack: 100%
skateboard: 100%
book: 100%
backpack: 100%
suitcase: 78%
suitcase: 100%
backpack: 100%
suitcase: 100%
backpack: 100%
skateboard: 99%
book: 100%
diningtable: 94%
book: 89%
book: 100%
handbag: 26%
diningtable: 100%
backpack: 100%
suitcase: 100%
diningtable: 100%
bear: 98%
backpack: 100%
suitcase: 100%
handbag: 100%
pottedplant: 100%
laptop: 87%
suitcase: 100%
book: 67%
bench: 98%
baseball bat: 38%
diningtable: 29%
backpack: 100%
suitcase: 100%
book: 96%
backpack: 100%
suitcase: 100%
book: 77%
sink: 99%
backpack: 100%
backpack: 100%
diningtable: 100%
book: 36%
backpack: 100%
diningtable: 100%
suitcase: 100%
book: 53%
diningtable: 100%
backpack: 100%
suitcase: 100%
backpack: 33%
suitcase: 31%
backpack: 100%
suitcase: 100%
backpack: 100%
suitcase: 73%
sink: 100%
diningtable: 100%
skis: 91%
microwave: 87%
oven: 100%
backpack: 100%
pottedplant: 49%
diningtable: 97%
oven: 97%
diningtable: 100%
diningtable: 43%
oven: 25%
backpack: 100%
sink: 100%
book: 95%
sofa: 28%
refrigerator: 28%
book: 28%
refrigerator: 100%
book: 100%
refrigerator: 93%
book: 93%
refrigerator: 87%
book: 87%
refrigerator: 100%
book: 100%
refrigerator: 44%
book: 44%
refrigerator: 100%
book: 100%
refrigerator: 100%
book: 100%
refrigerator: 100%
book: 100%
refrigerator: 96%
book: 96%
refrigerator: 48%
book: 48%
refrigerator: 100%
book: 100%
refrigerator: 100%
book: 100%
refrigerator: 98%
book: 98%
refrigerator: 59%
book: 59%
book: 100%
refrigerator: 100%
refrigerator: 100%
refrigerator: 100%
book: 100%
refrigerator: 98%
book: 97%
book: 100%
refrigerator: 100%
book: 100%
refrigerator: 100%
book: 99%
refrigerator: 72%
book: 67%
refrigerator: 100%
book: 97%
book: 25%
refrigerator: 25%
book: 51%
refrigerator: 41%
bottle: 100%
backpack: 100%
book: 88%
backpack: 98%
bottle: 98%
book: 95%
bottle: 100%
backpack: 100%
book: 84%
book: 100%
backpack: 100%
bottle: 100%
bowl: 90%
backpack: 74%
bottle: 74%
book: 74%
backpack: 79%
bottle: 79%
book: 100%
backpack: 99%
bowl: 40%
banana: 100%
book: 69%
backpack: 69%
frisbee: 69%
sports ball: 55%
bottle: 69%
bowl: 55%
backpack: 100%
handbag: 71%
suitcase: 38%
book: 100%
book: 100%
backpack: 100%
bowl: 87%
banana: 100%
book: 100%
backpack: 28%
bottle: 100%
bottle: 60%
spoon: 55%
book: 60%
bottle: 44%
backpack: 44%
book: 44%
bowl: 100%
backpack: 74%
handbag: 29%
banana: 91%
book: 100%
book: 100%
bottle: 100%
bowl: 100%
apple: 100%
bowl: 100%
banana: 90%
book: 100%
bottle: 100%
book: 100%
spoon: 100%
bottle: 99%
vase: 62%
banana: 99%
backpack: 51%
bowl: 99%
book: 99%
bottle: 100%
bowl: 89%
book: 100%
spoon: 92%
spoon: 100%
bottle: 100%
backpack: 100%
book: 100%
vase: 98%
spoon: 100%
bottle: 100%
wine glass: 98%
vase: 100%
bottle: 100%
apple: 100%
spoon: 100%
vase: 37%
spoon: 91%
spoon: 100%
bottle: 100%
bottle: 100%
bottle: 31%
spoon: 100%
book: 100%
handbag: 100%
bowl: 100%
banana: 99%
spoon: 100%
banana: 99%
broccoli: 99%
book: 99%
spoon: 100%
spoon: 100%
book: 100%
handbag: 100%
bowl: 100%
banana: 97%
spoon: 100%
book: 100%
bottle: 100%
spoon: 100%
spoon: 99%
bottle: 99%
book: 100%
handbag: 99%
bowl: 98%
spoon: 100%
bottle: 100%
bottle: 100%
book: 100%
bottle: 100%
book: 100%
book: 100%
bottle: 100%
bottle: 100%
book: 100%
banana: 100%
broccoli: 99%
book: 100%
spoon: 93%
book: 100%
backpack: 29%
handbag: 99%
frisbee: 89%
bottle: 100%
book: 100%
backpack: 51%
handbag: 99%
frisbee: 86%
bottle: 100%
spoon: 100%
book: 100%
backpack: 100%
handbag: 100%
bowl: 100%
banana: 99%
book: 100%
backpack: 99%
handbag: 100%
bowl: 97%
banana: 88%
book: 100%
backpack: 100%
handbag: 100%
baseball glove: 47%
bowl: 99%
banana: 99%
spoon: 100%
book: 100%
backpack: 100%
handbag: 100%
frisbee: 99%
bottle: 100%
spoon: 48%
book: 100%
bottle: 100%
spoon: 100%
bottle: 32%
book: 100%
bottle: 100%
bottle: 100%
book: 100%
bottle: 100%
handbag: 25%
book: 100%
spoon: 100%
book: 100%
sports ball: 100%
backpack: 100%
baseball glove: 99%
bottle: 100%
carrot: 99%
book: 100%
bottle: 100%
book: 100%
book: 100%
bowl: 78%
banana: 45%
book: 100%
bottle: 100%
spoon: 100%
bottle: 90%
spoon: 100%
bottle: 100%
handbag: 62%
book: 100%
spoon: 100%
bottle: 99%
backpack: 85%
spoon: 95%
bottle: 39%
backpack: 39%
spoon: 29%
spoon: 100%
bottle: 99%
spoon: 75%
spoon: 100%
bottle: 95%
spoon: 100%
bottle: 86%
book: 100%
backpack: 87%
handbag: 100%
bowl: 100%
banana: 100%
book: 100%
handbag: 58%
frisbee: 88%
bottle: 100%
bowl: 99%
banana: 100%
spoon: 100%
bottle: 100%
book: 100%
bottle: 100%
bottle: 100%
banana: 78%
book: 100%
bottle: 100%
spoon: 100%
sports ball: 100%
bottle: 100%
cup: 100%
carrot: 100%
book: 100%
bottle: 100%
banana: 76%
book: 100%
spoon: 100%
bottle: 53%
book: 100%
handbag: 73%
bowl: 100%
banana: 100%
book: 100%
bottle: 100%
spoon: 100%
backpack: 94%
bottle: 100%
banana: 50%
book: 100%
spoon: 100%
bottle: 100%
spoon: 100%
bottle: 42%
