Total BFLOPS 65.864 

 seen 64 
data/person.jpg: Predicted in 3841.317613 seconds.
book: 100%
handbag: 87%
suitcase: 76%
backpack: 76%
book: 76%
backpack: 100%
suitcase: 100%
skateboard: 43%
bottle: 71%
laptop: 100%
diningtable: 85%
suitcase: 99%
backpack: 99%
handbag: 70%
book: 99%
backpack: 99%
book: 50%
book: 98%
book: 35%
book: 47%
book: 100%
book: 35%
book: 99%
sofa: 27%
refrigerator: 99%
book: 31%
book: 28%
book: 53%
book: 48%
refrigerator: 99%
book: 99%
book: 100%
person: 93%
refrigerator: 100%
refrigerator: 100%
book: 100%
refrigerator: 100%
book: 100%
refrigerator: 29%
book: 29%
refrigerator: 100%
book: 100%
book: 81%
refrigerator: 97%
book: 97%
refrigerator: 100%
book: 100%
refrigerator: 99%
refrigerator: 100%
book: 100%
refrigerator: 99%
book: 99%
book: 100%
refrigerator: 100%
refrigerator: 100%
book: 100%
refrigerator: 98%
book: 100%
refrigerator: 71%
refrigerator: 100%
refrigerator: 100%
book: 99%
book: 83%
person: 96%
refrigerator: 67%
book: 96%
person: 77%
book: 98%
refrigerator: 74%
book: 73%
refrigerator: 89%
book: 79%
refrigerator: 100%
person: 71%
person: 45%
refrigerator: 72%
book: 71%
refrigerator: 63%
book: 37%
refrigerator: 91%
book: 75%
refrigerator: 100%
book: 75%
book: 86%
spoon: 100%
bottle: 46%
spoon: 34%
vase: 34%
bottle: 100%
sports ball: 100%
carrot: 100%
book: 100%
book: 100%
bottle: 89%
bowl: 100%
banana: 100%
bottle: 100%
bowl: 98%
book: 100%
bottle: 68%
backpack: 37%
sports ball: 49%
cup: 68%
carrot: 68%
bottle: 100%
bowl: 55%
book: 100%
bowl: 100%
handbag: 45%
bottle: 35%
banana: 100%
book: 100%
bowl: 100%
banana: 96%
book: 100%
spoon: 97%
bottle: 97%
spoon: 99%
bottle: 99%
bottle: 100%
frisbee: 63%
book: 100%
carrot: 100%
bottle: 100%
cup: 100%
apple: 66%
book: 100%
spoon: 99%
bowl: 99%
bowl: 100%
banana: 100%
book: 100%
bowl: 100%
banana: 98%
book: 100%
bowl: 100%
banana: 100%
book: 100%
book: 42%
bowl: 42%
book: 74%
handbag: 73%
bowl: 74%
banana: 74%
bottle: 100%
backpack: 27%
sports ball: 100%
cup: 100%
carrot: 100%
book: 100%
vase: 79%
bowl: 100%
banana: 95%
book: 100%
bowl: 100%
banana: 100%
book: 100%
spoon: 100%
book: 100%
handbag: 100%
bowl: 100%
banana: 100%
spoon: 34%
bowl: 27%
carrot: 100%
sports ball: 97%
bottle: 100%
cup: 100%
book: 100%
book: 100%
handbag: 99%
bowl: 100%
banana: 100%
bowl: 100%
handbag: 100%
banana: 100%
book: 100%
bowl: 100%
banana: 100%
book: 100%
book: 100%
bowl: 100%
banana: 95%
spoon: 91%
bowl: 90%
bowl: 100%
banana: 100%
book: 100%
bowl: 100%
handbag: 27%
banana: 100%
book: 100%
book: 100%
bowl: 100%
banana: 83%
spoon: 100%
book: 100%
bowl: 100%
banana: 57%
bowl: 100%
banana: 99%
book: 100%
book: 100%
bowl: 100%
banana: 99%
bowl: 100%
banana: 100%
book: 100%
book: 100%
handbag: 73%
bowl: 100%
banana: 100%
book: 100%
bowl: 100%
banana: 87%
book: 36%
banana: 36%
bowl: 100%
bottle: 27%
banana: 100%
book: 100%
book: 100%
bowl: 100%
banana: 92%
book: 100%
handbag: 75%
bowl: 100%
banana: 100%
book: 100%
bowl: 100%
banana: 99%
bowl: 100%
banana: 100%
book: 100%
book: 100%
handbag: 83%
bowl: 100%
banana: 100%
spoon: 96%
bottle: 77%
book: 100%
bowl: 100%
banana: 100%
book: 100%
bowl: 100%
banana: 100%
spoon: 100%
bottle: 99%
spoon: 99%
bottle: 100%
backpack: 38%
bottle: 96%
spoon: 25%
spoon: 71%
spoon: 100%
bottle: 100%
book: 100%
spoon: 100%
bottle: 99%
bottle: 100%
sports ball: 100%
carrot: 100%
book: 43%
