Total BFLOPS 65.864 

 seen 64 
data/scream.jpg: Predicted in 4053.891006 seconds.
book: 29%
sofa: 61%
sofa: 41%
book: 79%
book: 28%
book: 52%
book: 46%
book: 49%
book: 76%
book: 43%
book: 39%
refrigerator: 92%
book: 92%
person: 86%
refrigerator: 27%
book: 27%
book: 100%
refrigerator: 65%
book: 65%
refrigerator: 100%
book: 100%
refrigerator: 100%
refrigerator: 100%
refrigerator: 100%
person: 76%
book: 97%
book: 100%
refrigerator: 99%
book: 100%
refrigerator: 98%
person: 100%
refrigerator: 100%
book: 99%
refrigerator: 100%
book: 93%
refrigerator: 80%
book: 80%
refrigerator: 91%
book: 91%
refrigerator: 85%
book: 85%
refrigerator: 62%
book: 62%
person: 53%
refrigerator: 48%
refrigerator: 95%
book: 95%
refrigerator: 65%
book: 65%
book: 88%
refrigerator: 88%
person: 86%
book: 81%
refrigerator: 34%
refrigerator: 91%
book: 58%
refrigerator: 89%
book: 26%
person: 44%
