ucliGUI::start /home/ecelrc/students/xteng/vlsi1/lab3/rtl/simv -ucligui 
set ucliGUI::state
set ucliGUI::state
ucliCore::getToolPID
synopsys::env hasTB
trigger_hier_stack_context_switch 0
synUtils::setDVEInitPhase 1
synopsys::dump -type VPD -file /home/ecelrc/students/xteng/vlsi1/lab3/rtl/inter.vpd -locking
synopsys::dump -autoflush on -fid VPD1
set ::dve_fid VPD1
synUtils::setDVEInitPhase 0
ucliCore::getToolPID
synUtils::sendTool -active _icl_setToolSocket /tmp/smlnp1KuGuQ
synUtils::sendTool -active {_icl_start_rpc -version "K-2015.09-SP1_Full64" -sync_file /tmp/vcs_dve_rpc.xteng.19446}
synUtils::sendTool -active {_icl_createSharedMemory /tmp/vcs_dve_general.xteng.19446}
config endofsim noexit
config onfail enable all
config syscaddplainmembers
config syscaddsourcenames
config syscaddstructtypes
synopsys::listing -disable
if { ![gui_sim_state -check active] } {error "Simulator did not start correctly" error}
#</Database>
# DVE Global setting session:
# Global: Breakpoints
# Global: Bus
# Global: Expressions
# Global: Signal Time Shift
# Global: Signal Compare
# Global: Signal Groups
synopsys::dump -add {TOP.ARM} -scope "." -depth 1 -fid VPD1
synopsys::dump -add {TOP.SLAVE} -scope "." -depth 1 -fid VPD1
synopsys::dump -add {TOP.CMU} -scope "." -depth 1 -fid VPD1
synopsys::dump -add {TOP.MASTER} -scope "." -depth 1 -fid VPD1
set _session_group_49 Group1
set Group1 "$_session_group_49"
set _session_group_50 SLAVE
set SLAVE "$_session_group_50"
set _session_group_51 Group2
set Group2 "$_session_group_51"
set _session_group_52 Group3
set Group3 "$_session_group_52"
set _session_group_53 Group4
set Group4 "$_session_group_53"
set _session_group_54 ARM
set ARM "$_session_group_54"
set _session_group_55 slave
set slave "$_session_group_55"
set _session_group_56 master
set master "$_session_group_56"
set _session_group_57 arm_memory
set arm_memory "$_session_group_57"
# Global: Highlighting
# Global: Stack
synopsys::xml {set_only_active_frame <data value="1" />}
# Post database loading setting...
# Restore C1 time
# Save global setting...
# Wave/List view global setting
# Close all empty TopLevel windows
foreach __top [gui_ekki_get_window_ids -type TopLevel] {     if { [llength [gui_ekki_get_window_ids -parent $__top]] == 0} {         gui_close_window -window $__top     } }
# DVE View/pane content session:
# Hier 'Hier.1'
catch {gui_list_select -id ${Hier.1} {TOP}}
# Data 'Data.1'
catch { gui_list_select -id ${Data.1} {TOP.databusam TOP.R6_U TOP.R0_U TOP.R1_U TOP.R2_U TOP.R3_U TOP.R4_U TOP.R5_U }}
# Source 'Source.1'
# View 'Wave.1'
set groupExD [gui_get_pref_value -category Wave -key exclusiveSG]
set origWaveHeight [gui_get_pref_value -category Wave -key waveRowHeight]
set origGroupCreationState [gui_list_create_group_when_add -wave]
