# Preference setting overrides
gui_create_pref_key -category {Globals} -key {load_detail_for_funcov} -value_type {bool} -value {false}
gui_create_pref_category -category {schem_obj_name}
gui_create_pref_key -category {schem_obj_name} -key {show_cell_and_pin_with_symbol_name} -value_type {bool} -value {false}
gui_create_pref_key -category {schem_pin_hc} -key {textExtFont} -value_type {string} -value {Helvetica,10,-1,5,50,0,0,0,0,0}

# State setting overrides
gui_state_default_create -off -ini
gui_set_state_value -category Globals -key recent_sessions -value {{gui_load_session -ignore_errors -file /home/ecelrc/students/abhat1/vlsi1_3/ssptest2session.inter.vpd.tcl}}
gui_set_state_value -category Layout -key child_assertion_size_x -value 1535
gui_set_state_value -category Layout -key child_assertion_size_y -value 357
gui_set_state_value -category Layout -key child_console_size_x -value 1535
gui_set_state_value -category Layout -key child_console_size_y -value 174
gui_set_state_value -category Layout -key child_data_coltype -value 67
gui_set_state_value -category Layout -key child_data_colvalue -value 47
gui_set_state_value -category Layout -key child_data_colvariable -value 209
gui_set_state_value -category Layout -key child_data_size_x -value 282
gui_set_state_value -category Layout -key child_data_size_y -value 424
gui_set_state_value -category Layout -key child_driver_size_x -value 1215
gui_set_state_value -category Layout -key child_driver_size_y -value 373
gui_set_state_value -category Layout -key child_hier_col3 -value {-1}
gui_set_state_value -category Layout -key child_hier_colhier -value 253
gui_set_state_value -category Layout -key child_hier_colpd -value 0
gui_set_state_value -category Layout -key child_hier_coltype -value 54
gui_set_state_value -category Layout -key child_hier_size_x -value 266
gui_set_state_value -category Layout -key child_hier_size_y -value 424
gui_set_state_value -category Layout -key child_schematic_docknewline -value false
gui_set_state_value -category Layout -key child_schematic_pos_x -value {-2}
gui_set_state_value -category Layout -key child_schematic_pos_y -value {-18}
gui_set_state_value -category Layout -key child_schematic_size_x -value 988
gui_set_state_value -category Layout -key child_schematic_size_y -value 419
gui_set_state_value -category Layout -key child_source_docknewline -value false
gui_set_state_value -category Layout -key child_source_pos_x -value {-2}
gui_set_state_value -category Layout -key child_source_pos_y -value {-18}
gui_set_state_value -category Layout -key child_source_size_x -value 990
gui_set_state_value -category Layout -key child_source_size_y -value 420
gui_set_state_value -category Layout -key child_wave_colname -value 209
gui_set_state_value -category Layout -key child_wave_colvalue -value 210
gui_set_state_value -category Layout -key child_wave_left -value 423
gui_set_state_value -category Layout -key child_wave_right -value 1033
gui_set_state_value -category Layout -key main_pos_x -value 0
gui_set_state_value -category Layout -key main_pos_y -value 53
gui_set_state_value -category Layout -key main_size_x -value 1535
gui_set_state_value -category Layout -key main_size_y -value 769
gui_set_state_value -category Layout -key stand_wave_child_docknewline -value false
gui_set_state_value -category Layout -key stand_wave_child_pos_x -value {-2}
gui_set_state_value -category Layout -key stand_wave_child_pos_y -value {-18}
gui_set_state_value -category Layout -key stand_wave_child_size_x -value 1466
gui_set_state_value -category Layout -key stand_wave_child_size_y -value 576
gui_set_state_value -category Layout -key stand_wave_top_pos_x -value 73
gui_set_state_value -category Layout -key stand_wave_top_pos_y -value 67
gui_set_state_value -category Layout -key stand_wave_top_size_x -value 1534
gui_set_state_value -category Layout -key stand_wave_top_size_y -value 765
gui_set_state_value -category Assertion -key show_assertion_type -value successes
gui_set_state_value -category Assertion -key show_cover_type -value not_covered
gui_create_state_key -category FindDialog -key m_pMatchCase -value_type bool -value false
gui_create_state_key -category FindDialog -key m_pMatchWord -value_type bool -value false
gui_create_state_key -category FindDialog -key m_pUseCombo -value_type string -value {}
gui_create_state_key -category FindDialog -key m_pWrapAround -value_type bool -value true
gui_create_state_key -category Widget_History -key TopLevel.1|qt_left_dock|DockWnd2|DLPane.1|pages|Data.1|hbox|textfilter -value_type string -value S_5_1_0_6
gui_create_state_key -category Widget_History -key {dlgSimSetup|m_setupTab|tab pages|SimTab|m_VPDCombo} -value_type string -value inter.vpd
gui_create_state_key -category Widget_History -key {dlgSimSetup|m_setupTab|tab pages|SimTab|m_argsCombo} -value_type string -value {{-ucligui }}
gui_create_state_key -category Widget_History -key {dlgSimSetup|m_setupTab|tab pages|SimTab|m_curDirCombo} -value_type string -value {/misc/scratch/abhat1/lowpower/project/Approxiamte_Computing_CNN/hw/multipliers/approx_multipliers /misc/scratch/abhat1/lowpower/project/Approxiamte_Computing_CNN/hw/multipliers /misc/scratch/abhat1/ra/vcs /home/ecelrc/students/abhat1/vlsi1_3/lab3/rtl /home/ecelrc/students/abhat1/vlsi1_lab3_s}
gui_create_state_key -category Widget_History -key {dlgSimSetup|m_setupTab|tab pages|SimTab|m_exeCombo} -value_type string -value {/misc/scratch/abhat1/lowpower/project/Approxiamte_Computing_CNN/hw/multipliers/approx_multipliers/simv /misc/scratch/abhat1/lowpower/project/Approxiamte_Computing_CNN/hw/multipliers/simv ./simv /misc/scratch/abhat1/ra/vcs/simv /home/ecelrc/students/abhat1/vlsi1_3/lab3/rtl/simv}
gui_state_default_create -off

# Begin command logging
gui_sim_run Ucli -exe ./simv -args {-ucligui  } -dir .
gui_list_select -id Hier.1 -current_item_name DRUM_tb -current_item_type Scope  -selected  { DRUM_tb   }
gui_use_schematics 
gui_path_show -objects DRUM_tb
gui_zoom -window Schematic.1 -rect { {-18713 -4147} {28761 14195} }
gui_zoom -window Schematic.1 -rect { {-484 -187} {484 187} }
gui_zoom -window Schematic.1 -rect { {-484 -187} {484 187} }
gui_close_window -window  Schematic.1
gui_use_schematics 
gui_sch_show -name DRUM_tb
gui_zoom -window Schematic.1 -rect { {-18713 -4147} {28761 14195} }
gui_zoom -window Schematic.1 -rect { {-13669 -14389} {34435 4197} }
gui_zoom -window Schematic.1 -rect { {-13669 -14389} {34435 4197} }
gui_zoom -window Schematic.1 -rect { {-13669 -14389} {34435 4197} }
gui_schematic_select -id Schematic.1 -type {cell} -parent {DRUM_tb} {DRUM_tb.drum_kMN}
gui_sch_viewport_backup -id Schematic.1 -type save
gui_sch_show -window Schematic.1 -name DRUM_tb.drum_kMN
gui_zoom -window Schematic.1 -rect { {-5259 -16455} {48250 4219} }
gui_zoom -window Schematic.1 -rect { {-5259 -16455} {48250 4219} }
gui_sch_viewport_backup -id Schematic.1 -type restore -action in -pins {} -slct_targets global
gui_schematic_clear_selection -id Schematic.1
gui_schematic_select -id Schematic.1 -type {cell} -parent {DRUM_tb.drum_kMN} {DRUM_tb.drum_kMN.U1}
gui_sch_viewport_backup -id Schematic.1 -type save
gui_sch_show -window Schematic.1 -name DRUM_tb.drum_kMN.U1
gui_zoom -window Schematic.1 -rect { {-3379 -28326} {81195 4350} }
gui_zoom -window Schematic.1 -rect { {-3379 -28326} {81195 4350} }
gui_sch_viewport_backup -id Schematic.1 -type restore -action in -pins {} -slct_targets global
gui_schematic_clear_selection -id Schematic.1
