15:13:14    16 -->                                                             [tcl] ucliGUI::connect -toolargs -ucligui -toolexe ./simv -pid 448 -toolin /tmp/vcs_20190505201311_447_abhat1..stdin -toolout /tmp/vcs_20190505201311_447_abhat1..stdout  
15:13:14    17 -->                                                                 [tcl] set ucliGUI::state
15:13:14    18 -->                                                                     [tcl] gui_update_simulator_buttons
15:13:15    19 -->                                                                         [tcl] set ucliGUI::state
15:13:15    20 -->                                                                             [tcl] ucliCore::getToolPID
15:13:15    21 -->                                                                                 [tcl] synopsys::env hasTB
15:13:15    22 -->                                                                                     [tcl] trigger_hier_stack_context_switch 0
15:13:15    23 -->                                                                                         [tcl] synUtils::setDVEInitPhase 1
15:13:15    24 -->                                                                                             [tcl] gui_get_env SIMSETUP::SIMVPD
15:13:15    25 --> ...  [tcl] synopsys::dump -type VPD -file /misc/scratch/abhat1/lowpower/project/Approxiamte_Computing_CNN/hw/multipliers/approx_multipliers/inter.vpd -locking
15:13:15    26 --> ...      [tcl] synopsys::dump -autoflush on -fid VPD0
15:13:15    27 --> ...          [tcl] set ::dve_fid VPD0
15:13:15    28 --> ...              [tcl] synUtils::setDVEInitPhase 0
15:13:15    29 --> ...                  [tcl] ucliCore::getToolPID
15:13:15    30 --> ...                      [tcl] synUtils::sendTool -active _icl_setToolSocket /tmp/smlnpa75zgv
15:13:15    31 --> ...                          [tcl] synUtils::sendTool -active {_icl_start_rpc -version "K-2015.09-SP1_Full64" -sync_file /tmp/vcs_dve_rpc.abhat1.448}
15:13:15    32 --> ...                              [tcl] synUtils::sendTool -active {_icl_createSharedMemory /tmp/vcs_dve_general.abhat1.448}
15:13:15    33 --> ...                                  [tcl] dveMisc::vbusExpand timeunit
15:13:15    34 --> ...                                      [tcl] config endofsim noexit
15:13:15    35 --> ...                                          [tcl] config onfail enable all
15:13:15    36 --> ...                                              [tcl] config syscaddplainmembers
15:13:15    37 --> ...                                                  [tcl] config syscaddsourcenames
15:13:15    38 --> ...                                                      [tcl] config syscaddstructtypes
15:13:15    39 --> ...                                                          [tcl] synopsys::listing -disable
15:13:18    40 --> ...                                                              [tcl] dveMisc::vbusExpand DRUM_tb
15:13:20    41 --> ...                                                                  [tcl] tcl_source /usr/local/packages/synopsys_2015/vcs-mx/gui/dve/auxx/gui/dve/schematic.tcl
15:13:20    42 --> ...                                                                      [tcl] tcl_source /usr/local/packages/synopsys_2015/vcs-mx/gui/dve/auxx/gui/common/schematic/base.tcl
15:13:20    43 --> ...                                                                          [tcl] tcl_source /usr/local/packages/synopsys_2015/vcs-mx/gui/dve/auxx/gui/common/schematic/enable.tcl
15:13:20    44 --> ...                                                                              [tcl] tcl_source /usr/local/packages/synopsys_2015/vcs-mx/gui/dve/auxx/gui/common/schematic/netlist.tcl
15:13:20    45 --> ...                                                                                  [tcl] tcl_source /usr/local/packages/synopsys_2015/vcs-mx/gui/dve/auxx/gui/common/schematic/method.tcl
15:13:20    46 --> ...                                                                                      [tcl] tcl_source /usr/local/packages/synopsys_2015/vcs-mx/gui/dve/auxx/gui/common/strokes/stroke_defaults.tcl
15:13:20    47 --> ...                                                                                          [tcl] tcl_source /usr/local/packages/synopsys_2015/vcs-mx/gui/dve/auxx/gui/common/dialogs/ObjectListInfo.tcl
15:13:20    48 --> ...                                                                                              [tcl] tcl_source /usr/local/packages/synopsys_2015/vcs-mx/gui/dve/auxx/gui/common/schematic/DialogPathSchematicFanInOut.tcl
15:13:20    49 --> ...                                                                                                  [tcl] tcl_source /usr/local/packages/synopsys_2015/vcs-mx/gui/dve/auxx/gui/dve/driversloads.tcl
