# Preference setting overrides
gui_create_pref_key -category {Globals} -key {load_detail_for_funcov} -value_type {bool} -value {false}
gui_create_pref_category -category {schem_obj_name}
gui_create_pref_key -category {schem_obj_name} -key {show_cell_and_pin_with_symbol_name} -value_type {bool} -value {false}
gui_create_pref_key -category {schem_pin_hc} -key {textExtFont} -value_type {string} -value {Helvetica,10,-1,5,50,0,0,0,0,0}

# State setting overrides
gui_state_default_create -off -ini
gui_set_state_value -category Globals -key recent_sessions -value {{gui_load_session -ignore_errors -file /home/ecelrc/students/xteng/vlsi1/lab3/rtl/DVEfiles//crash_11.27-22.32/dve_session11.27-22.32.tcl} {gui_load_session -ignore_errors -file /home/ecelrc/students/xteng/vlsi1/lab3/rtl/DVEfiles//crash_11.27-22.27/dve_session11.27-22.27.tcl} {gui_load_session -ignore_errors -file /home/ecelrc/students/xteng/vlsi1/lab3/rtl/DVEfiles//crash_11.27-22.26/dve_session11.27-22.26.tcl} {gui_load_session -ignore_errors -file /home/ecelrc/students/xteng/vlsi1/lab3/rtl/DVEfiles//crash_11.27-22.16/dve_session11.27-22.16.tcl} {gui_load_session -ignore_errors -file /home/ecelrc/students/xteng/vlsi1/lab3/rtl/DVEfiles//crash_11.27-22.15/dve_session11.27-22.15.tcl}}
gui_set_state_value -category Layout -key child_console_size_x -value 1535
gui_set_state_value -category Layout -key child_console_size_y -value 172
gui_set_state_value -category Layout -key child_data_size_x -value 207
gui_set_state_value -category Layout -key child_data_size_y -value 705
gui_set_state_value -category Layout -key child_driver_size_x -value 909
gui_set_state_value -category Layout -key child_driver_size_y -value 179
gui_set_state_value -category Layout -key child_hier_col3 -value {-1}
gui_set_state_value -category Layout -key child_hier_colpd -value 0
gui_set_state_value -category Layout -key child_hier_size_x -value 129
gui_set_state_value -category Layout -key child_hier_size_y -value 705
gui_set_state_value -category Layout -key child_schematic_docknewline -value false
gui_set_state_value -category Layout -key child_schematic_pos_x -value {-2}
gui_set_state_value -category Layout -key child_schematic_pos_y -value {-15}
gui_set_state_value -category Layout -key child_schematic_size_x -value 1222
gui_set_state_value -category Layout -key child_schematic_size_y -value 521
gui_set_state_value -category Layout -key child_source_docknewline -value false
gui_set_state_value -category Layout -key child_source_pos_x -value {-2}
gui_set_state_value -category Layout -key child_source_pos_y -value {-15}
gui_set_state_value -category Layout -key child_source_size_x -value 1202
gui_set_state_value -category Layout -key child_source_size_y -value 700
gui_set_state_value -category Layout -key child_wave_colname -value 220
gui_set_state_value -category Layout -key child_wave_colvalue -value 220
gui_set_state_value -category Layout -key child_wave_left -value 445
gui_set_state_value -category Layout -key child_wave_right -value 1085
gui_set_state_value -category Layout -key main_pos_x -value 0
gui_set_state_value -category Layout -key main_pos_y -value 23
gui_set_state_value -category Layout -key main_size_x -value 1535
gui_set_state_value -category Layout -key main_size_y -value 823
gui_set_state_value -category Layout -key stand_source_child_docknewline -value false
gui_set_state_value -category Layout -key stand_source_child_pos_x -value {-2}
gui_set_state_value -category Layout -key stand_source_child_pos_y -value {-15}
gui_set_state_value -category Layout -key stand_source_child_size_x -value 914
gui_set_state_value -category Layout -key stand_source_child_size_y -value 209
gui_set_state_value -category Layout -key stand_wave_child_docknewline -value false
gui_set_state_value -category Layout -key stand_wave_child_pos_x -value {-2}
gui_set_state_value -category Layout -key stand_wave_child_pos_y -value {-15}
gui_set_state_value -category Layout -key stand_wave_child_size_x -value 1540
gui_set_state_value -category Layout -key stand_wave_child_size_y -value 700
gui_set_state_value -category Layout -key stand_wave_top_pos_x -value 0
gui_set_state_value -category Layout -key stand_wave_top_pos_y -value 23
gui_set_state_value -category Layout -key stand_wave_top_size_x -value 1535
gui_set_state_value -category Layout -key stand_wave_top_size_y -value 823
gui_create_state_key -category FindDialog -key m_pMatchCase -value_type bool -value false
gui_create_state_key -category FindDialog -key m_pMatchWord -value_type bool -value false
gui_create_state_key -category FindDialog -key m_pUseCombo -value_type string -value {}
gui_create_state_key -category FindDialog -key m_pWrapAround -value_type bool -value true
gui_create_state_key -category Widget_History -key Find|m_pFindFrame|m_pFindCombo -value_type string -value recent
gui_create_state_key -category Widget_History -key TopLevel.1|qt_top_dock|&Edit|FindCombo -value_type string -value recent
gui_create_state_key -category Widget_History -key {dlgSimSetup|m_setupTab|tab pages|SimTab|m_VPDCombo} -value_type string -value inter.vpd
gui_create_state_key -category Widget_History -key {dlgSimSetup|m_setupTab|tab pages|SimTab|m_argsCombo} -value_type string -value {{-ucligui } { -ucligui}}
gui_create_state_key -category Widget_History -key {dlgSimSetup|m_setupTab|tab pages|SimTab|m_curDirCombo} -value_type string -value {/home/ecelrc/students/xteng/vlsi1/lab3/rtl /home/ecelrc/students/xteng/vlsi1/lab3 /home/ecelrc/students/xteng/vlsi1/lab3tutorial}
gui_create_state_key -category Widget_History -key {dlgSimSetup|m_setupTab|tab pages|SimTab|m_exeCombo} -value_type string -value {/home/ecelrc/students/xteng/vlsi1/lab3/rtl/simv ./simv /home/ecelrc/students/xteng/vlsi1/lab3/simv /home/ecelrc/students/xteng/vlsi1/lab3tutorial/simv}
gui_state_default_create -off

# Begin command logging
gui_sim_run Ucli -exe ./simv -args {-ucligui  } -dir .
gui_list_expand -id Hier.1   TOP
gui_list_action -id  Hier.1 TOP
gui_list_select -id Hier.1 -current_item_name TOP.CMU -current_item_type Scope  -selected  { TOP.CMU   }
gui_list_select -id Data.1 -selected  { TOP.CMU.clk_i   }
gui_list_select -id Data.1 -selected  { TOP.CMU.clk_i  TOP.CMU.clear_i  {TOP.CMU.ssp_intr_i[1:0]}  TOP.CMU.phi1  TOP.CMU.phi2  TOP.CMU.clk_o  TOP.CMU.clear_o  {TOP.CMU.cnt[1:0]}   }
gui_open_window Wave
gui_list_add -id Wave.1 -from Data.1 { TOP.CMU.clk_i TOP.CMU.clear_i {TOP.CMU.ssp_intr_i[1:0]} TOP.CMU.phi1 TOP.CMU.phi2 TOP.CMU.clk_o TOP.CMU.clear_o {TOP.CMU.cnt[1:0]} } -insertionbar
gui_wv_zoom_timerange -id  Wave.1 0 355
gui_continuetime_set -value 2000
gui_sim_continue 2000 
gui_sim_continue 2000 
gui_sim_continue 2000 
gui_sim_continue 2000 
gui_sim_continue 2000 
gui_sim_continue 2000 
gui_sim_continue 2000 
gui_sim_continue 2000 
gui_sim_continue 2000 
gui_sim_continue 2000 
gui_sim_continue 2000 
gui_sim_continue 2000 
gui_sim_continue 2000 
gui_sim_continue 2000 
gui_sim_continue 2000 
gui_sim_continue 2000 
gui_zoom -window Wave.1 -full
gui_marker_move -id  Wave.1 C1 18141
gui_close_window -window TopLevel.2
gui_list_select -id Hier.1 -current_item_name TOP.ssp -current_item_type Scope  -selected  { TOP.ssp   }
gui_list_expand -id Hier.1   TOP.ssp
gui_list_action -id  Hier.1 TOP.ssp
gui_list_select -id Data.1 -selected  { TOP.ssp.PCLK   }
gui_list_select -id Data.1 { TOP.ssp.CLEAR_B  TOP.ssp.PSEL  TOP.ssp.PWRITE  {TOP.ssp.PWDATA[7:0]}  TOP.ssp.SSPCLKIN  TOP.ssp.SSPFSSIN  TOP.ssp.SSPRXD  {TOP.ssp.PRDATA[7:0]}  TOP.ssp.SSPOE_B  TOP.ssp.SSPTXD  TOP.ssp.SSPCLKOUT  TOP.ssp.SSPFSSOUT  TOP.ssp.SSPTXINTR  TOP.ssp.SSPRXINTR  {TOP.ssp.TxDATA[7:0]}  {TOP.ssp.RxDATA[7:0]}  TOP.ssp.valid1  TOP.ssp.valid2  TOP.ssp.SENT  TOP.ssp.RECV   }
gui_open_window Wave
gui_list_add -id Wave.1 -from Data.1 { TOP.ssp.PCLK TOP.ssp.CLEAR_B TOP.ssp.PSEL TOP.ssp.PWRITE {TOP.ssp.PWDATA[7:0]} TOP.ssp.SSPCLKIN TOP.ssp.SSPFSSIN TOP.ssp.SSPRXD {TOP.ssp.PRDATA[7:0]} TOP.ssp.SSPOE_B TOP.ssp.SSPTXD TOP.ssp.SSPCLKOUT TOP.ssp.SSPFSSOUT TOP.ssp.SSPTXINTR TOP.ssp.SSPRXINTR {TOP.ssp.TxDATA[7:0]} {TOP.ssp.RxDATA[7:0]} TOP.ssp.valid1 TOP.ssp.valid2 TOP.ssp.SENT TOP.ssp.RECV } -insertionbar
gui_wv_zoom_timerange -id  Wave.1 0 355
gui_set_env SIMSETUP::SIMCURRENTDIR /home/ecelrc/students/xteng/vlsi1/lab3/rtl
gui_sim_restart -build /home/ecelrc/students/xteng/vlsi1/lab3/rtl/simv.daidir/vcs_rebuild
gui_sim_continue 2000 
gui_sim_continue 2000 
gui_sim_continue 2000 
gui_sim_continue 2000 
gui_sim_continue 2000 
gui_sim_continue 2000 
gui_sim_continue 2000 
gui_sim_continue 2000 
gui_zoom -window Wave.1 -full
gui_list_select -id Wave.1 -selected  { TOP.ssp.RECV   }
gui_list_select -id Hier.1 -current_item_name TOP -current_item_type Scope  -selected  { TOP   }
gui_list_select -id Data.1 -selected  { {TOP.R0_U[31:0]}   }
gui_list_select -id Data.1 { {TOP.R1_U[31:0]}  {TOP.R2_U[31:0]}  {TOP.R3_U[31:0]}  {TOP.R4_U[31:0]}  {TOP.R5_U[31:0]}  {TOP.R6_U[31:0]}  {TOP.R7_U[31:0]}  {TOP.R8_U[31:0]}  {TOP.R9_U[31:0]}  {TOP.R10_U[31:0]}   }
gui_list_add -id Wave.1 -from Data.1 { {TOP.R0_U[31:0]} {TOP.R1_U[31:0]} {TOP.R2_U[31:0]} {TOP.R3_U[31:0]} {TOP.R4_U[31:0]} {TOP.R5_U[31:0]} {TOP.R6_U[31:0]} {TOP.R7_U[31:0]} {TOP.R8_U[31:0]} {TOP.R9_U[31:0]} {TOP.R10_U[31:0]} } -insertionbar
gui_sim_restart -build /home/ecelrc/students/xteng/vlsi1/lab3/rtl/simv.daidir/vcs_rebuild
gui_sim_continue 2000 
gui_marker_move -id  Wave.1 C1 5377
gui_sim_continue 2000 
gui_marker_move -id  Wave.1 C1 5377
gui_sim_continue 2000 
gui_sim_continue 2000 
gui_sim_continue 2000 
gui_sim_continue 2000 
gui_sim_continue 2000 
gui_marker_move -id  Wave.1 C1 5340
gui_sim_continue 2000 
gui_get_drivers -id Wave.1 -signal TOP.ssp.SSPTXD
gui_sim_continue 2000 
gui_marker_move -id  Wave.1 C1 11686
gui_zoom -window Wave.1 -full
gui_close_window -window TopLevel.2
gui_list_expand -id Hier.1   TOP
gui_list_action -id  Hier.1 TOP
gui_list_select -id Hier.1 -current_item_name TOP.ARM -current_item_type Scope  -selected  { TOP.ARM   }
gui_list_select -id Hier.1 -current_item_name TOP.SLAVE -current_item_type Scope  -selected  { TOP.SLAVE   }
gui_list_select -id Hier.1 -current_item_name TOP.MEM -current_item_type Scope  -selected  { TOP.MEM   }
gui_list_select -id Data.1 -selected  { {TOP.MEM.dataBus[31:0]}   }
gui_list_select -id Data.1 -selected  { {TOP.MEM.dataBus[31:0]}  {TOP.MEM.addressBus[25:0]}  TOP.MEM.r  TOP.MEM.w  TOP.MEM.phi1  TOP.MEM.phi2  {TOP.MEM.wordAddress[31:0]}  {TOP.MEM.value[31:0]}  {TOP.MEM.mem[0:81920][31:0]}   }
gui_open_window Wave
gui_list_add -id Wave.1 -from Data.1 { {TOP.MEM.dataBus[31:0]} {TOP.MEM.addressBus[25:0]} TOP.MEM.r TOP.MEM.w TOP.MEM.phi1 TOP.MEM.phi2 {TOP.MEM.wordAddress[31:0]} {TOP.MEM.value[31:0]} {TOP.MEM.mem[0:81920][31:0]} } -insertionbar
