set ucliGUI::state
set ucliGUI::state
ucliCore::getToolPID
synopsys::env hasTB
trigger_hier_stack_context_switch 0
synUtils::setDVEInitPhase 1
synopsys::dump -type VPD -file /home/ecelrc/students/xteng/vlsi1/lab3/rtl/inter.vpd -locking
synopsys::dump -autoflush on -fid VPD0
set ::dve_fid VPD0
synUtils::setDVEInitPhase 0
ucliCore::getToolPID
synUtils::sendTool -active _icl_setToolSocket /tmp/smlnprRQJsh
synUtils::sendTool -active {_icl_start_rpc -version "K-2015.09-SP1_Full64" -sync_file /tmp/vcs_dve_rpc.xteng.22147}
synUtils::sendTool -active {_icl_createSharedMemory /tmp/vcs_dve_general.xteng.22147}
config endofsim noexit
config onfail enable all
config syscaddplainmembers
config syscaddsourcenames
config syscaddstructtypes
synopsys::listing -disable
synopsys::dump -add {TOP.MASTER.ack_i TOP.MASTER.addressBus TOP.MASTER.adr_o TOP.MASTER.clk_i TOP.MASTER.cyc_o TOP.MASTER.dat_i TOP.MASTER.dat_i_temp TOP.MASTER.dat_o TOP.MASTER.dataBus TOP.MASTER.mem_req TOP.MASTER.memoryRead TOP.MASTER.memoryWrite TOP.MASTER.next_state TOP.MASTER.rst_i TOP.MASTER.state TOP.MASTER.stb_o TOP.MASTER.taga_o TOP.MASTER.we_o } -aggregates  -fid VPD0
