Chronologic VCS simulator copyright 1991-2015
Contains Synopsys proprietary information.
Compiler version K-2015.09-SP1_Full64; Runtime version K-2015.09-SP1_Full64;  Nov 27 22:40 2018
VCD+ Writer K-2015.09-SP1_Full64 Copyright (c) 1991-2015 by Synopsys Inc.
The file '/home/ecelrc/students/xteng/vlsi1/lab3/rtl/inter.vpd' was opened successfully.
---------------------------------------------

The tool has just detected a severe internal error:

SEGV exception handled in internal functions.


Release = 'K-2015.09-SP1_Full64'  Architecture = 'amd64'  Program = 'DVE'

'33090154 33127706 33129758 237167125872'

---------------------------------------------
=======================DVE Context and Call Stack=========================

An unexpected termination has occurred in /usr/local/packages/synopsys_2015/vcs-mx//gui/dve/linux64/bin/dve.exeHostname luigi

VPD API Function hfGetReadObj Handle1="TOP.MEM.addressBus" 
Function="fieldViewGroupItem::doDrop, View: wave view, Operation: drop on group, Parameters: group name: Group1" 
Tcl="gui_list_add -id Wave.1 -from Data.1  {TOP.MEM.addressBus[25:0]}  -insertionbar " 
Tcl="gui_eval_and_log_cmd gui_list_add -id Wave.1 -from Data.1  {TOP.MEM.addressBus[25:0]}  -insertionbar " 
Command line: /usr/local/packages/synopsys_2015/vcs-mx//gui/dve/linux64/bin/dve.exe -full64 -ucliplatform=linux64 -toolargs "-ucligui -toolexe ./simv  -pid 57224" -toolin /tmp/vcs_20181128044003_57222_xteng..stdin -toolout /tmp/vcs_20181128044003_57222_xteng..stdout

--- Stack trace follows:
[New LWP 59121]
[New LWP 58602]
[Thread debugging using libthread_db enabled]
Using host libthread_db library "/lib64/libthread_db.so.1".
0x00000037384ac8dd in waitpid () from /lib64/libc.so.6

Thread 3 (Thread 0x7fbee1bda700 (LWP 58602)):
#0  0x0000003738c0ba5e in pthread_cond_timedwait@@GLIBC_2.3.2 () from /lib64/libpthread.so.0
#1  0x00000000028b422b in ?? ()
#2  0x00000000028b46be in QThread::msleep(unsigned long) ()
#3  0x00000000010d9ee6 in ag::dveXThread::run() ()
#4  0x00000000028b43ba in QThreadInstance::start(void*) ()
#5  0x0000003738c07aa1 in start_thread () from /lib64/libpthread.so.0
#6  0x00000037384e8c4d in clone () from /lib64/libc.so.6

Thread 2 (Thread 0x7fbee11d9700 (LWP 59121)):
#0  0x00000037384db80d in read () from /lib64/libc.so.6
#1  0x0000003738471bc8 in _IO_new_file_underflow () from /lib64/libc.so.6
#2  0x00000037384736ce in _IO_default_uflow_internal () from /lib64/libc.so.6
#3  0x0000003738467daa in _IO_getline_info_internal () from /lib64/libc.so.6
#4  0x0000003738466c09 in fgets () from /lib64/libc.so.6
#5  0x00000000011f26b3 in ag::dveSmlSocket::run() ()
#6  0x00000000028b43ba in QThreadInstance::start(void*) ()
#7  0x0000003738c07aa1 in start_thread () from /lib64/libpthread.so.0
#8  0x00000037384e8c4d in clone () from /lib64/libc.so.6

Thread 1 (Thread 0x7fbee220d800 (LWP 57238)):
#0  0x00000037384ac8dd in waitpid () from /lib64/libc.so.6
#1  0x000000373843e4e9 in do_system () from /lib64/libc.so.6
#2  0x000000373843e820 in system () from /lib64/libc.so.6
#3  0x00007fbee3cf8fd8 in SNPSle_10ee25eff68cd8461c9146fa1d0b35e87067f3c8015b313e639d2928478c79b3f673f99203bcf8be64600612100082236bffb2007f1e0ef9 () from /usr/local/packages/synopsys_2015/vcs-mx//linux64/lib/liberrorinf.so
#4  0x00007fbee3cf956d in SNPSle_10ee25eff68cd8461c9146fa1d0b35e87067f3c8015b313e81c34e9ac4c8988ef4a6e067b3aa9271e9f15440f9e8f69ebc77e2fd65860faa () from /usr/local/packages/synopsys_2015/vcs-mx//linux64/lib/liberrorinf.so
#5  0x00007fbee3cfa87b in SNPSle_10ee25eff68cd8461c9146fa1d0b35e87067f3c8015b313efba706aab251478fa49e66610e453774633a6c152e7ef778f2202cda681f3d4e () from /usr/local/packages/synopsys_2015/vcs-mx//linux64/lib/liberrorinf.so
#6  0x00007fbee3cf3645 in SNPSle_d35ca1ff70d465c2b9b1a72eee90a506fdd009d3de3db1de () from /usr/local/packages/synopsys_2015/vcs-mx//linux64/lib/liberrorinf.so
#7  0x0000000001f97cc5 in ag::logErrorMessage(ag::errorType, QString const&, bool) ()
#8  0x0000000001f9851e in ?? ()
#9  <signal handler called>
#10 0x00007fbee40478f8 in SNPSle_2d2fd458016b40097d0688eee77b7402178a6ba9744a41493c9afd8a78f4a4d152b6e1a6ec18d33e652faadf2b1ec82418a4e12ed335a47ea0c3d0d965a5f0e9e573a3886a4c0e943e2eb226ea2fbaf5 () from /usr/local/packages/synopsys_2015/vcs-mx//linux64/lib/libhflib.so
#11 0x00007fbee4044ba3 in SNPSle_2d2fd458016b400992fd9ab2a0fdb32ce4260519f2267c0d75f1fd6ba959e1cfb909613bd638ab7454046259df32282dba17b966373529eb8c60bafa79304086d6d3c5102adcc02c () from /usr/local/packages/synopsys_2015/vcs-mx//linux64/lib/libhflib.so
#12 0x00007fbee4046661 in SNPSle_2d2fd458016b400992fd9ab2a0fdb32c6f2b844c48b17d83df25b9e183b1601bee55d6829cbd16f320fdd5ef41ed8b40507b3cd523561a430ea48b1012386f73ade201d47d2de403c79c27cf7a97e1669573370d35e1857d () from /usr/local/packages/synopsys_2015/vcs-mx//linux64/lib/libhflib.so
#13 0x00007fbee4046772 in SNPSle_2d2fd458016b40091440d223d498268aa254c09b6b8ebd2c85f663914c00ec949387b982aa59f5ddeee03769aa003a27 () from /usr/local/packages/synopsys_2015/vcs-mx//linux64/lib/libhflib.so
#14 0x00007fbee403fa3a in SNPSle_2d2fd458016b4009011b4e28906103fefb0bf8c59f9eac831695bab6bbd4fc7469a06e026c65e15b192fa0f4252c87c0 () from /usr/local/packages/synopsys_2015/vcs-mx//linux64/lib/libhflib.so
#15 0x00007fbee402d52e in SNPSle_2d2fd458016b4009cc77f49b0e43bc98da027ad471f98d879130cc234e82f2e2a790519a38a3163a () from /usr/local/packages/synopsys_2015/vcs-mx//linux64/lib/libhflib.so
#16 0x00007fbee405565a in SNPSle_8d1b2179acedd1750d9ea76e91c880e6697d0235e2188a318e4307e320e143a0 () from /usr/local/packages/synopsys_2015/vcs-mx//linux64/lib/libhflib.so
#17 0x00007fbee406c9d4 in SNPSle_e67072563947ded775fb6688f9bb34d7 () from /usr/local/packages/synopsys_2015/vcs-mx//linux64/lib/libhflib.so
#18 0x0000000001b836c8 in ag::valLoaderList::getLoaderID(ag::metaParentObj const&, ag::infLoader*&, bool&) const ()
#19 0x0000000001b83913 in ag::valLoaderList::getLoader(ag::metaParentObj const&) const ()
#20 0x0000000001bf66f5 in ag::metaDbObj::createLoader(ag::infLoaderList&) const ()
#21 0x0000000001c440d0 in ag::metaParentObj::createLoader() const ()
#22 0x0000000001931b69 in ag::fieldViewWaveItem::initializeItem() ()
#23 0x000000000199c3d9 in ag::waveListView::evaluateVisibleItems() ()
#24 0x0000000001923f81 in ag::fieldViewGroupItem::doDrop(QMimeSource*, QWidget*, bool, QDropEvent::Action, bool) ()
#25 0x00000000018dc543 in ag::dataView::addItemInsert(QListViewItem*, ag::metaBaseObjDrag&) ()
#26 0x00000000019a6319 in ag::waveListView::addItem(QListViewItem*, ll_list_s*) ()
#27 0x00000000018daabf in ag::dataView::tclAdd(QString const&, ll_list_s*, bool, char const*) ()
#28 0x0000000001910e3c in ag::gui_list_add_cmd(void*, cci_interp_s*, ll_list_s*) ()
#29 0x000000000267a83e in cci_check_command ()
#30 0x00000000027ecd9f in TclInvokeStringCommand ()
#31 0x00000000027ee3c2 in TclEvalObjvInternal ()
#32 0x00000000027ee70f in Tcl_EvalEx ()
#33 0x00000000027ef393 in Tcl_EvalObjEx ()
#34 0x00000000027f545e in Tcl_EvalObjCmd ()
#35 0x00000000027ee3c2 in TclEvalObjvInternal ()
#36 0x0000000002812e49 in ?? ()
#37 0x00000000028178a6 in TclCompEvalObj ()
#38 0x000000000283bad0 in TclObjInterpProc ()
#39 0x00000000027ee3c2 in TclEvalObjvInternal ()
#40 0x00000000027ef20b in Tcl_EvalObjv ()
#41 0x00000000027ef36e in Tcl_EvalObjEx ()
#42 0x000000000283c0c7 in Tcl_UplevelObjCmd ()
#43 0x00000000027ee3c2 in TclEvalObjvInternal ()
#44 0x0000000002812e49 in ?? ()
#45 0x00000000028178a6 in TclCompEvalObj ()
#46 0x00000000027ef3c4 in Tcl_EvalObjEx ()
#47 0x00000000027f595b in Tcl_CatchObjCmd ()
#48 0x00000000027ee3c2 in TclEvalObjvInternal ()
#49 0x0000000002812e49 in ?? ()
#50 0x00000000028178a6 in TclCompEvalObj ()
#51 0x000000000283bad0 in TclObjInterpProc ()
#52 0x00000000027ee3c2 in TclEvalObjvInternal ()
#53 0x00000000027ef20b in Tcl_EvalObjv ()
#54 0x000000000282b429 in ?? ()
#55 0x00000000027ee3c2 in TclEvalObjvInternal ()
#56 0x0000000002812e49 in ?? ()
#57 0x00000000028178a6 in TclCompEvalObj ()
#58 0x000000000283bad0 in TclObjInterpProc ()
#59 0x00000000027ee3c2 in TclEvalObjvInternal ()
#60 0x00000000027ef20b in Tcl_EvalObjv ()
#61 0x00000000027ef36e in Tcl_EvalObjEx ()
#62 0x000000000283c0c7 in Tcl_UplevelObjCmd ()
#63 0x00000000027ee3c2 in TclEvalObjvInternal ()
#64 0x0000000002812e49 in ?? ()
#65 0x00000000028178a6 in TclCompEvalObj ()
#66 0x00000000027ef3c4 in Tcl_EvalObjEx ()
#67 0x00000000027f595b in Tcl_CatchObjCmd ()
#68 0x00000000027ee3c2 in TclEvalObjvInternal ()
#69 0x0000000002812e49 in ?? ()
#70 0x00000000028178a6 in TclCompEvalObj ()
#71 0x000000000283bad0 in TclObjInterpProc ()
#72 0x00000000027ee3c2 in TclEvalObjvInternal ()
#73 0x00000000027ef20b in Tcl_EvalObjv ()
#74 0x000000000282b429 in ?? ()
#75 0x00000000027ee3c2 in TclEvalObjvInternal ()
#76 0x0000000002812e49 in ?? ()
#77 0x00000000028178a6 in TclCompEvalObj ()
#78 0x00000000027ef3c4 in Tcl_EvalObjEx ()
#79 0x00000000027fc8c9 in Tcl_SwitchObjCmd ()
#80 0x00000000027ee3c2 in TclEvalObjvInternal ()
#81 0x0000000002812e49 in ?? ()
#82 0x00000000028178a6 in TclCompEvalObj ()
#83 0x000000000283bad0 in TclObjInterpProc ()
#84 0x00000000027ee3c2 in TclEvalObjvInternal ()
#85 0x00000000027ef20b in Tcl_EvalObjv ()
#86 0x00000000027ef36e in Tcl_EvalObjEx ()
#87 0x000000000283c0c7 in Tcl_UplevelObjCmd ()
#88 0x00000000027ee3c2 in TclEvalObjvInternal ()
#89 0x0000000002812e49 in ?? ()
#90 0x00000000028178a6 in TclCompEvalObj ()
#91 0x00000000027ef3c4 in Tcl_EvalObjEx ()
#92 0x00000000027f595b in Tcl_CatchObjCmd ()
#93 0x00000000027ee3c2 in TclEvalObjvInternal ()
#94 0x0000000002812e49 in ?? ()
#95 0x00000000028178a6 in TclCompEvalObj ()
#96 0x000000000283bad0 in TclObjInterpProc ()
#97 0x00000000027ee3c2 in TclEvalObjvInternal ()
#98 0x00000000027ef20b in Tcl_EvalObjv ()
#99 0x000000000282b429 in ?? ()
#100 0x00000000027ee3c2 in TclEvalObjvInternal ()
#101 0x00000000027ee70f in Tcl_EvalEx ()
#102 0x00000000026778bc in ?? ()
#103 0x000000000222d679 in ek_exec_cci_command_2(EkTclObjHandle&, cci_interp_s*, char const*, int, int, int, int, int, int, int) ()
#104 0x0000000002227910 in EkTclShellExecImpl::TExecCommandIF::runCommand(QString&) ()
#105 0x0000000002230e00 in EkShellExecutionImpl::TExecCommand::run() ()
#106 0x000000000223075d in EkShellExecutionImpl::startRun(EkShellExecutionImpl::TExecCommand*, EkTriState, EkTriState) ()
#107 0x00000000022308b0 in EkShellExecutionImpl::executeSync(QString const&, bool, bool, bool, QString*, EkShellDefs::TCmdSrc, bool, EkTriState, EkTriState, bool) ()
#108 0x0000000001f9b4b0 in utilEkShellImpl::executeSync(QString const&, bool, bool, bool, QString*, EkShellDefs::TCmdSrc, bool, EkTriState, EkTriState, bool) ()
#109 0x00000000021c6e3d in EkTclAction::slotExecTcl() ()
#110 0x00000000021c6e75 in EkTclAction::slotExecTclFromAccel() ()
#111 0x00000000021dbe3c in EkTclAction::qt_invoke(int, QUObject*) ()
#112 0x0000000002908012 in QObject::activate_signal(QConnectionList*, QUObject*) ()
#113 0x0000000002b7609c in QSignal::signal(QVariant const&) ()
#114 0x0000000002918c7f in QSignal::activate() ()
#115 0x00000000028b8580 in QAccelPrivate::activate(QAccelItem*) ()
#116 0x00000000028b8a94 in QAccelManager::dispatchAccelEvent(QWidget*, QKeyEvent*) ()
#117 0x00000000028baf80 in QApplication::notify(QObject*, QEvent*) ()
#118 0x000000000200b627 in EkExtQtApp::notify(QObject*, QEvent*) ()
#119 0x0000000001fddc47 in ag::baseQtApp::notify(QObject*, QEvent*) ()
#120 0x00000000028b7bba in QAccelManager::tryAccelEvent(QWidget*, QKeyEvent*) ()
#121 0x0000000002864b8e in QETWidget::translateKeyEvent(_XEvent const*, bool) ()
#122 0x000000000286f939 in QApplication::x11ProcessEvent(_XEvent*) ()
#123 0x000000000287d1fa in QEventLoop::processEvents(unsigned int) ()
#124 0x000000000111b751 in ag::ovaEventLoop::processEvents(unsigned int) ()
#125 0x00000000028cab69 in QEventLoop::enterLoop() ()
#126 0x00000000028caaca in QEventLoop::exec() ()
#127 0x000000000111b0bf in run_cci_event_loop ()
#128 0x00000000010daab4 in ag::ovaAppInst::enterEventLoop(int, char**) ()
#129 0x0000000000de3aa9 in main ()
Completed context dump data 'VPD API Function'
==========================================================================
