Chronologic VCS simulator copyright 1991-2015
Contains Synopsys proprietary information.
Compiler version K-2015.09-SP1_Full64; Runtime version K-2015.09-SP1_Full64;  Apr 30 11:48 2019
VCD+ Writer K-2015.09-SP1_Full64 Copyright (c) 1991-2015 by Synopsys Inc.
The file '/misc/scratch/abhat1/lowpower/project/Approxiamte_Computing_CNN/hw/multipliers/inter.vpd' was opened successfully.
/generic.sdb'
/vcs.sdb'
/vcs.sdb'
/vcs.sdb'
/generic.sdb'
dve> 
dve> 
dve> 
dve> 
dve> 
dve> 
dve> 
dve> 
dve> 
dve> 
dve> 
dve> 
           V C S   S i m u l a t i o n   R e p o r t 
Time: 00 ps
CPU Time:      0.680 seconds;       Data structure size:   0.4Mb
Thu May  2 00:39:58 2019
