19:19:07    313 --> ...                                                      [tcl] ucliGUI::start /misc/scratch/abhat1/lowpower/project/Approxiamte_Computing_CNN/hw/multipliers/simv -ucligui 
19:19:07    314 --> ...                                                          [tcl] set ucliGUI::state
19:19:07    315 --> ...                                                              [tcl] gui_update_simulator_buttons
19:19:08    316 --> ...                                                                  [tcl] set ucliGUI::state
19:19:08    317 --> ...                                                                      [tcl] ucliCore::getToolPID
19:19:08    318 --> ...                                                                          [tcl] synopsys::env hasTB
19:19:08    319 --> ...                                                                              [tcl] trigger_hier_stack_context_switch 0
19:19:08    320 --> ...                                                                                  [tcl] synUtils::setDVEInitPhase 1
19:19:08    321 --> ...                                                                                      [tcl] gui_get_env SIMSETUP::SIMVPD
19:19:08    322 --> ...                                                                                          [tcl] synopsys::dump -type VPD -file /misc/scratch/abhat1/lowpower/project/Approxiamte_Computing_CNN/hw/multipliers/inter.vpd -locking
19:19:08    323 --> ...                                                                                              [tcl] synopsys::dump -autoflush on -fid VPD2
19:19:08    324 --> ...                                                                                                  [tcl] set ::dve_fid VPD2
19:19:08    325 --> ...  [tcl] synUtils::setDVEInitPhase 0
19:19:08    326 --> ...      [tcl] ucliCore::getToolPID
19:19:08    327 --> ...          [tcl] synUtils::sendTool -active _icl_setToolSocket /tmp/smlnpCILuGz
19:19:08    328 --> ...              [tcl] synUtils::sendTool -active {_icl_start_rpc -version "K-2015.09-SP1_Full64" -sync_file /tmp/vcs_dve_rpc.abhat1.15886}
19:19:08    329 --> ...                  [tcl] synUtils::sendTool -active {_icl_createSharedMemory /tmp/vcs_dve_general.abhat1.15886}
19:19:08    330 --> ...                      [tcl] config endofsim noexit
19:19:08    331 --> ...                          [tcl] config onfail enable all
19:19:08    332 --> ...                              [tcl] config syscaddplainmembers
19:19:08    333 --> ...                                  [tcl] config syscaddsourcenames
19:19:08    334 --> ...                                      [tcl] config syscaddstructtypes
19:19:08    335 --> ...                                          [tcl] synopsys::listing -disable
19:19:08    336 --> ...                                              [tcl] # Begin_DVE_Session_Save_Info
19:19:08    337 --> ...                                                  [tcl] # DVE restart session
19:19:08    338 --> ...                                                      [tcl] # Saved on Sun Apr 28 19:19:05 2019
19:19:08    339 --> ...                                                          [tcl] # Designs open: 1
19:19:08    340 --> ...                                                              [tcl] #   Sim: /misc/scratch/abhat1/lowpower/project/Approxiamte_Computing_CNN/hw/multipliers/simv
19:19:08    341 --> ...                                                                  [tcl] # Toplevel windows open: 2
19:19:08    342 --> ...                                                                      [tcl] # 	TopLevel.1
19:19:08    343 --> ...                                                                          [tcl] # 	TopLevel.2
19:19:08    344 --> ...                                                                              [tcl] #   Source.1: timeunit
19:19:08    345 --> ...                                                                                  [tcl] #   Wave.1: 3 signals
19:19:08    346 --> ...                                                                                      [tcl] #   Group count = 1
19:19:08    347 --> ...                                                                                          [tcl] #   Group Group1 signal count = 3
19:19:08    348 --> ...                                                                                              [tcl] # End_DVE_Session_Save_Info
19:19:08    349 --> ...                                                                                                  [tcl] # DVE version: K-2015.09-SP1_Full64
19:19:08    350 --> ...  [tcl] # DVE build date: Nov 24 2015 21:15:24
19:19:08    351 --> ...      [tcl] #<Session mode="Restart" path=".restartSimSession.tcl" type="Debug">
19:19:08    352 --> ...          [tcl] gui_set_loading_session_type Restart
19:19:08    353 --> ...              [tcl] gui_continuetime_set
19:19:08    354 --> ...                  [tcl] gui_clear_window -type Wave
19:19:08    355 --> ...                      [tcl] gui_clear_window -type List
19:19:08    356 --> ...                          [tcl] # Application preferences
19:19:08    357 --> ...                              [tcl] gui_set_pref_value -key app_default_font -value {Helvetica,10,-1,5,50,0,0,0,0,0}
19:19:08    358 --> ...                                  [tcl] gui_src_preferences -tabstop 8 -maxbits 24 -windownumber 1
19:19:08    359 --> ...                                      [tcl] #<WindowLayout>
19:19:08    360 --> ...                                          [tcl] # DVE top-level session
19:19:08    361 --> ...                                              [tcl] # Create and position top-level window: TopLevel.1
19:19:08    362 --> ...                                                  [tcl] set TopLevel.1 TopLevel.1
19:19:08    363 --> ...                                                      [tcl] # Docked window settings
19:19:08    364 --> ...                                                          [tcl] set HSPane.1 HSPane.1
19:19:08    365 --> ...                                                              [tcl] set Hier.1 Hier.1
19:19:08    366 --> ...                                                                  [tcl] set DLPane.1 DLPane.1
19:19:08    367 --> ...                                                                      [tcl] set Data.1 Data.1
19:19:08    368 --> ...                                                                          [tcl] set Console.1 Console.1
19:19:08    369 --> ...                                                                              [tcl] gui_sync_global -id ${TopLevel.1} -option true
19:19:08    370 --> ...                                                                                  [tcl] # MDI window settings
19:19:08    371 --> ...                                                                                      [tcl] set Source.1 Source.1
19:19:08    372 --> ...                                                                                          [tcl] gui_update_layout -id ${Source.1} {{show_state maximized} {dock_state undocked} {dock_on_new_line false}}
19:19:08    373 --> ...                                                                                              [tcl] # End MDI window settings
19:19:08    374 --> ...                                                                                                  [tcl] # Create and position top-level window: TopLevel.2
19:19:08    375 --> ...  [tcl] set TopLevel.2 TopLevel.2
19:19:08    376 --> ...      [tcl] # Docked window settings
19:19:08    377 --> ...          [tcl] gui_sync_global -id ${TopLevel.2} -option true
19:19:08    378 --> ...              [tcl] # MDI window settings
19:19:08    379 --> ...                  [tcl] set Wave.1 Wave.1
19:19:08    380 --> ...                      [tcl] gui_update_layout -id ${Wave.1} {{show_state maximized} {dock_state undocked} {dock_on_new_line false} {child_wave_left 424} {child_wave_right 1035} {child_wave_colname 210} {child_wave_colvalue 210} {child_wave_col1 0} {child_wave_col2 1}}
19:19:08    381 --> ...                          [tcl] # End MDI window settings
19:19:08    382 --> ...                              [tcl] #</WindowLayout>
19:19:08    383 --> ...                                  [tcl] #<Database>
19:19:08    384 --> ...                                      [tcl] gui_set_precision 10ps
19:19:08    385 --> ...                                          [tcl] gui_set_time_units 1ps
19:19:08    386 --> ...                                              [tcl] #</Database>
19:19:08    387 --> ...                                                  [tcl] # DVE Global setting session:
19:19:08    388 --> ...                                                      [tcl] # Global: Breakpoints
19:19:08    389 --> ...                                                          [tcl] # Global: Bus
19:19:08    390 --> ...                                                              [tcl] # Global: Expressions
19:19:08    391 --> ...                                                                  [tcl] # Global: Signal Time Shift
19:19:08    392 --> ...                                                                      [tcl] # Global: Signal Compare
19:19:08    393 --> ...                                                                          [tcl] # Global: Signal Groups
19:19:08    394 --> ...                                                                              [tcl] gui_load_child_values {wallace_16bit_tb}
19:19:08    395 --> ...                                                                                  [tcl] synopsys::dump -add {wallace_16bit_tb} -scope "." -depth 1 -fid VPD2
19:19:08    396 --> ...                                                                                      [tcl] set _session_group_2 Group1
19:19:08    397 --> ...                                                                                          [tcl] gui_sg_create "$_session_group_2"
19:19:08    398 --> ...                                                                                              [tcl] set Group1 "$_session_group_2"
19:19:08    399 --> ...                                                                                                  [tcl] gui_sg_addsignal -group "$_session_group_2" { wallace_16bit_tb.Product_wall_16 wallace_16bit_tb.A wallace_16bit_tb.B }
19:19:08    400 --> ...  [tcl] # Global: Highlighting
19:19:08    401 --> ...      [tcl] # Global: Stack
19:19:08    402 --> ...          [tcl] gui_change_stack_mode -mode list
19:19:08    403 --> ...              [tcl] # Post database loading setting...
19:19:08    404 --> ...                  [tcl] # Save global setting...
19:19:08    405 --> ...                      [tcl] # Wave/List view global setting
19:19:08    406 --> ...                          [tcl] gui_cov_show_value -switch false
19:19:08    407 --> ...                              [tcl] # Close all empty TopLevel windows
19:19:08    408 --> ...                                  [tcl] foreach __top [gui_ekki_get_window_ids -type TopLevel] {     if { [llength [gui_ekki_get_window_ids -parent $__top]] == 0} {         gui_close_window -window $__top     } }
19:19:08    409 --> ...                                      [tcl] gui_set_loading_session_type noSession
19:19:08    410 --> ...                                          [tcl] # DVE View/pane content session:
19:19:08    411 --> ...                                              [tcl] # Hier 'Hier.1'
19:19:08    412 --> ...                                                  [tcl] gui_show_window -window ${Hier.1}
19:19:08    413 --> ...                                                      [tcl] gui_list_set_filter -id ${Hier.1} -list { {Package 1} {All 0} {Process 1} {VirtPowSwitch 0} {UnnamedProcess 1} {UDP 0} {Function 1} {Block 1} {SrsnAndSpaCell 0} {OVA Unit 1} {LeafScCell 1} {LeafVlgCell 1} {Interface 1} {LeafVhdCell 1} {$unit 1} {NamedBlock 1} {Task 1} {VlgPackage 1} {ClassDef 1} {VirtIsoCell 0} }
19:19:08    414 --> ...                                                          [tcl] gui_list_set_filter -id ${Hier.1} -text {*}
19:19:08    415 --> ...                                                              [tcl] gui_change_design -id ${Hier.1} -design Sim
19:19:09    416 --> ...                                                                  [tcl] catch {gui_list_select -id ${Hier.1} {wallace_16bit_tb}}
19:19:09    417 --> ...                                                                      [tcl] dveMisc::vbusExpand wallace_16bit_tb
19:19:09    418 --> ...                                                                          [tcl] gui_view_scroll -id ${Hier.1} -vertical -set 0
19:19:09    419 --> ...                                                                              [tcl] gui_view_scroll -id ${Hier.1} -horizontal -set 0
19:19:09    420 --> ...                                                                                  [tcl] # Data 'Data.1'
19:19:09    421 --> ...                                                                                      [tcl] gui_list_set_filter -id ${Data.1} -list { {Buffer 1} {Input 1} {Others 1} {Linkage 1} {Output 1} {LowPower 1} {Parameter 1} {All 1} {Aggregate 1} {LibBaseMember 1} {Event 1} {Assertion 1} {Constant 1} {Interface 1} {BaseMembers 1} {Signal 1} {$unit 1} {Inout 1} {Variable 1} }
19:19:09    422 --> ...                                                                                          [tcl] gui_list_set_filter -id ${Data.1} -text {*}
19:19:09    423 --> ...                                                                                              [tcl] gui_list_show_data -id ${Data.1} {wallace_16bit_tb}
19:19:09    424 --> ...                                                                                                  [tcl] gui_show_window -window ${Data.1}
19:19:09    425 --> ...  [tcl] catch { gui_list_select -id ${Data.1} {wallace_16bit_tb.A wallace_16bit_tb.B wallace_16bit_tb.Product_wall_16 }}
19:19:09    426 --> ...      [tcl] gui_view_scroll -id ${Data.1} -vertical -set 0
19:19:09    427 --> ...          [tcl] gui_view_scroll -id ${Data.1} -horizontal -set 0
19:19:09    428 --> ...              [tcl] gui_view_scroll -id ${Hier.1} -vertical -set 0
19:19:09    429 --> ...                  [tcl] gui_view_scroll -id ${Hier.1} -horizontal -set 0
19:19:09    430 --> ...                      [tcl] # Source 'Source.1'
19:19:09    431 --> ...                          [tcl] gui_src_value_annotate -id ${Source.1} -switch false
19:19:09    432 --> ...                              [tcl] gui_set_env TOGGLE::VALUEANNOTATE 0
19:19:09    433 --> ...                                  [tcl] gui_open_source -id ${Source.1}  -replace -active timeunit /misc/scratch/abhat1/lowpower/project/Approxiamte_Computing_CNN/hw/multipliers/time
19:19:09    434 --> ...                                      [tcl] gui_view_scroll -id ${Source.1} -vertical -set 0
19:19:09    435 --> ...                                          [tcl] gui_src_set_reusable -id ${Source.1}
19:19:09    436 --> ...                                              [tcl] # View 'Wave.1'
19:19:09    437 --> ...                                                  [tcl] gui_wv_sync -id ${Wave.1} -switch false
19:19:09    438 --> ...                                                      [tcl] set groupExD [gui_get_pref_value -category Wave -key exclusiveSG]
19:19:09    439 --> ...                                                          [tcl] gui_set_pref_value -category Wave -key exclusiveSG -value {false}
19:19:09    440 --> ...                                                              [tcl] set origWaveHeight [gui_get_pref_value -category Wave -key waveRowHeight]
19:19:09    441 --> ...                                                                  [tcl] gui_list_set_height -id Wave -height 25
19:19:09    442 --> ...                                                                      [tcl] set origGroupCreationState [gui_list_create_group_when_add -wave]
19:19:09    443 --> ...                                                                          [tcl] gui_list_create_group_when_add -wave -disable
19:19:09    444 --> ...                                                                              [tcl] gui_wv_zoom_timerange -id ${Wave.1} 1503340 1505360
19:19:09    445 --> ...                                                                                  [tcl] gui_list_add_group -id ${Wave.1} -after {New Group} {Group1}
19:19:09    446 --> ...                                                                                      [tcl] gui_list_select -id ${Wave.1} {wallace_16bit_tb.Product_wall_16 }
19:19:09    447 --> ...                                                                                          [tcl] gui_seek_criteria -id ${Wave.1} {Any Edge}
19:19:09    448 --> ...                                                                                              [tcl] gui_set_env TOGGLE::DEFAULT_WAVE_WINDOW ${Wave.1}
19:19:09    449 --> ...                                                                                                  [tcl] gui_set_pref_value -category Wave -key exclusiveSG -value $groupExD
19:19:09    450 --> ...  [tcl] gui_list_set_height -id Wave -height $origWaveHeight
19:19:09    451 --> ...      [tcl] if {$origGroupCreationState} { 	gui_list_create_group_when_add -wave -enable }
19:19:09    452 --> ...          [tcl] if { $groupExD } {  gui_msg_report -code DVWW028 }
19:19:09    453 --> ...              [tcl] gui_list_set_filter -id ${Wave.1} -list { {Buffer 1} {Input 1} {Others 1} {Linkage 1} {Output 1} {Parameter 1} {All 1} {Aggregate 1} {LibBaseMember 1} {Event 1} {Assertion 1} {Constant 1} {Interface 1} {BaseMembers 1} {Signal 1} {$unit 1} {Inout 1} {Variable 1} }
19:19:09    454 --> ...                  [tcl] gui_list_set_filter -id ${Wave.1} -text {*}
19:19:09    455 --> ...                      [tcl] gui_list_set_insertion_bar  -id ${Wave.1} -group Group1  -position in
19:19:09    456 --> ...                          [tcl] gui_view_scroll -id ${Wave.1} -vertical -set 0
19:19:09    457 --> ...                              [tcl] gui_show_grid -id ${Wave.1} -enable false
19:19:09    458 --> ...                                  [tcl] # Restore toplevel window zorder
19:19:09    459 --> ...                                      [tcl] # The toplevel window could be closed if it has no view/pane
19:19:09    460 --> ...                                          [tcl] if {[gui_exist_window -window ${TopLevel.1}]} { 	gui_set_active_window -window ${TopLevel.1} 	gui_set_active_window -window ${Source.1} 	gui_set_active_window -window ${DLPane.1} }
19:19:09    461 --> ...                                              [tcl] if {[gui_exist_window -window ${TopLevel.2}]} { 	gui_set_active_window -window ${TopLevel.2} 	gui_set_active_window -window ${Wave.1} }
19:19:09    462 --> ...                                                  [tcl] #</Session>
19:19:11    463 --> ...                                                      [tcl] synopsys::run
19:19:11    464 --> ...                                                          [tcl] set ucliGUI::state
19:19:11    465 --> ...                                                              [tcl] set ucliGUI::state
19:19:11    466 --> ...                                                                  [tcl] set ucliGUI::state
19:19:11    467 --> ...                                                                      [tcl] set ucliGUI::state
19:19:11    468 --> ...                                                                          [tcl] catch {senv activeDomain} dveMisc::result 
19:19:11    469 --> ...                                                                              [tcl] set dveMisc::result
19:19:11    470 --> ...                                                                                  [tcl] gui_update_simulator_buttons
19:21:53    471 --> ...                                                                                      [tcl] if [catch {gui_sim_terminate}] {gui_sim_terminate -kill}
19:21:53    472 --> ...                                                                                          [tcl] synopsys::finish
19:21:53    473 --> ...                                                                                              [tcl] set ucliGUI::state
19:21:53    474 --> ...                                                                                                  [tcl] set ucliGUI::state
19:21:53    475 --> ...  [tcl] catch {senv activeDomain} dveMisc::result 
19:21:53    476 --> ...      [tcl] set dveMisc::result
19:21:53    477 --> ...          [tcl] gui_update_simulator_buttons
19:21:53    478 --> ...              [tcl] catch {senv activeDomain} dveMisc::result 
19:21:53    479 --> ...                  [tcl] set dveMisc::result
19:21:53    480 --> ...                      [tcl] ucli_exit
