set ucliGUI::state
set ucliGUI::state
ucliCore::getToolPID
synopsys::env hasTB
trigger_hier_stack_context_switch 0
synUtils::setDVEInitPhase 1
synopsys::dump -type VPD -file /home/ecelrc/students/xteng/vlsi1/lab3/rtl/inter.vpd -locking
synopsys::dump -autoflush on -fid VPD0
set ::dve_fid VPD0
synUtils::setDVEInitPhase 0
ucliCore::getToolPID
synUtils::sendTool -active _icl_setToolSocket /tmp/smlnpH7PMBw
synUtils::sendTool -active {_icl_start_rpc -version "K-2015.09-SP1_Full64" -sync_file /tmp/vcs_dve_rpc.xteng.24888}
synUtils::sendTool -active {_icl_createSharedMemory /tmp/vcs_dve_general.xteng.24888}
config endofsim noexit
config onfail enable all
config syscaddplainmembers
config syscaddsourcenames
config syscaddstructtypes
synopsys::listing -disable
synopsys::dump -add {TOP.cycles TOP.regsFile } -aggregates  -fid VPD0
synopsys::run -relative 200.000000s
set ucliGUI::state
set ucliGUI::state
set ucliGUI::state
set ucliGUI::state
synopsys::run -relative 200.000000s
set ucliGUI::state
set ucliGUI::state
set ucliGUI::state
set ucliGUI::state
set ucliGUI::state
synopsys::run -relative 200.000000s
set ucliGUI::state
set ucliGUI::state
set ucliGUI::state
set ucliGUI::state
set ucliGUI::state
synopsys::run -relative 200.000000s
set ucliGUI::state
set ucliGUI::state
set ucliGUI::state
set ucliGUI::state
set ucliGUI::state
synopsys::run -relative 200.000000s
set ucliGUI::state
set ucliGUI::state
set ucliGUI::state
set ucliGUI::state
set ucliGUI::state
synopsys::run -relative 200.000000s
set ucliGUI::state
set ucliGUI::state
set ucliGUI::state
set ucliGUI::state
set ucliGUI::state
synopsys::run -relative 200.000000s
set ucliGUI::state
set ucliGUI::state
set ucliGUI::state
set ucliGUI::state
set ucliGUI::state
synopsys::run -relative 200.000000s
set ucliGUI::state
set ucliGUI::state
set ucliGUI::state
set ucliGUI::state
set ucliGUI::state
synopsys::dump -add {TOP.SLAVE.ssp_sel_o TOP.SLAVE.ssp_w_o } -aggregates  -fid VPD0
synopsys::run -relative 2000.000000s
set ucliGUI::state
set ucliGUI::state
set ucliGUI::state
set ucliGUI::state
set ucliGUI::state
synopsys::run -relative 2000.000000s
set ucliGUI::state
set ucliGUI::state
set ucliGUI::state
set ucliGUI::state
set ucliGUI::state
synopsys::run -relative 2000.000000s
set ucliGUI::state
set ucliGUI::state
set ucliGUI::state
set ucliGUI::state
set ucliGUI::state
synopsys::run -relative 2000.000000s
set ucliGUI::state
set ucliGUI::state
set ucliGUI::state
set ucliGUI::state
set ucliGUI::state
synopsys::run -relative 2000.000000s
set ucliGUI::state
set ucliGUI::state
set ucliGUI::state
set ucliGUI::state
set ucliGUI::state
synopsys::run -relative 2000.000000s
set ucliGUI::state
set ucliGUI::state
set ucliGUI::state
set ucliGUI::state
set ucliGUI::state
synopsys::run -relative 2000.000000s
set ucliGUI::state
set ucliGUI::state
set ucliGUI::state
set ucliGUI::state
set ucliGUI::state
synopsys::run -relative 2000.000000s
set ucliGUI::state
set ucliGUI::state
set ucliGUI::state
set ucliGUI::state
set ucliGUI::state
synopsys::run -relative 2000.000000s
set ucliGUI::state
set ucliGUI::state
set ucliGUI::state
set ucliGUI::state
set ucliGUI::state
synopsys::run -relative 2000.000000s
set ucliGUI::state
set ucliGUI::state
set ucliGUI::state
set ucliGUI::state
set ucliGUI::state
synopsys::run -relative 2000.000000s
set ucliGUI::state
set ucliGUI::state
set ucliGUI::state
set ucliGUI::state
set ucliGUI::state
synopsys::run -relative 2000.000000s
set ucliGUI::state
set ucliGUI::state
set ucliGUI::state
set ucliGUI::state
set ucliGUI::state
synopsys::run -relative 2000.000000s
set ucliGUI::state
set ucliGUI::state
set ucliGUI::state
set ucliGUI::state
set ucliGUI::state
synopsys::run -relative 2000.000000s
set ucliGUI::state
set ucliGUI::state
set ucliGUI::state
set ucliGUI::state
set ucliGUI::state
synopsys::run -relative 2000.000000s
set ucliGUI::state
set ucliGUI::state
set ucliGUI::state
set ucliGUI::state
set ucliGUI::state
synopsys::run -relative 2000.000000s
set ucliGUI::state
set ucliGUI::state
set ucliGUI::state
set ucliGUI::state
set ucliGUI::state
synopsys::run -relative 2000.000000s
set ucliGUI::state
set ucliGUI::state
set ucliGUI::state
set ucliGUI::state
set ucliGUI::state
synopsys::run -relative 2000.000000s
set ucliGUI::state
set ucliGUI::state
set ucliGUI::state
set ucliGUI::state
set ucliGUI::state
synopsys::dump -add {TOP.MASTER.dataBus } -aggregates  -fid VPD0
synopsys::run -relative 2000.000000s
set ucliGUI::state
set ucliGUI::state
set ucliGUI::state
set ucliGUI::state
set ucliGUI::state
synopsys::run -relative 2000.000000s
set ucliGUI::state
set ucliGUI::state
set ucliGUI::state
set ucliGUI::state
set ucliGUI::state
synopsys::run -relative 2000.000000s
set ucliGUI::state
set ucliGUI::state
set ucliGUI::state
set ucliGUI::state
set ucliGUI::state
synopsys::run -relative 2000.000000s
set ucliGUI::state
set ucliGUI::state
set ucliGUI::state
set ucliGUI::state
set ucliGUI::state
synopsys::run -relative 2000.000000s
set ucliGUI::state
set ucliGUI::state
set ucliGUI::state
set ucliGUI::state
set ucliGUI::state
synopsys::run -relative 2000.000000s
set ucliGUI::state
set ucliGUI::state
set ucliGUI::state
set ucliGUI::state
set ucliGUI::state
synopsys::run -relative 2000.000000s
set ucliGUI::state
set ucliGUI::state
set ucliGUI::state
set ucliGUI::state
set ucliGUI::state
synopsys::run -relative 2000.000000s
set ucliGUI::state
set ucliGUI::state
set ucliGUI::state
set ucliGUI::state
set ucliGUI::state
synopsys::run -relative 2000.000000s
set ucliGUI::state
set ucliGUI::state
set ucliGUI::state
set ucliGUI::state
set ucliGUI::state
synopsys::run -relative 2000.000000s
set ucliGUI::state
set ucliGUI::state
set ucliGUI::state
set ucliGUI::state
set ucliGUI::state
synopsys::run -relative 2000.000000s
set ucliGUI::state
set ucliGUI::state
set ucliGUI::state
set ucliGUI::state
set ucliGUI::state
synopsys::run -relative 2000.000000s
set ucliGUI::state
set ucliGUI::state
set ucliGUI::state
set ucliGUI::state
set ucliGUI::state
synopsys::run -relative 2000.000000s
set ucliGUI::state
set ucliGUI::state
set ucliGUI::state
set ucliGUI::state
set ucliGUI::state
synopsys::run -relative 2000.000000s
set ucliGUI::state
set ucliGUI::state
set ucliGUI::state
set ucliGUI::state
set ucliGUI::state
synopsys::run -relative 2000.000000s
set ucliGUI::state
set ucliGUI::state
set ucliGUI::state
set ucliGUI::state
set ucliGUI::state
synopsys::run -relative 2000.000000s
set ucliGUI::state
set ucliGUI::state
set ucliGUI::state
set ucliGUI::state
set ucliGUI::state
synopsys::run -relative 2000.000000s
set ucliGUI::state
set ucliGUI::state
set ucliGUI::state
set ucliGUI::state
set ucliGUI::state
synopsys::run -relative 2000.000000s
set ucliGUI::state
set ucliGUI::state
set ucliGUI::state
set ucliGUI::state
set ucliGUI::state
synopsys::run -relative 2000.000000s
set ucliGUI::state
set ucliGUI::state
set ucliGUI::state
set ucliGUI::state
set ucliGUI::state
synopsys::run -relative 2000.000000s
set ucliGUI::state
set ucliGUI::state
set ucliGUI::state
set ucliGUI::state
set ucliGUI::state
synopsys::run -relative 2000.000000s
set ucliGUI::state
set ucliGUI::state
set ucliGUI::state
set ucliGUI::state
set ucliGUI::state
synopsys::run -relative 2000.000000s
set ucliGUI::state
set ucliGUI::state
set ucliGUI::state
set ucliGUI::state
set ucliGUI::state
synopsys::run -relative 2000.000000s
set ucliGUI::state
set ucliGUI::state
set ucliGUI::state
set ucliGUI::state
set ucliGUI::state
synopsys::run -relative 2000.000000s
set ucliGUI::state
set ucliGUI::state
set ucliGUI::state
set ucliGUI::state
set ucliGUI::state
synopsys::run -relative 2000.000000s
set ucliGUI::state
set ucliGUI::state
set ucliGUI::state
set ucliGUI::state
set ucliGUI::state
synopsys::run -relative 2000.000000s
set ucliGUI::state
set ucliGUI::state
set ucliGUI::state
set ucliGUI::state
set ucliGUI::state
synopsys::run -relative 2000.000000s
set ucliGUI::state
set ucliGUI::state
set ucliGUI::state
set ucliGUI::state
set ucliGUI::state
synopsys::run -relative 2000.000000s
set ucliGUI::state
set ucliGUI::state
set ucliGUI::state
set ucliGUI::state
set ucliGUI::state
synopsys::run -relative 2000.000000s
set ucliGUI::state
set ucliGUI::state
set ucliGUI::state
set ucliGUI::state
set ucliGUI::state
synopsys::run -relative 2000.000000s
set ucliGUI::state
set ucliGUI::state
set ucliGUI::state
set ucliGUI::state
set ucliGUI::state
synopsys::run -relative 2000.000000s
set ucliGUI::state
set ucliGUI::state
set ucliGUI::state
set ucliGUI::state
set ucliGUI::state
synopsys::run -relative 2000.000000s
set ucliGUI::state
set ucliGUI::state
set ucliGUI::state
set ucliGUI::state
set ucliGUI::state
synopsys::run -relative 2000.000000s
set ucliGUI::state
set ucliGUI::state
set ucliGUI::state
set ucliGUI::state
set ucliGUI::state
synopsys::dump -add {TOP.MASTER.dat_i } -aggregates  -fid VPD0
synopsys::dump -add {TOP.MASTER.adr_o TOP.MASTER.dat_o TOP.MASTER.stb_o TOP.MASTER.we_o } -aggregates  -fid VPD0
