16:37:43    1708 --> ...                                  [tcl] ucliGUI::start /home/ecelrc/students/xteng/vlsi1/lab3/simv -ucligui 
16:37:43    1709 --> ...                                      [tcl] set ucliGUI::state
16:37:43    1710 --> ...                                          [tcl] gui_update_simulator_buttons
16:37:45    1711 --> ...                                              [tcl] set ucliGUI::state
16:37:45    1712 --> ...                                                  [tcl] ucliCore::getToolPID
16:37:45    1713 --> ...                                                      [tcl] synopsys::env hasTB
16:37:45    1714 --> ...                                                          [tcl] trigger_hier_stack_context_switch 0
16:37:45    1715 --> ...                                                              [tcl] synUtils::setDVEInitPhase 1
16:37:45    1716 --> ...                                                                  [tcl] gui_get_env SIMSETUP::SIMVPD
16:37:45    1717 --> ...                                                                      [tcl] synopsys::dump -type VPD -file /home/ecelrc/students/xteng/vlsi1/lab3/inter.vpd -locking
16:37:45    1718 --> ...                                                                          [tcl] synopsys::dump -autoflush on -fid VPD6
16:37:45    1719 --> ...                                                                              [tcl] set ::dve_fid VPD6
16:37:45    1720 --> ...                                                                                  [tcl] synUtils::setDVEInitPhase 0
16:37:45    1721 --> ...                                                                                      [tcl] ucliCore::getToolPID
16:37:45    1722 --> ...                                                                                          [tcl] synUtils::sendTool -active _icl_setToolSocket /tmp/smlnptEvZGm
16:37:45    1723 --> ...                                                                                              [tcl] synUtils::sendTool -active {_icl_start_rpc -version "K-2015.09-SP1_Full64" -sync_file /tmp/vcs_dve_rpc.xteng.33710}
16:37:45    1724 --> ...                                                                                                  [tcl] synUtils::sendTool -active {_icl_createSharedMemory /tmp/vcs_dve_general.xteng.33710}
16:37:45    1725 --> ...  [tcl] config endofsim noexit
16:37:45    1726 --> ...      [tcl] config onfail enable all
16:37:45    1727 --> ...          [tcl] config syscaddplainmembers
16:37:45    1728 --> ...              [tcl] config syscaddsourcenames
16:37:45    1729 --> ...                  [tcl] config syscaddstructtypes
16:37:45    1730 --> ...                      [tcl] synopsys::listing -disable
16:37:45    1731 --> ...                          [tcl] # Begin_DVE_Session_Save_Info
16:37:45    1732 --> ...                              [tcl] # DVE restart session
16:37:45    1733 --> ...                                  [tcl] # Saved on Sat Apr 13 16:37:40 2019
16:37:45    1734 --> ...                                      [tcl] # Designs open: 1
16:37:45    1735 --> ...                                          [tcl] #   Sim: /home/ecelrc/students/xteng/vlsi1/lab3/simv
16:37:45    1736 --> ...                                              [tcl] # Toplevel windows open: 2
16:37:45    1737 --> ...                                                  [tcl] # 	TopLevel.1
16:37:45    1738 --> ...                                                      [tcl] # 	TopLevel.2
16:37:45    1739 --> ...                                                          [tcl] #   Source.1: timeunit
16:37:45    1740 --> ...                                                              [tcl] #   Wave.1: 17 signals
16:37:45    1741 --> ...                                                                  [tcl] #   Group count = 1
16:37:45    1742 --> ...                                                                      [tcl] #   Group Group1 signal count = 17
16:37:45    1743 --> ...                                                                          [tcl] # End_DVE_Session_Save_Info
16:37:45    1744 --> ...                                                                              [tcl] # DVE version: K-2015.09-SP1_Full64
16:37:45    1745 --> ...                                                                                  [tcl] # DVE build date: Nov 24 2015 21:15:24
16:37:45    1746 --> ...                                                                                      [tcl] #<Session mode="Restart" path=".restartSimSession.tcl" type="Debug">
16:37:45    1747 --> ...                                                                                          [tcl] gui_set_loading_session_type Restart
16:37:45    1748 --> ...                                                                                              [tcl] gui_continuetime_set -value 10000
16:37:45    1749 --> ...                                                                                                  [tcl] gui_clear_window -type Wave
16:37:45    1750 --> ...  [tcl] gui_clear_window -type List
16:37:45    1751 --> ...      [tcl] # Application preferences
16:37:45    1752 --> ...          [tcl] gui_set_pref_value -key app_default_font -value {Helvetica,10,-1,5,50,0,0,0,0,0}
16:37:45    1753 --> ...              [tcl] gui_src_preferences -tabstop 8 -maxbits 24 -windownumber 1
16:37:45    1754 --> ...                  [tcl] #<WindowLayout>
16:37:45    1755 --> ...                      [tcl] # DVE top-level session
16:37:45    1756 --> ...                          [tcl] # Create and position top-level window: TopLevel.1
16:37:45    1757 --> ...                              [tcl] set TopLevel.1 TopLevel.1
16:37:45    1758 --> ...                                  [tcl] # Docked window settings
16:37:45    1759 --> ...                                      [tcl] set HSPane.1 HSPane.1
16:37:45    1760 --> ...                                          [tcl] set Hier.1 Hier.1
16:37:45    1761 --> ...                                              [tcl] set DLPane.1 DLPane.1
16:37:45    1762 --> ...                                                  [tcl] set Data.1 Data.1
16:37:45    1763 --> ...                                                      [tcl] set Console.1 Console.1
16:37:45    1764 --> ...                                                          [tcl] gui_sync_global -id ${TopLevel.1} -option true
16:37:45    1765 --> ...                                                              [tcl] # MDI window settings
16:37:45    1766 --> ...                                                                  [tcl] set Source.1 Source.1
16:37:45    1767 --> ...                                                                      [tcl] gui_update_layout -id ${Source.1} {{show_state maximized} {dock_state undocked} {dock_on_new_line false}}
16:37:45    1768 --> ...                                                                          [tcl] # End MDI window settings
16:37:45    1769 --> ...                                                                              [tcl] # Create and position top-level window: TopLevel.2
16:37:45    1770 --> ...                                                                                  [tcl] set TopLevel.2 TopLevel.2
16:37:45    1771 --> ...                                                                                      [tcl] # Docked window settings
16:37:45    1772 --> ...                                                                                          [tcl] gui_sync_global -id ${TopLevel.2} -option true
16:37:45    1773 --> ...                                                                                              [tcl] # MDI window settings
16:37:45    1774 --> ...                                                                                                  [tcl] set Wave.1 Wave.1
16:37:45    1775 --> ...  [tcl] gui_update_layout -id ${Wave.1} {{show_state maximized} {dock_state undocked} {dock_on_new_line false} {child_wave_left 445} {child_wave_right 1085} {child_wave_colname 220} {child_wave_colvalue 221} {child_wave_col1 0} {child_wave_col2 1}}
16:37:45    1776 --> ...      [tcl] # End MDI window settings
16:37:45    1777 --> ...          [tcl] #</WindowLayout>
16:37:45    1778 --> ...              [tcl] #<Database>
16:37:45    1779 --> ...                  [tcl] gui_set_precision 10ps
16:37:45    1780 --> ...                      [tcl] gui_set_time_units 10ps
16:37:45    1781 --> ...                          [tcl] #</Database>
16:37:45    1782 --> ...                              [tcl] # DVE Global setting session:
16:37:45    1783 --> ...                                  [tcl] # Global: Breakpoints
16:37:45    1784 --> ...                                      [tcl] # Global: Bus
16:37:45    1785 --> ...                                          [tcl] # Global: Expressions
16:37:45    1786 --> ...                                              [tcl] # Global: Signal Time Shift
16:37:45    1787 --> ...                                                  [tcl] # Global: Signal Compare
16:37:45    1788 --> ...                                                      [tcl] # Global: Signal Groups
16:37:45    1789 --> ...                                                          [tcl] gui_load_child_values {fifo_test.fifo1}
16:37:45    1790 --> ...                                                              [tcl] synopsys::dump -add {fifo_test.fifo1} -scope "." -depth 1 -fid VPD6
16:37:45    1791 --> ...                                                                  [tcl] set _session_group_6 Group1
16:37:45    1792 --> ...                                                                      [tcl] gui_sg_create "$_session_group_6"
16:37:45    1793 --> ...                                                                          [tcl] set Group1 "$_session_group_6"
16:37:45    1794 --> ...                                                                              [tcl] gui_sg_addsignal -group "$_session_group_6" { fifo_test.fifo1.clk fifo_test.fifo1.rst fifo_test.fifo1.write fifo_test.fifo1.read fifo_test.fifo1.din fifo_test.fifo1.dout fifo_test.fifo1.full fifo_test.fifo1.empty fifo_test.fifo1.wr_en fifo_test.fifo1.rd_en fifo_test.fifo1.wr_ptr fifo_test.fifo1.rd_ptr fifo_test.fifo1.state_counter fifo_test.fifo1.array fifo_test.fifo1.DATA_WIDTH fifo_test.fifo1.ADDR_WIDTH fifo_test.fifo1.FIFO_DEPTH }
16:37:45    1795 --> ...                                                                                  [tcl] gui_set_radix -radix {decimal} -signals {Sim:fifo_test.fifo1.DATA_WIDTH}
16:37:45    1796 --> ...                                                                                      [tcl] gui_set_radix -radix {twosComplement} -signals {Sim:fifo_test.fifo1.DATA_WIDTH}
16:37:45    1797 --> ...                                                                                          [tcl] gui_set_radix -radix {decimal} -signals {Sim:fifo_test.fifo1.ADDR_WIDTH}
16:37:45    1798 --> ...                                                                                              [tcl] gui_set_radix -radix {twosComplement} -signals {Sim:fifo_test.fifo1.ADDR_WIDTH}
16:37:45    1799 --> ...                                                                                                  [tcl] # Global: Highlighting
16:37:45    1800 --> ...  [tcl] # Global: Stack
16:37:45    1801 --> ...      [tcl] gui_change_stack_mode -mode list
16:37:46    1802 --> ...          [tcl] # Post database loading setting...
16:37:46    1803 --> ...              [tcl] # Save global setting...
16:37:46    1804 --> ...                  [tcl] # Wave/List view global setting
16:37:46    1805 --> ...                      [tcl] gui_cov_show_value -switch false
16:37:46    1806 --> ...                          [tcl] # Close all empty TopLevel windows
16:37:46    1807 --> ...                              [tcl] foreach __top [gui_ekki_get_window_ids -type TopLevel] {     if { [llength [gui_ekki_get_window_ids -parent $__top]] == 0} {         gui_close_window -window $__top     } }
16:37:46    1808 --> ...                                  [tcl] gui_set_loading_session_type noSession
16:37:46    1809 --> ...                                      [tcl] # DVE View/pane content session:
16:37:46    1810 --> ...                                          [tcl] # Hier 'Hier.1'
16:37:46    1811 --> ...                                              [tcl] gui_show_window -window ${Hier.1}
16:37:46    1812 --> ...                                                  [tcl] gui_list_set_filter -id ${Hier.1} -list { {Package 1} {All 0} {Process 1} {VirtPowSwitch 0} {UnnamedProcess 1} {UDP 0} {Function 1} {Block 1} {SrsnAndSpaCell 0} {OVA Unit 1} {LeafScCell 1} {LeafVlgCell 1} {Interface 1} {LeafVhdCell 1} {$unit 1} {NamedBlock 1} {Task 1} {VlgPackage 1} {ClassDef 1} {VirtIsoCell 0} }
16:37:46    1813 --> ...                                                      [tcl] gui_list_set_filter -id ${Hier.1} -text {*}
16:37:46    1814 --> ...                                                          [tcl] gui_change_design -id ${Hier.1} -design Sim
16:37:46    1815 --> ...                                                              [tcl] catch {gui_list_expand -id ${Hier.1} fifo_test}
16:37:46    1816 --> ...                                                                  [tcl] catch {gui_list_select -id ${Hier.1} {fifo_test.fifo1}}
16:37:46    1817 --> ...                                                                      [tcl] dveMisc::vbusExpand fifo_test.fifo1
16:37:46    1818 --> ...                                                                          [tcl] gui_view_scroll -id ${Hier.1} -vertical -set 0
16:37:46    1819 --> ...                                                                              [tcl] gui_view_scroll -id ${Hier.1} -horizontal -set 0
16:37:46    1820 --> ...                                                                                  [tcl] # Data 'Data.1'
16:37:46    1821 --> ...                                                                                      [tcl] gui_list_set_filter -id ${Data.1} -list { {Buffer 1} {Input 1} {Others 1} {Linkage 1} {Output 1} {LowPower 1} {Parameter 1} {All 1} {Aggregate 1} {LibBaseMember 1} {Event 1} {Assertion 1} {Constant 1} {Interface 1} {BaseMembers 1} {Signal 1} {$unit 1} {Inout 1} {Variable 1} }
16:37:46    1822 --> ...                                                                                          [tcl] gui_list_set_filter -id ${Data.1} -text {*}
16:37:46    1823 --> ...                                                                                              [tcl] gui_list_show_data -id ${Data.1} {fifo_test.fifo1}
16:37:46    1824 --> ...                                                                                                  [tcl] gui_show_window -window ${Data.1}
16:37:46    1825 --> ...  [tcl] catch { gui_list_select -id ${Data.1} {fifo_test.fifo1.FIFO_DEPTH fifo_test.fifo1.dout fifo_test.fifo1.din fifo_test.fifo1.read fifo_test.fifo1.rd_ptr fifo_test.fifo1.write fifo_test.fifo1.array fifo_test.fifo1.ADDR_WIDTH fifo_test.fifo1.empty fifo_test.fifo1.wr_ptr fifo_test.fifo1.DATA_WIDTH fifo_test.fifo1.wr_en fifo_test.fifo1.rd_en fifo_test.fifo1.full fifo_test.fifo1.clk fifo_test.fifo1.state_counter fifo_test.fifo1.rst }}
16:37:46    1826 --> ...      [tcl] gui_view_scroll -id ${Data.1} -vertical -set 0
16:37:46    1827 --> ...          [tcl] gui_view_scroll -id ${Data.1} -horizontal -set 0
16:37:46    1828 --> ...              [tcl] gui_view_scroll -id ${Hier.1} -vertical -set 0
16:37:46    1829 --> ...                  [tcl] gui_view_scroll -id ${Hier.1} -horizontal -set 0
16:37:46    1830 --> ...                      [tcl] # Source 'Source.1'
16:37:46    1831 --> ...                          [tcl] gui_src_value_annotate -id ${Source.1} -switch false
16:37:46    1832 --> ...                              [tcl] gui_set_env TOGGLE::VALUEANNOTATE 0
16:37:46    1833 --> ...                                  [tcl] gui_open_source -id ${Source.1}  -replace -active timeunit /home/ecelrc/students/xteng/vlsi1/lab3/time
16:37:48    1834 --> ...                                      [tcl] gui_view_scroll -id ${Source.1} -vertical -set 0
16:37:48    1835 --> ...                                          [tcl] gui_src_set_reusable -id ${Source.1}
16:37:48    1836 --> ...                                              [tcl] # View 'Wave.1'
16:37:48    1837 --> ...                                                  [tcl] gui_wv_sync -id ${Wave.1} -switch false
16:37:48    1838 --> ...                                                      [tcl] set groupExD [gui_get_pref_value -category Wave -key exclusiveSG]
16:37:48    1839 --> ...                                                          [tcl] gui_set_pref_value -category Wave -key exclusiveSG -value {false}
16:37:48    1840 --> ...                                                              [tcl] set origWaveHeight [gui_get_pref_value -category Wave -key waveRowHeight]
16:37:48    1841 --> ...                                                                  [tcl] gui_list_set_height -id Wave -height 25
16:37:48    1842 --> ...                                                                      [tcl] set origGroupCreationState [gui_list_create_group_when_add -wave]
16:37:48    1843 --> ...                                                                          [tcl] gui_list_create_group_when_add -wave -disable
16:37:48    1844 --> ...                                                                              [tcl] gui_wv_zoom_timerange -id ${Wave.1} 59944 179944
16:37:48    1845 --> ...                                                                                  [tcl] gui_list_add_group -id ${Wave.1} -after {New Group} {Group1}
16:37:48    1846 --> ...                                                                                      [tcl] synopsys::dump -add {fifo_test.fifo1.array } -aggregates  -fid VPD6
16:37:48    1847 --> ...                                                                                          [tcl] gui_list_expand -id ${Wave.1} fifo_test.fifo1.array
16:37:48    1848 --> ...                                                                                              [tcl] gui_list_select -id ${Wave.1} {{fifo_test.fifo1.array[0]} }
16:37:48    1849 --> ...                                                                                                  [tcl] gui_seek_criteria -id ${Wave.1} {Any Edge}
16:37:48    1850 --> ...  [tcl] gui_set_env TOGGLE::DEFAULT_WAVE_WINDOW ${Wave.1}
16:37:48    1851 --> ...      [tcl] gui_set_pref_value -category Wave -key exclusiveSG -value $groupExD
16:37:48    1852 --> ...          [tcl] gui_list_set_height -id Wave -height $origWaveHeight
16:37:48    1853 --> ...              [tcl] if {$origGroupCreationState} { 	gui_list_create_group_when_add -wave -enable }
16:37:48    1854 --> ...                  [tcl] if { $groupExD } {  gui_msg_report -code DVWW028 }
16:37:48    1855 --> ...                      [tcl] gui_list_set_filter -id ${Wave.1} -list { {Buffer 1} {Input 1} {Others 1} {Linkage 1} {Output 1} {Parameter 1} {All 1} {Aggregate 1} {LibBaseMember 1} {Event 1} {Assertion 1} {Constant 1} {Interface 1} {BaseMembers 1} {Signal 1} {$unit 1} {Inout 1} {Variable 1} }
16:37:48    1856 --> ...                          [tcl] gui_list_set_filter -id ${Wave.1} -text {*}
16:37:48    1857 --> ...                              [tcl] gui_list_set_insertion_bar  -id ${Wave.1} -group Group1  -position in
16:37:48    1858 --> ...                                  [tcl] gui_view_scroll -id ${Wave.1} -vertical -set 0
16:37:48    1859 --> ...                                      [tcl] gui_show_grid -id ${Wave.1} -enable false
16:37:48    1860 --> ...                                          [tcl] # Restore toplevel window zorder
16:37:48    1861 --> ...                                              [tcl] # The toplevel window could be closed if it has no view/pane
16:37:48    1862 --> ...                                                  [tcl] if {[gui_exist_window -window ${TopLevel.1}]} { 	gui_set_active_window -window ${TopLevel.1} 	gui_set_active_window -window ${Source.1} 	gui_set_active_window -window ${DLPane.1} }
16:37:48    1863 --> ...                                                      [tcl] if {[gui_exist_window -window ${TopLevel.2}]} { 	gui_set_active_window -window ${TopLevel.2} 	gui_set_active_window -window ${Wave.1} }
16:37:48    1864 --> ...                                                          [tcl] #</Session>
16:37:50    1865 --> ...                                                              [tcl] synopsys::run -relative 100000.000000ps
16:37:50    1866 --> ...                                                                  [tcl] set ucliGUI::state
16:37:50    1867 --> ...                                                                      [tcl] set ucliGUI::state
16:37:50    1868 --> ...                                                                          [tcl] set ucliGUI::state
16:37:50    1869 --> ...                                                                              [tcl] set ucliGUI::state
16:37:50    1870 --> ...                                                                                  [tcl] set ucliGUI::state
16:37:50    1871 --> ...                                                                                      [tcl] catch {senv activeDomain} dveMisc::result 
16:37:50    1872 --> ...                                                                                          [tcl] set dveMisc::result
16:37:50    1873 --> ...                                                                                              [tcl] gui_update_simulator_buttons
16:37:50    1874 --> ...                                                                                                  [tcl] synopsys::run -relative 100000.000000ps
16:37:50    1875 --> ...  [tcl] set ucliGUI::state
16:37:50    1876 --> ...      [tcl] set ucliGUI::state
16:37:50    1877 --> ...          [tcl] set ucliGUI::state
16:37:50    1878 --> ...              [tcl] set ucliGUI::state
16:37:50    1879 --> ...                  [tcl] set ucliGUI::state
16:37:50    1880 --> ...                      [tcl] catch {senv activeDomain} dveMisc::result 
16:37:50    1881 --> ...                          [tcl] set dveMisc::result
16:37:50    1882 --> ...                              [tcl] gui_update_simulator_buttons
16:37:50    1883 --> ...                                  [tcl] synopsys::run -relative 100000.000000ps
16:37:50    1884 --> ...                                      [tcl] set ucliGUI::state
16:37:50    1885 --> ...                                          [tcl] set ucliGUI::state
16:37:50    1886 --> ...                                              [tcl] set ucliGUI::state
16:37:50    1887 --> ...                                                  [tcl] set ucliGUI::state
16:37:50    1888 --> ...                                                      [tcl] set ucliGUI::state
16:37:51    1889 --> ...                                                          [tcl] catch {senv activeDomain} dveMisc::result 
16:37:51    1890 --> ...                                                              [tcl] set dveMisc::result
16:37:51    1891 --> ...                                                                  [tcl] gui_update_simulator_buttons
16:37:51    1892 --> ...                                                                      [tcl] synopsys::run -relative 100000.000000ps
16:37:51    1893 --> ...                                                                          [tcl] set ucliGUI::state
16:37:51    1894 --> ...                                                                              [tcl] set ucliGUI::state
16:37:51    1895 --> ...                                                                                  [tcl] set ucliGUI::state
16:37:51    1896 --> ...                                                                                      [tcl] set ucliGUI::state
16:37:51    1897 --> ...                                                                                          [tcl] set ucliGUI::state
16:37:51    1898 --> ...                                                                                              [tcl] catch {senv activeDomain} dveMisc::result 
16:37:51    1899 --> ...                                                                                                  [tcl] set dveMisc::result
16:37:51    1900 --> ...  [tcl] gui_update_simulator_buttons
16:37:51    1901 --> ...      [tcl] synopsys::run -relative 100000.000000ps
16:37:51    1902 --> ...          [tcl] set ucliGUI::state
16:37:51    1903 --> ...              [tcl] set ucliGUI::state
16:37:51    1904 --> ...                  [tcl] set ucliGUI::state
16:37:51    1905 --> ...                      [tcl] set ucliGUI::state
16:37:51    1906 --> ...                          [tcl] set ucliGUI::state
16:37:51    1907 --> ...                              [tcl] catch {senv activeDomain} dveMisc::result 
16:37:51    1908 --> ...                                  [tcl] set dveMisc::result
16:37:51    1909 --> ...                                      [tcl] gui_update_simulator_buttons
16:37:51    1910 --> ...                                          [tcl] synopsys::run -relative 100000.000000ps
16:37:51    1911 --> ...                                              [tcl] set ucliGUI::state
16:37:51    1912 --> ...                                                  [tcl] set ucliGUI::state
16:37:51    1913 --> ...                                                      [tcl] set ucliGUI::state
16:37:51    1914 --> ...                                                          [tcl] set ucliGUI::state
16:37:51    1915 --> ...                                                              [tcl] set ucliGUI::state
16:37:51    1916 --> ...                                                                  [tcl] catch {senv activeDomain} dveMisc::result 
16:37:51    1917 --> ...                                                                      [tcl] set dveMisc::result
16:37:51    1918 --> ...                                                                          [tcl] gui_update_simulator_buttons
16:37:52    1919 --> ...                                                                              [tcl] synopsys::run -relative 100000.000000ps
16:37:52    1920 --> ...                                                                                  [tcl] set ucliGUI::state
16:37:52    1921 --> ...                                                                                      [tcl] set ucliGUI::state
16:37:52    1922 --> ...                                                                                          [tcl] set ucliGUI::state
16:37:52    1923 --> ...                                                                                              [tcl] set ucliGUI::state
16:37:52    1924 --> ...                                                                                                  [tcl] set ucliGUI::state
16:37:52    1925 --> ...  [tcl] catch {senv activeDomain} dveMisc::result 
16:37:52    1926 --> ...      [tcl] set dveMisc::result
16:37:52    1927 --> ...          [tcl] gui_update_simulator_buttons
16:37:53    1928 --> ...              [tcl] synopsys::run -relative 100000.000000ps
16:37:53    1929 --> ...                  [tcl] set ucliGUI::state
16:37:53    1930 --> ...                      [tcl] set ucliGUI::state
16:37:53    1931 --> ...                          [tcl] set ucliGUI::state
16:37:53    1932 --> ...                              [tcl] set ucliGUI::state
16:37:53    1933 --> ...                                  [tcl] set ucliGUI::state
16:37:53    1934 --> ...                                      [tcl] catch {senv activeDomain} dveMisc::result 
16:37:53    1935 --> ...                                          [tcl] set dveMisc::result
16:37:53    1936 --> ...                                              [tcl] gui_update_simulator_buttons
16:47:12    1937 --> ...                                                  [tcl] if [catch {gui_sim_terminate}] {gui_sim_terminate -kill}
16:47:12    1938 --> ...                                                      [tcl] synopsys::finish
16:47:12    1939 --> ...                                                          [tcl] set ucliGUI::state
16:47:12    1940 --> ...                                                              [tcl] set ucliGUI::state
16:47:12    1941 --> ...                                                                  [tcl] catch {senv activeDomain} dveMisc::result 
16:47:12    1942 --> ...                                                                      [tcl] set dveMisc::result
16:47:12    1943 --> ...                                                                          [tcl] gui_update_simulator_buttons
16:47:12    1944 --> ...                                                                              [tcl] catch {senv activeDomain} dveMisc::result 
16:47:12    1945 --> ...                                                                                  [tcl] set dveMisc::result
16:47:12    1946 --> ...                                                                                      [tcl] ucli_exit
