=======================DVE Context and Call Stack=========================
Command line: /usr/local/packages/synopsys_2015/vcs-mx//gui/dve/linux64/bin/dve.exe -full64 -ucliplatform=linux64 -toolargs "-ucligui -toolexe ./simv  -pid 4684" -toolin /tmp/vcs_20181128060027_4672_xteng..stdin -toolout /tmp/vcs_20181128060027_4672_xteng..stdout

--- Stack trace follows:
[New LWP 6097]
[New LWP 5835]
[Thread debugging using libthread_db enabled]
Using host libthread_db library "/lib64/libthread_db.so.1".
0x00000037384ac8dd in waitpid () from /lib64/libc.so.6

Thread 3 (Thread 0x7fc4aa8f9700 (LWP 5835)):
#0  0x0000003738c0b68c in pthread_cond_wait@@GLIBC_2.3.2 () from /lib64/libpthread.so.0
#1  0x000000373c030920 in ?? () from /usr/lib64/libX11.so.6
#2  0x000000373c030fc9 in ?? () from /usr/lib64/libX11.so.6
#3  0x000000373c0243e8 in XFreeFont () from /usr/lib64/libX11.so.6
#4  0x0000000002ba4697 in QFontEngineXLFD::~QFontEngineXLFD() ()
#5  0x0000000002ba4781 in QFontEngineXLFD::~QFontEngineXLFD() ()
#6  0x0000000002ba458e in QFontEngineLatinXLFD::~QFontEngineLatinXLFD() ()
#7  0x0000000002ba4661 in QFontEngineLatinXLFD::~QFontEngineLatinXLFD() ()
#8  0x00000000028d15e7 in QFontCache::~QFontCache() ()
#9  0x00000000028d1771 in QFontCache::~QFontCache() ()
#10 0x00000000028d17f2 in QSingleCleanupHandler<QFontCache>::~QSingleCleanupHandler() ()
#11 0x0000003738435a02 in exit () from /lib64/libc.so.6
#12 0x000000000285ffbc in ?? ()
#13 0x000000373c04488e in _XIOError () from /usr/lib64/libX11.so.6
#14 0x000000373c0436ed in _XEventsQueued () from /usr/lib64/libX11.so.6
#15 0x000000373c01eb6e in XCheckTypedEvent () from /usr/lib64/libX11.so.6
#16 0x00000000010d9e9b in ag::dveXThread::run() ()
#17 0x00000000028b43ba in QThreadInstance::start(void*) ()
#18 0x0000003738c07aa1 in start_thread () from /lib64/libpthread.so.0
#19 0x00000037384e8c4d in clone () from /lib64/libc.so.6

Thread 2 (Thread 0x7fc4a9ef8700 (LWP 6097)):
#0  0x00000037384db80d in read () from /lib64/libc.so.6
#1  0x0000003738471bc8 in _IO_new_file_underflow () from /lib64/libc.so.6
#2  0x00000037384736ce in _IO_default_uflow_internal () from /lib64/libc.so.6
#3  0x0000003738467daa in _IO_getline_info_internal () from /lib64/libc.so.6
#4  0x0000003738466c09 in fgets () from /lib64/libc.so.6
#5  0x00000000011f26b3 in ag::dveSmlSocket::run() ()
#6  0x00000000028b43ba in QThreadInstance::start(void*) ()
#7  0x0000003738c07aa1 in start_thread () from /lib64/libpthread.so.0
#8  0x00000037384e8c4d in clone () from /lib64/libc.so.6

Thread 1 (Thread 0x7fc4aaf2c800 (LWP 4698)):
#0  0x00000037384ac8dd in waitpid () from /lib64/libc.so.6
#1  0x000000373843e4e9 in do_system () from /lib64/libc.so.6
#2  0x000000373843e820 in system () from /lib64/libc.so.6
#3  0x00007fc4aca17fd8 in SNPSle_10ee25eff68cd8461c9146fa1d0b35e87067f3c8015b313e639d2928478c79b3f673f99203bcf8be64600612100082236bffb2007f1e0ef9 () from /usr/local/packages/synopsys_2015/vcs-mx//linux64/lib/liberrorinf.so
#4  0x00007fc4aca1856d in SNPSle_10ee25eff68cd8461c9146fa1d0b35e87067f3c8015b313e81c34e9ac4c8988ef4a6e067b3aa9271e9f15440f9e8f69ebc77e2fd65860faa () from /usr/local/packages/synopsys_2015/vcs-mx//linux64/lib/liberrorinf.so
#5  0x00007fc4aca1987b in SNPSle_10ee25eff68cd8461c9146fa1d0b35e87067f3c8015b313efba706aab251478fa49e66610e453774633a6c152e7ef778f2202cda681f3d4e () from /usr/local/packages/synopsys_2015/vcs-mx//linux64/lib/liberrorinf.so
#6  0x00007fc4aca12645 in SNPSle_d35ca1ff70d465c2b9b1a72eee90a506fdd009d3de3db1de () from /usr/local/packages/synopsys_2015/vcs-mx//linux64/lib/liberrorinf.so
#7  0x0000000001f97cc5 in ag::logErrorMessage(ag::errorType, QString const&, bool) ()
#8  0x0000000001f98473 in ?? ()
#9  0x00000037384359da in exit () from /lib64/libc.so.6
#10 0x000000000285ffbc in ?? ()
#11 0x000000373c04488e in _XIOError () from /usr/lib64/libX11.so.6
#12 0x000000373c0436ed in _XEventsQueued () from /usr/lib64/libX11.so.6
#13 0x000000373c03437d in XPending () from /usr/lib64/libX11.so.6
#14 0x000000000287d17c in QEventLoop::processEvents(unsigned int) ()
#15 0x000000000111b751 in ag::ovaEventLoop::processEvents(unsigned int) ()
#16 0x00000000028cab69 in QEventLoop::enterLoop() ()
#17 0x00000000028caaca in QEventLoop::exec() ()
#18 0x000000000111b0bf in run_cci_event_loop ()
#19 0x00000000010daab4 in ag::ovaAppInst::enterEventLoop(int, char**) ()
#20 0x0000000000de3aa9 in main ()
No context available
==========================================================================
