# Preference setting overrides
gui_create_pref_key -category {Globals} -key {load_detail_for_funcov} -value_type {bool} -value {false}
gui_create_pref_category -category {schem_obj_name}
gui_create_pref_key -category {schem_obj_name} -key {show_cell_and_pin_with_symbol_name} -value_type {bool} -value {false}
gui_create_pref_key -category {schem_pin_hc} -key {textExtFont} -value_type {string} -value {Helvetica,10,-1,5,50,0,0,0,0,0}

# State setting overrides
gui_state_default_create -off -ini
gui_set_state_value -category Globals -key recent_sessions -value {{gui_load_session -ignore_errors -file /home/ecelrc/students/xteng/vlsi1/lab3/ssp.tcl -ignore_errors} {gui_load_session -ignore_errors -file /home/ecelrc/students/xteng/vlsi1/lab3/rtl/partb.tcl -ignore_errors} {gui_load_session -ignore_errors -file /home/ecelrc/students/xteng/vlsi1/lab3/rtl/partb.tcl} {gui_load_session -ignore_errors -file /home/ecelrc/students/xteng/vlsi1/lab3/rtl/DVEfiles//crash_11.27-22.45/dve_session11.27-22.45.tcl} {gui_load_session -ignore_errors -file /home/ecelrc/students/xteng/vlsi1/lab3/rtl/DVEfiles//crash_11.27-22.44/dve_session11.27-22.44.tcl}}
gui_set_state_value -category Layout -key child_console_size_x -value 1535
gui_set_state_value -category Layout -key child_console_size_y -value 171
gui_set_state_value -category Layout -key child_data_size_x -value 206
gui_set_state_value -category Layout -key child_data_size_y -value 705
gui_set_state_value -category Layout -key child_driver_size_x -value 909
gui_set_state_value -category Layout -key child_driver_size_y -value 179
gui_set_state_value -category Layout -key child_hier_col3 -value {-1}
gui_set_state_value -category Layout -key child_hier_colpd -value 0
gui_set_state_value -category Layout -key child_hier_size_x -value 128
gui_set_state_value -category Layout -key child_hier_size_y -value 705
gui_set_state_value -category Layout -key child_schematic_docknewline -value false
gui_set_state_value -category Layout -key child_schematic_pos_x -value {-2}
gui_set_state_value -category Layout -key child_schematic_pos_y -value {-15}
gui_set_state_value -category Layout -key child_schematic_size_x -value 1222
gui_set_state_value -category Layout -key child_schematic_size_y -value 521
gui_set_state_value -category Layout -key child_source_docknewline -value false
gui_set_state_value -category Layout -key child_source_pos_x -value {-2}
gui_set_state_value -category Layout -key child_source_pos_y -value {-15}
gui_set_state_value -category Layout -key child_source_size_x -value 1204
gui_set_state_value -category Layout -key child_source_size_y -value 700
gui_set_state_value -category Layout -key child_wave_colname -value 219
gui_set_state_value -category Layout -key child_wave_colvalue -value 221
gui_set_state_value -category Layout -key child_wave_left -value 445
gui_set_state_value -category Layout -key child_wave_right -value 1085
gui_set_state_value -category Layout -key main_pos_x -value 0
gui_set_state_value -category Layout -key main_pos_y -value 23
gui_set_state_value -category Layout -key main_size_x -value 1474
gui_set_state_value -category Layout -key main_size_y -value 805
gui_set_state_value -category Layout -key stand_source_child_docknewline -value false
gui_set_state_value -category Layout -key stand_source_child_pos_x -value {-2}
gui_set_state_value -category Layout -key stand_source_child_pos_y -value {-15}
gui_set_state_value -category Layout -key stand_source_child_size_x -value 914
gui_set_state_value -category Layout -key stand_source_child_size_y -value 209
gui_set_state_value -category Layout -key stand_wave_child_docknewline -value false
gui_set_state_value -category Layout -key stand_wave_child_pos_x -value {-2}
gui_set_state_value -category Layout -key stand_wave_child_pos_y -value {-15}
gui_set_state_value -category Layout -key stand_wave_child_size_x -value 1540
gui_set_state_value -category Layout -key stand_wave_child_size_y -value 700
gui_set_state_value -category Layout -key stand_wave_top_pos_x -value 0
gui_set_state_value -category Layout -key stand_wave_top_pos_y -value 23
gui_set_state_value -category Layout -key stand_wave_top_size_x -value 1535
gui_set_state_value -category Layout -key stand_wave_top_size_y -value 823
gui_create_state_key -category FindDialog -key m_pMatchCase -value_type bool -value false
gui_create_state_key -category FindDialog -key m_pMatchWord -value_type bool -value false
gui_create_state_key -category FindDialog -key m_pUseCombo -value_type string -value {}
gui_create_state_key -category FindDialog -key m_pWrapAround -value_type bool -value true
gui_create_state_key -category Widget_History -key Find|m_pFindFrame|m_pFindCombo -value_type string -value recent
gui_create_state_key -category Widget_History -key TopLevel.1|qt_top_dock|&Edit|FindCombo -value_type string -value recent
gui_create_state_key -category Widget_History -key {dlgSimSetup|m_setupTab|tab pages|SimTab|m_VPDCombo} -value_type string -value inter.vpd
gui_create_state_key -category Widget_History -key {dlgSimSetup|m_setupTab|tab pages|SimTab|m_argsCombo} -value_type string -value {{-ucligui } { -ucligui}}
gui_create_state_key -category Widget_History -key {dlgSimSetup|m_setupTab|tab pages|SimTab|m_curDirCombo} -value_type string -value {/home/ecelrc/students/xteng/vlsi1/lab3/rtl /home/ecelrc/students/xteng/vlsi1/lab3 /home/ecelrc/students/xteng/vlsi1/lab3tutorial}
gui_create_state_key -category Widget_History -key {dlgSimSetup|m_setupTab|tab pages|SimTab|m_exeCombo} -value_type string -value {/home/ecelrc/students/xteng/vlsi1/lab3/rtl/simv ./simv /home/ecelrc/students/xteng/vlsi1/lab3/simv /home/ecelrc/students/xteng/vlsi1/lab3tutorial/simv}
gui_state_default_create -off

# Begin command logging
gui_sim_run Ucli -exe ./simv -args {-ucligui  } -dir .
gui_list_expand -id  Hier.1   TOP
gui_list_select -id Hier.1 -current_item_name TOP.ARM -current_item_type Scope  -selected  { TOP.ARM   }
gui_list_select -id Hier.1 -current_item_name TOP -current_item_type Scope  -selected  { TOP   }
gui_list_select -id Data.1 -selected  { {TOP.R0_U[31:0]}   }
gui_list_select -id Data.1 -selected  { {TOP.R0_U[31:0]}  {TOP.R1_U[31:0]}  {TOP.R2_U[31:0]}  {TOP.R3_U[31:0]}  {TOP.R4_U[31:0]}  {TOP.R5_U[31:0]}  {TOP.R6_U[31:0]}   }
gui_open_window Wave
gui_list_add -id Wave.1 -from Data.1 { {TOP.R0_U[31:0]} {TOP.R1_U[31:0]} {TOP.R2_U[31:0]} {TOP.R3_U[31:0]} {TOP.R4_U[31:0]} {TOP.R5_U[31:0]} {TOP.R6_U[31:0]} } -insertionbar
gui_wv_zoom_timerange -id  Wave.1 0 355
gui_sim_continue 2000 
gui_sim_continue 2000 
gui_sim_continue 2000 
gui_sim_continue 2000 
gui_sim_continue 2000 
gui_sim_continue 2000 
gui_sim_continue 2000 
gui_sim_continue 2000 
gui_sim_continue 2000 
gui_sim_continue 2000 
gui_sim_continue 2000 
gui_sim_continue 2000 
gui_sim_continue 2000 
gui_sim_continue 2000 
gui_sim_continue 2000 
gui_marker_move -id  Wave.1 C1 27936
gui_zoom -window Wave.1 -full
gui_list_select -id Hier.1 -current_item_name TOP.MASTER -current_item_type Scope  -selected  { TOP.MASTER   }
gui_list_select -id Data.1 -selected  { TOP.MASTER.rst_i   }
gui_list_select -id Data.1 { TOP.MASTER.clk_i  TOP.MASTER.mem_req  TOP.MASTER.memoryRead  TOP.MASTER.memoryWrite  TOP.MASTER.ack_i  {TOP.MASTER.addressBus[25:0]}  {TOP.MASTER.dat_i[31:0]}  {TOP.MASTER.adr_o[25:0]}  {TOP.MASTER.dat_o[31:0]}  TOP.MASTER.we_o  TOP.MASTER.stb_o  TOP.MASTER.cyc_o  {TOP.MASTER.dataBus[31:0]}  TOP.MASTER.taga_o  {TOP.MASTER.state[1:0]}  {TOP.MASTER.next_state[1:0]}  {TOP.MASTER.dat_i_temp[31:0]}   }
gui_list_create_group_when_add -wave -enable
gui_list_add -id Wave.1 -from Data.1 { TOP.MASTER.rst_i TOP.MASTER.clk_i TOP.MASTER.mem_req TOP.MASTER.memoryRead TOP.MASTER.memoryWrite TOP.MASTER.ack_i {TOP.MASTER.addressBus[25:0]} {TOP.MASTER.dat_i[31:0]} {TOP.MASTER.adr_o[25:0]} {TOP.MASTER.dat_o[31:0]} TOP.MASTER.we_o TOP.MASTER.stb_o TOP.MASTER.cyc_o {TOP.MASTER.dataBus[31:0]} TOP.MASTER.taga_o {TOP.MASTER.state[1:0]} {TOP.MASTER.next_state[1:0]} {TOP.MASTER.dat_i_temp[31:0]} } -insertionbar
gui_list_select -id Wave.1 -selected  { Group2   }
gui_sg_rename  Group2   master
gui_list_select -id Hier.1 -current_item_name TOP.SLAVE -current_item_type Scope  -selected  { TOP.SLAVE   }
gui_list_select -id Data.1 -selected  { TOP.SLAVE.rst_i   }
gui_list_select -id Data.1 { TOP.SLAVE.clk_i  TOP.SLAVE.taga_i  TOP.SLAVE.we_i  TOP.SLAVE.stb_i  TOP.SLAVE.cyc_i  {TOP.SLAVE.dat_i[31:0]}  {TOP.SLAVE.adr_i[25:0]}  {TOP.SLAVE.mem_adr_o[25:0]}  TOP.SLAVE.mem_r_o  TOP.SLAVE.mem_w_o  TOP.SLAVE.ssp_sel_o  TOP.SLAVE.ssp_w_o  TOP.SLAVE.ack_o  TOP.SLAVE.tagd_o  {TOP.SLAVE.dat_o[31:0]}  {TOP.SLAVE.dataBus[31:0]}  {TOP.SLAVE.state[1:0]}  {TOP.SLAVE.next_state[1:0]}  {TOP.SLAVE.dat_i_temp[31:0]}  {TOP.SLAVE.dataBus_temp[31:0]}   }
gui_list_add -id Wave.1 -from Data.1 { TOP.SLAVE.rst_i TOP.SLAVE.clk_i TOP.SLAVE.taga_i TOP.SLAVE.we_i TOP.SLAVE.stb_i TOP.SLAVE.cyc_i {TOP.SLAVE.dat_i[31:0]} {TOP.SLAVE.adr_i[25:0]} {TOP.SLAVE.mem_adr_o[25:0]} TOP.SLAVE.mem_r_o TOP.SLAVE.mem_w_o TOP.SLAVE.ssp_sel_o TOP.SLAVE.ssp_w_o TOP.SLAVE.ack_o TOP.SLAVE.tagd_o {TOP.SLAVE.dat_o[31:0]} {TOP.SLAVE.dataBus[31:0]} {TOP.SLAVE.state[1:0]} {TOP.SLAVE.next_state[1:0]} {TOP.SLAVE.dat_i_temp[31:0]} {TOP.SLAVE.dataBus_temp[31:0]} } -insertionbar
gui_list_collapse -id  Wave.1   Group3
gui_list_collapse -id  Wave.1   master
gui_list_select -id Wave.1 -selected  { {TOP.R2_U[31:0]}   }
gui_list_select -id Wave.1 -selected  { Group3   }
gui_sg_rename  Group3   slave
gui_set_env SIMSETUP::SIMCURRENTDIR /home/ecelrc/students/xteng/vlsi1/lab3/rtl
gui_sim_restart -build /home/ecelrc/students/xteng/vlsi1/lab3/rtl/simv.daidir/vcs_rebuild
gui_sim_restart -build /home/ecelrc/students/xteng/vlsi1/lab3/rtl/simv.daidir/vcs_rebuild
gui_sim_continue 2000 
gui_sim_continue 2000 
gui_sim_continue 2000 
gui_sim_continue 2000 
gui_sim_continue 2000 
gui_sim_continue 2000 
gui_sim_continue 2000 
gui_sim_continue 2000 
gui_sim_continue 2000 
gui_sim_continue 2000 
gui_sim_continue 2000 
gui_sim_continue 2000 
gui_sim_continue 2000 
gui_list_expand -id  Wave.1   master
gui_list_expand -id  Wave.1   slave
gui_list_collapse -id  Wave.1   slave
gui_list_collapse -id  Wave.1   master
gui_list_select -id Wave.1 -selected  { {New Group}   }
gui_marker_move -id  Wave.1 C1 4732
gui_zoom -window Wave.1 -full
gui_wv_zoom_timerange -id  Wave.1 0 27763
gui_zoom -window Wave.1 -full
gui_list_expand -id  Wave.1   master
gui_list_collapse -id  Wave.1   master
gui_list_expand -id  Wave.1   slave
gui_list_collapse -id  Wave.1   slave
gui_list_select -id Wave.1 -selected  { master   }
gui_list_select -id Wave.1 -selected  {  }
gui_list_expand -id  Hier.1   TOP.ssp
gui_list_select -id Hier.1 -current_item_name TOP.ssp -current_item_type Scope  -selected  { TOP.ssp   }
gui_list_select -id Hier.1 -current_item_name TOP.ssp.TxFIFO_tester -current_item_type Scope  -selected  { TOP.ssp.TxFIFO_tester   }
gui_list_select -id Data.1 -selected  { TOP.ssp.TxFIFO_tester.PSEL   }
gui_list_select -id Data.1 { TOP.ssp.TxFIFO_tester.PWRITE  TOP.ssp.TxFIFO_tester.CLEAR_B  TOP.ssp.TxFIFO_tester.PCLK  TOP.ssp.TxFIFO_tester.SENT  {TOP.ssp.TxFIFO_tester.PWDATA[7:0]}  {TOP.ssp.TxFIFO_tester.TxDATA[7:0]}  TOP.ssp.TxFIFO_tester.SSPTXINTR  TOP.ssp.TxFIFO_tester.VALID  TOP.ssp.TxFIFO_tester.full  TOP.ssp.TxFIFO_tester.empty  TOP.ssp.TxFIFO_tester.wre  TOP.ssp.TxFIFO_tester.rde  {TOP.ssp.TxFIFO_tester.wp[1:0]}  {TOP.ssp.TxFIFO_tester.rp[1:0]}  {TOP.ssp.TxFIFO_tester.mcell0[7:0]}  {TOP.ssp.TxFIFO_tester.mcell1[7:0]}  {TOP.ssp.TxFIFO_tester.mcell2[7:0]}  {TOP.ssp.TxFIFO_tester.mcell3[7:0]}  TOP.ssp.TxFIFO_tester.flag0  TOP.ssp.TxFIFO_tester.flag1  TOP.ssp.TxFIFO_tester.flag2  TOP.ssp.TxFIFO_tester.flag3   }
gui_list_add -id Wave.1 -from Data.1 { TOP.ssp.TxFIFO_tester.PSEL TOP.ssp.TxFIFO_tester.PWRITE TOP.ssp.TxFIFO_tester.CLEAR_B TOP.ssp.TxFIFO_tester.PCLK TOP.ssp.TxFIFO_tester.SENT {TOP.ssp.TxFIFO_tester.PWDATA[7:0]} {TOP.ssp.TxFIFO_tester.TxDATA[7:0]} TOP.ssp.TxFIFO_tester.SSPTXINTR TOP.ssp.TxFIFO_tester.VALID TOP.ssp.TxFIFO_tester.full TOP.ssp.TxFIFO_tester.empty TOP.ssp.TxFIFO_tester.wre TOP.ssp.TxFIFO_tester.rde {TOP.ssp.TxFIFO_tester.wp[1:0]} {TOP.ssp.TxFIFO_tester.rp[1:0]} {TOP.ssp.TxFIFO_tester.mcell0[7:0]} {TOP.ssp.TxFIFO_tester.mcell1[7:0]} {TOP.ssp.TxFIFO_tester.mcell2[7:0]} {TOP.ssp.TxFIFO_tester.mcell3[7:0]} TOP.ssp.TxFIFO_tester.flag0 TOP.ssp.TxFIFO_tester.flag1 TOP.ssp.TxFIFO_tester.flag2 TOP.ssp.TxFIFO_tester.flag3 } -insertionbar
gui_list_select -id Wave.1 -selected  { Group2   }
gui_sg_rename  Group2   txfifo
gui_sim_restart -build /home/ecelrc/students/xteng/vlsi1/lab3/rtl/simv.daidir/vcs_rebuild
gui_sim_continue 2000 
gui_sim_continue 2000 
gui_sim_continue 2000 
gui_sim_continue 2000 
gui_sim_continue 2000 
gui_sim_continue 2000 
gui_sim_continue 2000 
gui_list_select -id Wave.1 -selected  { TOP.ssp.TxFIFO_tester.SSPTXINTR   }
gui_list_select -id Wave.1 -selected  { {TOP.ssp.TxFIFO_tester.TxDATA[7:0]}   }
gui_marker_move -id  Wave.1 C1 2140
gui_marker_move -id  Wave.1 C1 2780
gui_marker_move -id  Wave.1 C1 3420
gui_marker_move -id  Wave.1 C1 4060
gui_marker_move -id  Wave.1 C1 4700
gui_list_collapse -id  Wave.1   txfifo
gui_sim_continue 2000 
gui_sim_continue 2000 
gui_sim_continue 2000 
gui_sim_continue 2000 
gui_sim_continue 2000 
gui_sim_continue 2000 
gui_sim_continue 2000 
gui_list_select -id Wave.1 -selected  { txfifo   }
gui_marker_move -id  Wave.1 C1 19597
gui_zoom -window Wave.1 -full
gui_list_select -id Wave.1 -selected  { Group1   }
gui_sg_rename  Group1   R0-R6
gui_list_expand -id  Wave.1   master
gui_wv_zoom_timerange -id  Wave.1 0 1351
gui_marker_move -id  Wave.1 C1 622
gui_marker_move -id  Wave.1 C1 420
gui_list_select -id Wave.1 -selected  { {TOP.MASTER.dat_i[31:0]}   }
gui_marker_move -id  Wave.1 C1 460
gui_list_select -id Wave.1 -selected  { {TOP.MASTER.dat_i_temp[31:0]}   }
gui_marker_move -id  Wave.1 C1 300
gui_marker_move -id  Wave.1 C1 420
gui_marker_select -id  Wave.1 { C1 }
gui_list_select -id Wave.1 -selected  { {TOP.MASTER.dataBus[31:0]}   }
gui_list_select -id Wave.1 -selected  { {TOP.MASTER.dat_i[31:0]}   }
gui_list_select -id Wave.1 -selected  { {TOP.MASTER.dataBus[31:0]}   }
gui_list_select -id Wave.1 -selected  { {TOP.MASTER.adr_o[25:0]}   }
gui_list_select -id Wave.1 -selected  { {TOP.MASTER.dat_i[31:0]}   }
gui_list_select -id Wave.1 -selected  { {TOP.MASTER.dataBus[31:0]}   }
gui_list_select -id Wave.1 -selected  { {TOP.MASTER.dat_i_temp[31:0]}   }
gui_marker_move -id  Wave.1 C1 460
gui_marker_move -id  Wave.1 C1 620
gui_marker_move -id  Wave.1 C1 780
gui_marker_move -id  Wave.1 C1 940
gui_wv_scrollright -id  Wave.1  line
gui_wv_scrollright -id  Wave.1  line
gui_wv_scrollright -id  Wave.1  line
gui_wv_scrollright -id  Wave.1  line
gui_wv_scrollright -id  Wave.1  line
gui_wv_scrollright -id  Wave.1  line
gui_wv_scrollright -id  Wave.1  line
gui_wv_scrollright -id  Wave.1  line
gui_wv_scrollright -id  Wave.1  line
gui_wv_scrollright -id  Wave.1  line
gui_wv_scrollright -id  Wave.1  line
gui_wv_scrollright -id  Wave.1  line
gui_wv_scrollright -id  Wave.1  line
gui_wv_scrollright -id  Wave.1  line
gui_wv_scrollright -id  Wave.1  line
gui_list_collapse -id  Wave.1   master
gui_marker_move -id  Wave.1 C1 1638
gui_zoom -window Wave.1 -full
gui_list_select -id Hier.1 -current_item_name TOP.CMU -current_item_type Scope  -selected  { TOP.CMU   }
gui_list_select -id Data.1 -selected  { TOP.CMU.clk_i   }
gui_list_select -id Data.1 -selected  { TOP.CMU.clk_i  TOP.CMU.clear_i  {TOP.CMU.ssp_intr_i[1:0]}  TOP.CMU.phi1  TOP.CMU.phi2  TOP.CMU.clk_o  TOP.CMU.clear_o  {TOP.CMU.cnt[1:0]}   }
gui_list_add -id Wave.1 -from Data.1 { TOP.CMU.clk_i TOP.CMU.clear_i {TOP.CMU.ssp_intr_i[1:0]} TOP.CMU.phi1 TOP.CMU.phi2 TOP.CMU.clk_o TOP.CMU.clear_o {TOP.CMU.cnt[1:0]} } -insertionbar
gui_wv_zoom_timerange -id  Wave.1 4622 7175
gui_marker_move -id  Wave.1 C1 5540
gui_marker_move -id  Wave.1 C1 5726
gui_marker_move -id  Wave.1 C1 5825
gui_marker_move -id  Wave.1 C1 5659
gui_marker_move -id  Wave.1 C1 5540
gui_list_select -id Wave.1 -selected  { Group1   }
gui_sg_rename  Group1   cmu
gui_sim_restart -build /home/ecelrc/students/xteng/vlsi1/lab3/rtl/simv.daidir/vcs_rebuild
gui_sim_continue 2000 
gui_sim_continue 2000 
gui_sim_continue 2000 
gui_sim_continue 2000 
gui_sim_continue 2000 
gui_sim_continue 2000 
gui_sim_continue 2000 
gui_sim_continue 2000 
gui_sim_continue 2000 
gui_sim_continue 2000 
gui_sim_continue 2000 
gui_sim_continue 2000 
gui_sim_continue 2000 
gui_sim_continue 2000 
gui_sim_continue 2000 
gui_sim_continue 2000 
gui_sim_continue 2000 
gui_sim_continue 2000 
gui_marker_move -id  Wave.1 C1 33537
gui_zoom -window Wave.1 -full
gui_wv_zoom_timerange -id  Wave.1 3974 11701
gui_zoom -window Wave.1 -full
gui_list_collapse -id  Wave.1   cmu
gui_list_expand -id  Wave.1   txfifo
gui_wv_zoom_timerange -id  Wave.1 0 4305
gui_marker_move -id  Wave.1 C1 2100
gui_marker_move -id  Wave.1 C1 2140
gui_list_select -id Wave.1 -selected  { slave   }
gui_list_expand -id  Wave.1   master
gui_list_select -id Wave.1 -selected  { TOP.MASTER.memoryWrite   }
gui_list_select -id Wave.1 -selected  { TOP.MASTER.memoryRead   }
gui_marker_move -id  Wave.1 C1 2780
gui_marker_move -id  Wave.1 C1 3420
gui_marker_move -id  Wave.1 C1 4060
gui_wv_scroll_hslidermove -id  Wave.1 899
gui_zoom -window Wave.1 -full
gui_list_collapse -id  Wave.1   txfifo
gui_list_collapse -id  Wave.1   master
gui_list_collapse -id  Wave.1   R0-R6
gui_list_expand -id  Wave.1   R0-R6
gui_list_expand -id  Wave.1   master
gui_list_collapse -id  Wave.1   master
gui_list_expand -id  Wave.1   cmu
gui_wv_zoom_timerange -id  Wave.1 635 5464
gui_wv_zoom_timerange -id  Wave.1 819 1145
gui_list_collapse -id  Wave.1   cmu
gui_marker_move -id  Wave.1 C1 960
gui_zoom -window Wave.1 -full
gui_list_expand -id  Wave.1   master
gui_wv_zoom_timerange -id  Wave.1 1711 4305
gui_marker_move -id  Wave.1 C1 2222
gui_close_window -window TopLevel.2
