13:29:55    1150 --> ...  [tcl] ucliGUI::start /home/ecelrc/students/xteng/vlsi1/lab3/rtl/simv -ucligui 
13:29:55    1151 --> ...      [tcl] set ucliGUI::state
13:29:55    1152 --> ...          [tcl] gui_update_simulator_buttons
13:29:56    1153 --> ...              [tcl] set ucliGUI::state
13:29:56    1154 --> ...                  [tcl] ucliCore::getToolPID
13:29:56    1155 --> ...                      [tcl] synopsys::env hasTB
13:29:56    1156 --> ...                          [tcl] trigger_hier_stack_context_switch 0
13:29:56    1157 --> ...                              [tcl] synUtils::setDVEInitPhase 1
13:29:56    1158 --> ...                                  [tcl] gui_get_env SIMSETUP::SIMVPD
13:29:56    1159 --> ...                                      [tcl] synopsys::dump -type VPD -file /home/ecelrc/students/xteng/vlsi1/lab3/rtl/inter.vpd -locking
13:29:56    1160 --> ...                                          [tcl] synopsys::dump -autoflush on -fid VPD4
13:29:56    1161 --> ...                                              [tcl] set ::dve_fid VPD4
13:29:56    1162 --> ...                                                  [tcl] synUtils::setDVEInitPhase 0
13:29:56    1163 --> ...                                                      [tcl] ucliCore::getToolPID
13:29:56    1164 --> ...                                                          [tcl] synUtils::sendTool -active _icl_setToolSocket /tmp/smlnpYbpT6T
13:29:56    1165 --> ...                                                              [tcl] synUtils::sendTool -active {_icl_start_rpc -version "K-2015.09-SP1_Full64" -sync_file /tmp/vcs_dve_rpc.xteng.24725}
13:29:57    1166 --> ...                                                                  [tcl] synUtils::sendTool -active {_icl_createSharedMemory /tmp/vcs_dve_general.xteng.24725}
13:29:57    1167 --> ...                                                                      [tcl] config endofsim noexit
13:29:57    1168 --> ...                                                                          [tcl] config onfail enable all
13:29:57    1169 --> ...                                                                              [tcl] config syscaddplainmembers
13:29:57    1170 --> ...                                                                                  [tcl] config syscaddsourcenames
13:29:57    1171 --> ...                                                                                      [tcl] config syscaddstructtypes
13:29:57    1172 --> ...                                                                                          [tcl] synopsys::listing -disable
13:29:57    1173 --> ...                                                                                              [tcl] # Begin_DVE_Session_Save_Info
13:29:57    1174 --> ...                                                                                                  [tcl] # DVE restart session
13:29:57    1175 --> ...  [tcl] # Saved on Fri Nov 30 13:29:53 2018
13:29:57    1176 --> ...      [tcl] # Designs open: 1
13:29:57    1177 --> ...          [tcl] #   Sim: /home/ecelrc/students/xteng/vlsi1/lab3/rtl/simv
13:29:57    1178 --> ...              [tcl] # Toplevel windows open: 2
13:29:57    1179 --> ...                  [tcl] # 	TopLevel.1
13:29:57    1180 --> ...                      [tcl] # 	TopLevel.2
13:29:57    1181 --> ...                          [tcl] #   Source.1: TOP
13:29:57    1182 --> ...                              [tcl] #   Wave.1: 77 signals
13:29:57    1183 --> ...                                  [tcl] #   Group count = 5
13:29:57    1184 --> ...                                      [tcl] #   Group R0-R6 signal count = 7
13:29:57    1185 --> ...                                          [tcl] #   Group master signal count = 18
13:29:57    1186 --> ...                                              [tcl] #   Group slave signal count = 21
13:29:57    1187 --> ...                                                  [tcl] #   Group txfifo signal count = 23
13:29:57    1188 --> ...                                                      [tcl] #   Group cmu signal count = 8
13:29:57    1189 --> ...                                                          [tcl] # End_DVE_Session_Save_Info
13:29:57    1190 --> ...                                                              [tcl] # DVE version: K-2015.09-SP1_Full64
13:29:57    1191 --> ...                                                                  [tcl] # DVE build date: Nov 24 2015 21:15:24
13:29:57    1192 --> ...                                                                      [tcl] #<Session mode="Restart" path=".restartSimSession.tcl" type="Debug">
13:29:57    1193 --> ...                                                                          [tcl] gui_set_loading_session_type Restart
13:29:57    1194 --> ...                                                                              [tcl] gui_continuetime_set -value 2000
13:29:57    1195 --> ...                                                                                  [tcl] gui_clear_window -type Wave
13:29:57    1196 --> ...                                                                                      [tcl] gui_clear_window -type List
13:29:57    1197 --> ...                                                                                          [tcl] # Application preferences
13:29:57    1198 --> ...                                                                                              [tcl] gui_set_pref_value -key app_default_font -value {Helvetica,10,-1,5,50,0,0,0,0,0}
13:29:57    1199 --> ...                                                                                                  [tcl] gui_src_preferences -tabstop 8 -maxbits 24 -windownumber 1
13:29:57    1200 --> ...  [tcl] #<WindowLayout>
13:29:57    1201 --> ...      [tcl] # DVE top-level session
13:29:57    1202 --> ...          [tcl] # Create and position top-level window: TopLevel.1
13:29:57    1203 --> ...              [tcl] set TopLevel.1 TopLevel.1
13:29:57    1204 --> ...                  [tcl] # Docked window settings
13:29:57    1205 --> ...                      [tcl] set HSPane.1 HSPane.1
13:29:57    1206 --> ...                          [tcl] set Hier.1 Hier.1
13:29:57    1207 --> ...                              [tcl] set DLPane.1 DLPane.1
13:29:57    1208 --> ...                                  [tcl] set Data.1 Data.1
13:29:57    1209 --> ...                                      [tcl] set Console.1 Console.1
13:29:57    1210 --> ...                                          [tcl] gui_sync_global -id ${TopLevel.1} -option true
13:29:57    1211 --> ...                                              [tcl] # MDI window settings
13:29:57    1212 --> ...                                                  [tcl] set Source.1 Source.1
13:29:57    1213 --> ...                                                      [tcl] gui_update_layout -id ${Source.1} {{show_state maximized} {dock_state undocked} {dock_on_new_line false}}
13:29:57    1214 --> ...                                                          [tcl] # End MDI window settings
13:29:57    1215 --> ...                                                              [tcl] # Create and position top-level window: TopLevel.2
13:29:57    1216 --> ...                                                                  [tcl] set TopLevel.2 TopLevel.2
13:29:57    1217 --> ...                                                                      [tcl] # Docked window settings
13:29:57    1218 --> ...                                                                          [tcl] gui_sync_global -id ${TopLevel.2} -option true
13:29:57    1219 --> ...                                                                              [tcl] # MDI window settings
13:29:57    1220 --> ...                                                                                  [tcl] set Wave.1 Wave.1
13:29:57    1221 --> ...                                                                                      [tcl] gui_update_layout -id ${Wave.1} {{show_state maximized} {dock_state undocked} {dock_on_new_line false} {child_wave_left 278} {child_wave_right 1252} {child_wave_colname 137} {child_wave_colvalue 137} {child_wave_col1 0} {child_wave_col2 1}}
13:29:57    1222 --> ...                                                                                          [tcl] # End MDI window settings
13:29:57    1223 --> ...                                                                                              [tcl] #</WindowLayout>
13:29:57    1224 --> ...                                                                                                  [tcl] #<Database>
13:29:57    1225 --> ...  [tcl] gui_set_precision 1s
13:29:57    1226 --> ...      [tcl] gui_set_time_units 1s
13:29:57    1227 --> ...          [tcl] #</Database>
13:29:57    1228 --> ...              [tcl] # DVE Global setting session:
13:29:57    1229 --> ...                  [tcl] # Global: Breakpoints
13:29:57    1230 --> ...                      [tcl] # Global: Bus
13:29:57    1231 --> ...                          [tcl] # Global: Expressions
13:29:57    1232 --> ...                              [tcl] # Global: Signal Time Shift
13:29:57    1233 --> ...                                  [tcl] # Global: Signal Compare
13:29:57    1234 --> ...                                      [tcl] # Global: Signal Groups
13:29:57    1235 --> ...                                          [tcl] gui_load_child_values {TOP.SLAVE}
13:29:57    1236 --> ...                                              [tcl] synopsys::dump -add {TOP.SLAVE} -scope "." -depth 1 -fid VPD4
13:29:57    1237 --> ...                                                  [tcl] gui_load_child_values {TOP.CMU}
13:29:57    1238 --> ...                                                      [tcl] synopsys::dump -add {TOP.CMU} -scope "." -depth 1 -fid VPD4
13:29:57    1239 --> ...                                                          [tcl] gui_load_child_values {TOP.MASTER}
13:29:57    1240 --> ...                                                              [tcl] synopsys::dump -add {TOP.MASTER} -scope "." -depth 1 -fid VPD4
13:29:57    1241 --> ...                                                                  [tcl] gui_load_child_values {TOP}
13:29:57    1242 --> ...                                                                      [tcl] synopsys::dump -add {TOP} -scope "." -depth 1 -fid VPD4
13:29:57    1243 --> ...                                                                          [tcl] gui_load_child_values {TOP.ssp.TxFIFO_tester}
13:29:57    1244 --> ...                                                                              [tcl] synopsys::dump -add {TOP.ssp.TxFIFO_tester} -scope "." -depth 1 -fid VPD4
13:29:57    1245 --> ...                                                                                  [tcl] set _session_group_11 R0-R6
13:29:57    1246 --> ...                                                                                      [tcl] gui_sg_create "$_session_group_11"
13:29:57    1247 --> ...                                                                                          [tcl] set R0-R6 "$_session_group_11"
13:29:57    1248 --> ...                                                                                              [tcl] gui_sg_addsignal -group "$_session_group_11" { TOP.R0_U TOP.R1_U TOP.R2_U TOP.R3_U TOP.R4_U TOP.R5_U TOP.R6_U }
13:29:57    1249 --> ...                                                                                                  [tcl] set _session_group_12 master
13:29:57    1250 --> ...  [tcl] gui_sg_create "$_session_group_12"
13:29:57    1251 --> ...      [tcl] set master "$_session_group_12"
13:29:57    1252 --> ...          [tcl] gui_sg_addsignal -group "$_session_group_12" { TOP.MASTER.rst_i TOP.MASTER.clk_i TOP.MASTER.mem_req TOP.MASTER.memoryRead TOP.MASTER.memoryWrite TOP.MASTER.ack_i TOP.MASTER.addressBus TOP.MASTER.dat_i TOP.MASTER.adr_o TOP.MASTER.dat_o TOP.MASTER.we_o TOP.MASTER.stb_o TOP.MASTER.cyc_o TOP.MASTER.dataBus TOP.MASTER.taga_o TOP.MASTER.state TOP.MASTER.next_state TOP.MASTER.dat_i_temp }
13:29:57    1253 --> ...              [tcl] set _session_group_13 slave
13:29:57    1254 --> ...                  [tcl] gui_sg_create "$_session_group_13"
13:29:57    1255 --> ...                      [tcl] set slave "$_session_group_13"
13:29:57    1256 --> ...                          [tcl] gui_sg_addsignal -group "$_session_group_13" { TOP.SLAVE.rst_i TOP.SLAVE.clk_i TOP.SLAVE.taga_i TOP.SLAVE.we_i TOP.SLAVE.stb_i TOP.SLAVE.cyc_i TOP.SLAVE.dat_i TOP.SLAVE.adr_i TOP.SLAVE.mem_adr_o TOP.SLAVE.mem_r_o TOP.SLAVE.mem_w_o TOP.SLAVE.ssp_sel_o TOP.SLAVE.ssp_w_o TOP.SLAVE.ack_o TOP.SLAVE.tagd_o TOP.SLAVE.dat_o TOP.SLAVE.dataBus TOP.SLAVE.state TOP.SLAVE.next_state TOP.SLAVE.dat_i_temp TOP.SLAVE.dataBus_temp }
13:29:57    1257 --> ...                              [tcl] set _session_group_14 txfifo
13:29:57    1258 --> ...                                  [tcl] gui_sg_create "$_session_group_14"
13:29:57    1259 --> ...                                      [tcl] set txfifo "$_session_group_14"
13:29:57    1260 --> ...                                          [tcl] gui_sg_addsignal -group "$_session_group_14" { TOP.ssp.TxFIFO_tester.PSEL TOP.ssp.TxFIFO_tester.PWRITE TOP.ssp.TxFIFO_tester.CLEAR_B TOP.ssp.TxFIFO_tester.PCLK TOP.ssp.TxFIFO_tester.SENT TOP.ssp.TxFIFO_tester.PWDATA TOP.ssp.TxFIFO_tester.TxDATA TOP.ssp.TxFIFO_tester.SSPTXINTR TOP.ssp.TxFIFO_tester.VALID TOP.ssp.TxFIFO_tester.full TOP.ssp.TxFIFO_tester.empty TOP.ssp.TxFIFO_tester.wre TOP.ssp.TxFIFO_tester.rde TOP.ssp.TxFIFO_tester.wp TOP.ssp.TxFIFO_tester.rp TOP.ssp.TxFIFO_tester.mcell0 TOP.ssp.TxFIFO_tester.mcell1 TOP.ssp.TxFIFO_tester.mcell2 TOP.ssp.TxFIFO_tester.mcell3 TOP.ssp.TxFIFO_tester.flag0 TOP.ssp.TxFIFO_tester.flag1 TOP.ssp.TxFIFO_tester.flag2 TOP.ssp.TxFIFO_tester.flag3 }
13:29:57    1261 --> ...                                              [tcl] set _session_group_15 cmu
13:29:57    1262 --> ...                                                  [tcl] gui_sg_create "$_session_group_15"
13:29:57    1263 --> ...                                                      [tcl] set cmu "$_session_group_15"
13:29:57    1264 --> ...                                                          [tcl] gui_sg_addsignal -group "$_session_group_15" { TOP.CMU.clk_i TOP.CMU.clear_i TOP.CMU.ssp_intr_i TOP.CMU.phi1 TOP.CMU.phi2 TOP.CMU.clk_o TOP.CMU.clear_o TOP.CMU.cnt }
13:29:57    1265 --> ...                                                              [tcl] # Global: Highlighting
13:29:57    1266 --> ...                                                                  [tcl] # Global: Stack
13:29:57    1267 --> ...                                                                      [tcl] gui_change_stack_mode -mode list
13:29:57    1268 --> ...                                                                          [tcl] # Post database loading setting...
13:29:57    1269 --> ...                                                                              [tcl] # Save global setting...
13:29:57    1270 --> ...                                                                                  [tcl] # Wave/List view global setting
13:29:57    1271 --> ...                                                                                      [tcl] gui_list_create_group_when_add -wave -enable
13:29:57    1272 --> ...                                                                                          [tcl] gui_cov_show_value -switch false
13:29:57    1273 --> ...                                                                                              [tcl] # Close all empty TopLevel windows
13:29:57    1274 --> ...                                                                                                  [tcl] foreach __top [gui_ekki_get_window_ids -type TopLevel] {     if { [llength [gui_ekki_get_window_ids -parent $__top]] == 0} {         gui_close_window -window $__top     } }
13:29:57    1275 --> ...  [tcl] gui_set_loading_session_type noSession
13:29:57    1276 --> ...      [tcl] # DVE View/pane content session:
13:29:57    1277 --> ...          [tcl] # Hier 'Hier.1'
13:29:57    1278 --> ...              [tcl] gui_show_window -window ${Hier.1}
13:29:57    1279 --> ...                  [tcl] gui_list_set_filter -id ${Hier.1} -list { {Package 1} {All 0} {Process 1} {VirtPowSwitch 0} {UnnamedProcess 1} {UDP 0} {Function 1} {Block 1} {SrsnAndSpaCell 0} {OVA Unit 1} {LeafScCell 1} {LeafVlgCell 1} {Interface 1} {LeafVhdCell 1} {$unit 1} {NamedBlock 1} {Task 1} {VlgPackage 1} {ClassDef 1} {VirtIsoCell 0} }
13:29:57    1280 --> ...                      [tcl] gui_list_set_filter -id ${Hier.1} -text {*}
13:29:57    1281 --> ...                          [tcl] gui_change_design -id ${Hier.1} -design Sim
13:29:57    1282 --> ...                              [tcl] catch {gui_list_expand -id ${Hier.1} TOP}
13:29:57    1283 --> ...                                  [tcl] catch {gui_list_select -id ${Hier.1} {TOP.CMU}}
13:29:57    1284 --> ...                                      [tcl] dveMisc::vbusExpand TOP.CMU
13:29:57    1285 --> ...                                          [tcl] gui_view_scroll -id ${Hier.1} -vertical -set 0
13:29:57    1286 --> ...                                              [tcl] gui_view_scroll -id ${Hier.1} -horizontal -set 0
13:29:57    1287 --> ...                                                  [tcl] # Data 'Data.1'
13:29:57    1288 --> ...                                                      [tcl] gui_list_set_filter -id ${Data.1} -list { {Buffer 1} {Input 1} {Others 1} {Linkage 1} {Output 1} {LowPower 1} {Parameter 1} {All 1} {Aggregate 1} {LibBaseMember 1} {Event 1} {Assertion 1} {Constant 1} {Interface 1} {BaseMembers 1} {Signal 1} {$unit 1} {Inout 1} {Variable 1} }
13:29:57    1289 --> ...                                                          [tcl] gui_list_set_filter -id ${Data.1} -text {*}
13:29:57    1290 --> ...                                                              [tcl] gui_list_show_data -id ${Data.1} {TOP.CMU}
13:29:57    1291 --> ...                                                                  [tcl] gui_show_window -window ${Data.1}
13:29:57    1292 --> ...                                                                      [tcl] catch { gui_list_select -id ${Data.1} {TOP.CMU.clk_i TOP.CMU.clear_i TOP.CMU.ssp_intr_i TOP.CMU.phi1 TOP.CMU.phi2 TOP.CMU.clk_o TOP.CMU.clear_o TOP.CMU.cnt }}
13:29:57    1293 --> ...                                                                          [tcl] gui_view_scroll -id ${Data.1} -vertical -set 0
13:29:57    1294 --> ...                                                                              [tcl] gui_view_scroll -id ${Data.1} -horizontal -set 0
13:29:57    1295 --> ...                                                                                  [tcl] gui_view_scroll -id ${Hier.1} -vertical -set 0
13:29:57    1296 --> ...                                                                                      [tcl] gui_view_scroll -id ${Hier.1} -horizontal -set 0
13:29:57    1297 --> ...                                                                                          [tcl] # Source 'Source.1'
13:29:57    1298 --> ...                                                                                              [tcl] gui_src_value_annotate -id ${Source.1} -switch false
13:29:57    1299 --> ...                                                                                                  [tcl] gui_set_env TOGGLE::VALUEANNOTATE 0
13:29:57    1300 --> ...  [tcl] gui_open_source -id ${Source.1}  -replace -active TOP /home/ecelrc/students/xteng/vlsi1/lab3/rtl/main.v
13:29:57    1301 --> ...      [tcl] gui_view_scroll -id ${Source.1} -vertical -set 720
13:29:57    1302 --> ...          [tcl] gui_src_set_reusable -id ${Source.1}
13:29:57    1303 --> ...              [tcl] # View 'Wave.1'
13:29:57    1304 --> ...                  [tcl] gui_wv_sync -id ${Wave.1} -switch false
13:29:57    1305 --> ...                      [tcl] set groupExD [gui_get_pref_value -category Wave -key exclusiveSG]
13:29:57    1306 --> ...                          [tcl] gui_set_pref_value -category Wave -key exclusiveSG -value {false}
13:29:57    1307 --> ...                              [tcl] set origWaveHeight [gui_get_pref_value -category Wave -key waveRowHeight]
13:29:57    1308 --> ...                                  [tcl] gui_list_set_height -id Wave -height 25
13:29:57    1309 --> ...                                      [tcl] set origGroupCreationState [gui_list_create_group_when_add -wave]
13:29:57    1310 --> ...                                          [tcl] gui_list_create_group_when_add -wave -disable
13:29:57    1311 --> ...                                              [tcl] gui_wv_zoom_timerange -id ${Wave.1} 24724 27277
13:29:57    1312 --> ...                                                  [tcl] gui_list_add_group -id ${Wave.1} -after {New Group} {R0-R6}
13:29:57    1313 --> ...                                                      [tcl] gui_list_add_group -id ${Wave.1} -after {New Group} {master}
13:29:57    1314 --> ...                                                          [tcl] gui_list_add_group -id ${Wave.1} -after {New Group} {slave}
13:29:57    1315 --> ...                                                              [tcl] gui_list_add_group -id ${Wave.1} -after {New Group} {txfifo}
13:29:57    1316 --> ...                                                                  [tcl] gui_list_add_group -id ${Wave.1} -after {New Group} {cmu}
13:29:58    1317 --> ...                                                                      [tcl] gui_list_collapse -id ${Wave.1} master
13:29:58    1318 --> ...                                                                          [tcl] gui_list_collapse -id ${Wave.1} slave
13:29:58    1319 --> ...                                                                              [tcl] gui_list_collapse -id ${Wave.1} txfifo
13:29:58    1320 --> ...                                                                                  [tcl] gui_seek_criteria -id ${Wave.1} {Any Edge}
13:29:58    1321 --> ...                                                                                      [tcl] gui_set_env TOGGLE::DEFAULT_WAVE_WINDOW ${Wave.1}
13:29:58    1322 --> ...                                                                                          [tcl] gui_set_pref_value -category Wave -key exclusiveSG -value $groupExD
13:29:58    1323 --> ...                                                                                              [tcl] gui_list_set_height -id Wave -height $origWaveHeight
13:29:58    1324 --> ...                                                                                                  [tcl] if {$origGroupCreationState} { 	gui_list_create_group_when_add -wave -enable }
13:29:58    1325 --> ...  [tcl] if { $groupExD } {  gui_msg_report -code DVWW028 }
13:29:58    1326 --> ...      [tcl] gui_list_set_filter -id ${Wave.1} -list { {Buffer 1} {Input 1} {Others 1} {Linkage 1} {Output 1} {Parameter 1} {All 1} {Aggregate 1} {LibBaseMember 1} {Event 1} {Assertion 1} {Constant 1} {Interface 1} {BaseMembers 1} {Signal 1} {$unit 1} {Inout 1} {Variable 1} }
13:29:58    1327 --> ...          [tcl] gui_list_set_filter -id ${Wave.1} -text {*}
13:29:58    1328 --> ...              [tcl] gui_list_set_insertion_bar  -id ${Wave.1} -group cmu  -position in
13:29:58    1329 --> ...                  [tcl] gui_view_scroll -id ${Wave.1} -vertical -set 0
13:29:58    1330 --> ...                      [tcl] gui_show_grid -id ${Wave.1} -enable false
13:29:58    1331 --> ...                          [tcl] # Restore toplevel window zorder
13:29:58    1332 --> ...                              [tcl] # The toplevel window could be closed if it has no view/pane
13:29:58    1333 --> ...                                  [tcl] if {[gui_exist_window -window ${TopLevel.1}]} { 	gui_set_active_window -window ${TopLevel.1} 	gui_set_active_window -window ${Source.1} 	gui_set_active_window -window ${DLPane.1} }
13:29:58    1334 --> ...                                      [tcl] if {[gui_exist_window -window ${TopLevel.2}]} { 	gui_set_active_window -window ${TopLevel.2} 	gui_set_active_window -window ${Wave.1} }
13:29:58    1335 --> ...                                          [tcl] #</Session>
13:29:59    1336 --> ...                                              [tcl] synopsys::run -relative 2000.000000s
13:29:59    1337 --> ...                                                  [tcl] set ucliGUI::state
13:29:59    1338 --> ...                                                      [tcl] set ucliGUI::state
13:29:59    1339 --> ...                                                          [tcl] set ucliGUI::state
13:29:59    1340 --> ...                                                              [tcl] set ucliGUI::state
13:29:59    1341 --> ...                                                                  [tcl] catch {senv activeDomain} dveMisc::result 
13:29:59    1342 --> ...                                                                      [tcl] set dveMisc::result
13:29:59    1343 --> ...                                                                          [tcl] gui_update_simulator_buttons
13:30:00    1344 --> ...                                                                              [tcl] synopsys::run -relative 2000.000000s
13:30:00    1345 --> ...                                                                                  [tcl] set ucliGUI::state
13:30:00    1346 --> ...                                                                                      [tcl] set ucliGUI::state
13:30:00    1347 --> ...                                                                                          [tcl] set ucliGUI::state
13:30:00    1348 --> ...                                                                                              [tcl] set ucliGUI::state
13:30:00    1349 --> ...                                                                                                  [tcl] set ucliGUI::state
13:30:00    1350 --> ...  [tcl] catch {senv activeDomain} dveMisc::result 
13:30:00    1351 --> ...      [tcl] set dveMisc::result
13:30:00    1352 --> ...          [tcl] gui_update_simulator_buttons
13:30:00    1353 --> ...              [tcl] synopsys::run -relative 2000.000000s
13:30:00    1354 --> ...                  [tcl] set ucliGUI::state
13:30:00    1355 --> ...                      [tcl] set ucliGUI::state
13:30:00    1356 --> ...                          [tcl] set ucliGUI::state
13:30:00    1357 --> ...                              [tcl] set ucliGUI::state
13:30:00    1358 --> ...                                  [tcl] set ucliGUI::state
13:30:00    1359 --> ...                                      [tcl] catch {senv activeDomain} dveMisc::result 
13:30:00    1360 --> ...                                          [tcl] set dveMisc::result
13:30:00    1361 --> ...                                              [tcl] gui_update_simulator_buttons
13:30:00    1362 --> ...                                                  [tcl] synopsys::run -relative 2000.000000s
13:30:00    1363 --> ...                                                      [tcl] set ucliGUI::state
13:30:00    1364 --> ...                                                          [tcl] set ucliGUI::state
13:30:00    1365 --> ...                                                              [tcl] set ucliGUI::state
13:30:00    1366 --> ...                                                                  [tcl] set ucliGUI::state
13:30:00    1367 --> ...                                                                      [tcl] set ucliGUI::state
13:30:00    1368 --> ...                                                                          [tcl] catch {senv activeDomain} dveMisc::result 
13:30:00    1369 --> ...                                                                              [tcl] set dveMisc::result
13:30:00    1370 --> ...                                                                                  [tcl] gui_update_simulator_buttons
13:30:00    1371 --> ...                                                                                      [tcl] synopsys::run -relative 2000.000000s
13:30:00    1372 --> ...                                                                                          [tcl] set ucliGUI::state
13:30:00    1373 --> ...                                                                                              [tcl] set ucliGUI::state
13:30:00    1374 --> ...                                                                                                  [tcl] set ucliGUI::state
13:30:00    1375 --> ...  [tcl] set ucliGUI::state
13:30:00    1376 --> ...      [tcl] set ucliGUI::state
13:30:00    1377 --> ...          [tcl] catch {senv activeDomain} dveMisc::result 
13:30:00    1378 --> ...              [tcl] set dveMisc::result
13:30:00    1379 --> ...                  [tcl] gui_update_simulator_buttons
13:30:01    1380 --> ...                      [tcl] synopsys::run -relative 2000.000000s
13:30:01    1381 --> ...                          [tcl] set ucliGUI::state
13:30:01    1382 --> ...                              [tcl] set ucliGUI::state
13:30:01    1383 --> ...                                  [tcl] set ucliGUI::state
13:30:01    1384 --> ...                                      [tcl] set ucliGUI::state
13:30:01    1385 --> ...                                          [tcl] set ucliGUI::state
13:30:01    1386 --> ...                                              [tcl] catch {senv activeDomain} dveMisc::result 
13:30:01    1387 --> ...                                                  [tcl] set dveMisc::result
13:30:01    1388 --> ...                                                      [tcl] gui_update_simulator_buttons
13:30:01    1389 --> ...                                                          [tcl] synopsys::run -relative 2000.000000s
13:30:01    1390 --> ...                                                              [tcl] set ucliGUI::state
13:30:01    1391 --> ...                                                                  [tcl] set ucliGUI::state
13:30:01    1392 --> ...                                                                      [tcl] set ucliGUI::state
13:30:01    1393 --> ...                                                                          [tcl] set ucliGUI::state
13:30:01    1394 --> ...                                                                              [tcl] set ucliGUI::state
13:30:01    1395 --> ...                                                                                  [tcl] catch {senv activeDomain} dveMisc::result 
13:30:01    1396 --> ...                                                                                      [tcl] set dveMisc::result
13:30:01    1397 --> ...                                                                                          [tcl] gui_update_simulator_buttons
13:30:01    1398 --> ...                                                                                              [tcl] synopsys::run -relative 2000.000000s
13:30:01    1399 --> ...                                                                                                  [tcl] set ucliGUI::state
13:30:01    1400 --> ...  [tcl] set ucliGUI::state
13:30:01    1401 --> ...      [tcl] set ucliGUI::state
13:30:01    1402 --> ...          [tcl] set ucliGUI::state
13:30:01    1403 --> ...              [tcl] set ucliGUI::state
13:30:01    1404 --> ...                  [tcl] catch {senv activeDomain} dveMisc::result 
13:30:01    1405 --> ...                      [tcl] set dveMisc::result
13:30:01    1406 --> ...                          [tcl] gui_update_simulator_buttons
13:30:01    1407 --> ...                              [tcl] synopsys::run -relative 2000.000000s
13:30:01    1408 --> ...                                  [tcl] set ucliGUI::state
13:30:01    1409 --> ...                                      [tcl] set ucliGUI::state
13:30:01    1410 --> ...                                          [tcl] set ucliGUI::state
13:30:01    1411 --> ...                                              [tcl] set ucliGUI::state
13:30:01    1412 --> ...                                                  [tcl] set ucliGUI::state
13:30:01    1413 --> ...                                                      [tcl] catch {senv activeDomain} dveMisc::result 
13:30:01    1414 --> ...                                                          [tcl] set dveMisc::result
13:30:01    1415 --> ...                                                              [tcl] gui_update_simulator_buttons
13:30:01    1416 --> ...                                                                  [tcl] synopsys::run -relative 2000.000000s
13:30:01    1417 --> ...                                                                      [tcl] set ucliGUI::state
13:30:01    1418 --> ...                                                                          [tcl] set ucliGUI::state
13:30:01    1419 --> ...                                                                              [tcl] set ucliGUI::state
13:30:01    1420 --> ...                                                                                  [tcl] set ucliGUI::state
13:30:01    1421 --> ...                                                                                      [tcl] set ucliGUI::state
13:30:01    1422 --> ...                                                                                          [tcl] catch {senv activeDomain} dveMisc::result 
13:30:01    1423 --> ...                                                                                              [tcl] set dveMisc::result
13:30:01    1424 --> ...                                                                                                  [tcl] gui_update_simulator_buttons
13:30:01    1425 --> ...  [tcl] synopsys::run -relative 2000.000000s
13:30:01    1426 --> ...      [tcl] set ucliGUI::state
13:30:01    1427 --> ...          [tcl] set ucliGUI::state
13:30:01    1428 --> ...              [tcl] set ucliGUI::state
13:30:01    1429 --> ...                  [tcl] set ucliGUI::state
13:30:01    1430 --> ...                      [tcl] set ucliGUI::state
13:30:01    1431 --> ...                          [tcl] catch {senv activeDomain} dveMisc::result 
13:30:01    1432 --> ...                              [tcl] set dveMisc::result
13:30:01    1433 --> ...                                  [tcl] gui_update_simulator_buttons
13:30:02    1434 --> ...                                      [tcl] synopsys::run -relative 2000.000000s
13:30:02    1435 --> ...                                          [tcl] set ucliGUI::state
13:30:02    1436 --> ...                                              [tcl] set ucliGUI::state
13:30:02    1437 --> ...                                                  [tcl] set ucliGUI::state
13:30:02    1438 --> ...                                                      [tcl] set ucliGUI::state
13:30:02    1439 --> ...                                                          [tcl] set ucliGUI::state
13:30:02    1440 --> ...                                                              [tcl] catch {senv activeDomain} dveMisc::result 
13:30:02    1441 --> ...                                                                  [tcl] set dveMisc::result
13:30:02    1442 --> ...                                                                      [tcl] gui_update_simulator_buttons
13:30:02    1443 --> ...                                                                          [tcl] synopsys::run -relative 2000.000000s
13:30:02    1444 --> ...                                                                              [tcl] set ucliGUI::state
13:30:02    1445 --> ...                                                                                  [tcl] set ucliGUI::state
13:30:02    1446 --> ...                                                                                      [tcl] set ucliGUI::state
13:30:02    1447 --> ...                                                                                          [tcl] set ucliGUI::state
13:30:02    1448 --> ...                                                                                              [tcl] set ucliGUI::state
13:30:02    1449 --> ...                                                                                                  [tcl] catch {senv activeDomain} dveMisc::result 
13:30:02    1450 --> ...  [tcl] set dveMisc::result
13:30:02    1451 --> ...      [tcl] gui_update_simulator_buttons
13:30:02    1452 --> ...          [tcl] synopsys::run -relative 2000.000000s
13:30:02    1453 --> ...              [tcl] set ucliGUI::state
13:30:02    1454 --> ...                  [tcl] set ucliGUI::state
13:30:02    1455 --> ...                      [tcl] set ucliGUI::state
13:30:02    1456 --> ...                          [tcl] set ucliGUI::state
13:30:02    1457 --> ...                              [tcl] set ucliGUI::state
13:30:02    1458 --> ...                                  [tcl] catch {senv activeDomain} dveMisc::result 
13:30:02    1459 --> ...                                      [tcl] set dveMisc::result
13:30:02    1460 --> ...                                          [tcl] gui_update_simulator_buttons
13:30:03    1461 --> ...                                              [tcl] synopsys::run -relative 2000.000000s
13:30:03    1462 --> ...                                                  [tcl] set ucliGUI::state
13:30:03    1463 --> ...                                                      [tcl] set ucliGUI::state
13:30:03    1464 --> ...                                                          [tcl] set ucliGUI::state
13:30:03    1465 --> ...                                                              [tcl] set ucliGUI::state
13:30:03    1466 --> ...                                                                  [tcl] set ucliGUI::state
13:30:03    1467 --> ...                                                                      [tcl] catch {senv activeDomain} dveMisc::result 
13:30:03    1468 --> ...                                                                          [tcl] set dveMisc::result
13:30:03    1469 --> ...                                                                              [tcl] gui_update_simulator_buttons
13:30:03    1470 --> ...                                                                                  [tcl] synopsys::run -relative 2000.000000s
13:30:03    1471 --> ...                                                                                      [tcl] set ucliGUI::state
13:30:03    1472 --> ...                                                                                          [tcl] set ucliGUI::state
13:30:03    1473 --> ...                                                                                              [tcl] set ucliGUI::state
13:30:03    1474 --> ...                                                                                                  [tcl] set ucliGUI::state
13:30:03    1475 --> ...  [tcl] set ucliGUI::state
13:30:03    1476 --> ...      [tcl] catch {senv activeDomain} dveMisc::result 
13:30:03    1477 --> ...          [tcl] set dveMisc::result
13:30:03    1478 --> ...              [tcl] gui_update_simulator_buttons
13:30:03    1479 --> ...                  [tcl] synopsys::run -relative 2000.000000s
13:30:03    1480 --> ...                      [tcl] set ucliGUI::state
13:30:03    1481 --> ...                          [tcl] set ucliGUI::state
13:30:03    1482 --> ...                              [tcl] set ucliGUI::state
13:30:03    1483 --> ...                                  [tcl] set ucliGUI::state
13:30:03    1484 --> ...                                      [tcl] set ucliGUI::state
13:30:03    1485 --> ...                                          [tcl] catch {senv activeDomain} dveMisc::result 
13:30:03    1486 --> ...                                              [tcl] set dveMisc::result
13:30:03    1487 --> ...                                                  [tcl] gui_update_simulator_buttons
13:30:03    1488 --> ...                                                      [tcl] synopsys::run -relative 2000.000000s
13:30:03    1489 --> ...                                                          [tcl] set ucliGUI::state
13:30:03    1490 --> ...                                                              [tcl] set ucliGUI::state
13:30:03    1491 --> ...                                                                  [tcl] set ucliGUI::state
13:30:03    1492 --> ...                                                                      [tcl] set ucliGUI::state
13:30:03    1493 --> ...                                                                          [tcl] set ucliGUI::state
13:30:03    1494 --> ...                                                                              [tcl] catch {senv activeDomain} dveMisc::result 
13:30:03    1495 --> ...                                                                                  [tcl] set dveMisc::result
13:30:03    1496 --> ...                                                                                      [tcl] gui_update_simulator_buttons
15:18:30    1497 --> ...                                                                                          [tcl] if [catch {gui_sim_terminate}] {gui_sim_terminate -kill}
15:18:30    1498 --> ...                                                                                              [tcl] synopsys::finish
15:18:30    1499 --> ...                                                                                                  [tcl] set ucliGUI::state
15:18:30    1500 --> ...  [tcl] set ucliGUI::state
15:18:30    1501 --> ...      [tcl] catch {senv activeDomain} dveMisc::result 
15:18:30    1502 --> ...          [tcl] set dveMisc::result
15:18:30    1503 --> ...              [tcl] gui_update_simulator_buttons
15:18:30    1504 --> ...                  [tcl] catch {senv activeDomain} dveMisc::result 
15:18:30    1505 --> ...                      [tcl] set dveMisc::result
15:18:31    1506 --> ...                          [tcl] ucli_exit
