ucliGUI::start /home/ecelrc/students/xteng/vlsi1/lab3/rtl/simv -ucligui 
set ucliGUI::state
set ucliGUI::state
ucliCore::getToolPID
synopsys::env hasTB
trigger_hier_stack_context_switch 0
synUtils::setDVEInitPhase 1
synopsys::dump -type VPD -file /home/ecelrc/students/xteng/vlsi1/lab3/rtl/inter.vpd -locking
synopsys::dump -autoflush on -fid VPD4
set ::dve_fid VPD4
synUtils::setDVEInitPhase 0
ucliCore::getToolPID
synUtils::sendTool -active _icl_setToolSocket /tmp/smlnpYbpT6T
synUtils::sendTool -active {_icl_start_rpc -version "K-2015.09-SP1_Full64" -sync_file /tmp/vcs_dve_rpc.xteng.24725}
synUtils::sendTool -active {_icl_createSharedMemory /tmp/vcs_dve_general.xteng.24725}
config endofsim noexit
config onfail enable all
config syscaddplainmembers
config syscaddsourcenames
config syscaddstructtypes
synopsys::listing -disable
# Begin_DVE_Session_Save_Info
# DVE restart session
# Saved on Fri Nov 30 13:29:53 2018
# Designs open: 1
#   Sim: /home/ecelrc/students/xteng/vlsi1/lab3/rtl/simv
# Toplevel windows open: 2
# 	TopLevel.1
# 	TopLevel.2
#   Source.1: TOP
#   Wave.1: 77 signals
#   Group count = 5
#   Group R0-R6 signal count = 7
#   Group master signal count = 18
#   Group slave signal count = 21
#   Group txfifo signal count = 23
#   Group cmu signal count = 8
# End_DVE_Session_Save_Info
# DVE version: K-2015.09-SP1_Full64
# DVE build date: Nov 24 2015 21:15:24
#<Session mode="Restart" path=".restartSimSession.tcl" type="Debug">
# Application preferences
#<WindowLayout>
# DVE top-level session
# Create and position top-level window: TopLevel.1
set TopLevel.1 TopLevel.1
# Docked window settings
set HSPane.1 HSPane.1
set Hier.1 Hier.1
set DLPane.1 DLPane.1
set Data.1 Data.1
set Console.1 Console.1
# MDI window settings
set Source.1 Source.1
# End MDI window settings
# Create and position top-level window: TopLevel.2
set TopLevel.2 TopLevel.2
# Docked window settings
# MDI window settings
set Wave.1 Wave.1
# End MDI window settings
#</WindowLayout>
#<Database>
#</Database>
# DVE Global setting session:
# Global: Breakpoints
# Global: Bus
# Global: Expressions
# Global: Signal Time Shift
# Global: Signal Compare
# Global: Signal Groups
synopsys::dump -add {TOP.SLAVE} -scope "." -depth 1 -fid VPD4
synopsys::dump -add {TOP.CMU} -scope "." -depth 1 -fid VPD4
synopsys::dump -add {TOP.MASTER} -scope "." -depth 1 -fid VPD4
synopsys::dump -add {TOP} -scope "." -depth 1 -fid VPD4
synopsys::dump -add {TOP.ssp.TxFIFO_tester} -scope "." -depth 1 -fid VPD4
set _session_group_11 R0-R6
set R0-R6 "$_session_group_11"
set _session_group_12 master
set master "$_session_group_12"
set _session_group_13 slave
set slave "$_session_group_13"
set _session_group_14 txfifo
set txfifo "$_session_group_14"
set _session_group_15 cmu
set cmu "$_session_group_15"
# Global: Highlighting
# Global: Stack
# Post database loading setting...
# Save global setting...
# Wave/List view global setting
# Close all empty TopLevel windows
foreach __top [gui_ekki_get_window_ids -type TopLevel] {     if { [llength [gui_ekki_get_window_ids -parent $__top]] == 0} {         gui_close_window -window $__top     } }
# DVE View/pane content session:
# Hier 'Hier.1'
catch {gui_list_expand -id ${Hier.1} TOP}
catch {gui_list_select -id ${Hier.1} {TOP.CMU}}
# Data 'Data.1'
catch { gui_list_select -id ${Data.1} {TOP.CMU.clk_i TOP.CMU.clear_i TOP.CMU.ssp_intr_i TOP.CMU.phi1 TOP.CMU.phi2 TOP.CMU.clk_o TOP.CMU.clear_o TOP.CMU.cnt }}
# Source 'Source.1'
# View 'Wave.1'
set groupExD [gui_get_pref_value -category Wave -key exclusiveSG]
set origWaveHeight [gui_get_pref_value -category Wave -key waveRowHeight]
set origGroupCreationState [gui_list_create_group_when_add -wave]
if {$origGroupCreationState} { 	gui_list_create_group_when_add -wave -enable }
if { $groupExD } {  gui_msg_report -code DVWW028 }
# Restore toplevel window zorder
# The toplevel window could be closed if it has no view/pane
if {[gui_exist_window -window ${TopLevel.1}]} { 	gui_set_active_window -window ${TopLevel.1} 	gui_set_active_window -window ${Source.1} 	gui_set_active_window -window ${DLPane.1} }
if {[gui_exist_window -window ${TopLevel.2}]} { 	gui_set_active_window -window ${TopLevel.2} 	gui_set_active_window -window ${Wave.1} }
#</Session>
synopsys::run -relative 2000.000000s
set ucliGUI::state
set ucliGUI::state
set ucliGUI::state
set ucliGUI::state
synopsys::run -relative 2000.000000s
set ucliGUI::state
set ucliGUI::state
set ucliGUI::state
set ucliGUI::state
set ucliGUI::state
synopsys::run -relative 2000.000000s
set ucliGUI::state
set ucliGUI::state
set ucliGUI::state
set ucliGUI::state
set ucliGUI::state
synopsys::run -relative 2000.000000s
set ucliGUI::state
set ucliGUI::state
set ucliGUI::state
set ucliGUI::state
set ucliGUI::state
synopsys::run -relative 2000.000000s
set ucliGUI::state
set ucliGUI::state
set ucliGUI::state
set ucliGUI::state
set ucliGUI::state
synopsys::run -relative 2000.000000s
set ucliGUI::state
set ucliGUI::state
set ucliGUI::state
set ucliGUI::state
set ucliGUI::state
synopsys::run -relative 2000.000000s
set ucliGUI::state
set ucliGUI::state
set ucliGUI::state
set ucliGUI::state
set ucliGUI::state
synopsys::run -relative 2000.000000s
set ucliGUI::state
set ucliGUI::state
set ucliGUI::state
set ucliGUI::state
set ucliGUI::state
synopsys::run -relative 2000.000000s
set ucliGUI::state
set ucliGUI::state
set ucliGUI::state
set ucliGUI::state
set ucliGUI::state
synopsys::run -relative 2000.000000s
set ucliGUI::state
set ucliGUI::state
set ucliGUI::state
set ucliGUI::state
set ucliGUI::state
synopsys::run -relative 2000.000000s
set ucliGUI::state
set ucliGUI::state
set ucliGUI::state
set ucliGUI::state
set ucliGUI::state
synopsys::run -relative 2000.000000s
set ucliGUI::state
set ucliGUI::state
set ucliGUI::state
set ucliGUI::state
set ucliGUI::state
synopsys::run -relative 2000.000000s
set ucliGUI::state
set ucliGUI::state
set ucliGUI::state
set ucliGUI::state
set ucliGUI::state
synopsys::run -relative 2000.000000s
set ucliGUI::state
set ucliGUI::state
set ucliGUI::state
set ucliGUI::state
set ucliGUI::state
synopsys::run -relative 2000.000000s
set ucliGUI::state
set ucliGUI::state
set ucliGUI::state
set ucliGUI::state
set ucliGUI::state
synopsys::run -relative 2000.000000s
set ucliGUI::state
set ucliGUI::state
set ucliGUI::state
set ucliGUI::state
set ucliGUI::state
synopsys::run -relative 2000.000000s
set ucliGUI::state
set ucliGUI::state
set ucliGUI::state
set ucliGUI::state
set ucliGUI::state
synopsys::run -relative 2000.000000s
set ucliGUI::state
set ucliGUI::state
set ucliGUI::state
set ucliGUI::state
set ucliGUI::state
if [catch {gui_sim_terminate}] {gui_sim_terminate -kill}
synopsys::finish
set ucliGUI::state
set ucliGUI::state
ucli_exit
