set ucliGUI::state
set ucliGUI::state
ucliCore::getToolPID
synopsys::env hasTB
trigger_hier_stack_context_switch 0
synUtils::setDVEInitPhase 1
synopsys::dump -type VPD -file /misc/scratch/abhat1/lowpower/project/Approxiamte_Computing_CNN/hw/multipliers/approx_multipliers/inter.vpd -locking
synopsys::dump -autoflush on -fid VPD0
set ::dve_fid VPD0
synUtils::setDVEInitPhase 0
ucliCore::getToolPID
synUtils::sendTool -active _icl_setToolSocket /tmp/smlnp3xwi2n
synUtils::sendTool -active {_icl_start_rpc -version "K-2015.09-SP1_Full64" -sync_file /tmp/vcs_dve_rpc.abhat1.18674}
synUtils::sendTool -active {_icl_createSharedMemory /tmp/vcs_dve_general.abhat1.18674}
config endofsim noexit
config onfail enable all
config syscaddplainmembers
config syscaddsourcenames
config syscaddstructtypes
synopsys::listing -disable
synopsys::dump -add {DRUM_tb.A DRUM_tb.B DRUM_tb.out } -aggregates  -fid VPD0
synopsys::run
set ucliGUI::state
set ucliGUI::state
set ucliGUI::state
set ucliGUI::state
tcl_source /usr/local/packages/synopsys_2015/vcs-mx/gui/dve/auxx/gui/dve/schematic.tcl
tcl_source /usr/local/packages/synopsys_2015/vcs-mx/gui/dve/auxx/gui/common/schematic/base.tcl
tcl_source /usr/local/packages/synopsys_2015/vcs-mx/gui/dve/auxx/gui/common/schematic/enable.tcl
tcl_source /usr/local/packages/synopsys_2015/vcs-mx/gui/dve/auxx/gui/common/schematic/netlist.tcl
tcl_source /usr/local/packages/synopsys_2015/vcs-mx/gui/dve/auxx/gui/common/schematic/method.tcl
tcl_source /usr/local/packages/synopsys_2015/vcs-mx/gui/dve/auxx/gui/common/strokes/stroke_defaults.tcl
tcl_source /usr/local/packages/synopsys_2015/vcs-mx/gui/dve/auxx/gui/common/dialogs/ObjectListInfo.tcl
tcl_source /usr/local/packages/synopsys_2015/vcs-mx/gui/dve/auxx/gui/common/schematic/DialogPathSchematicFanInOut.tcl
tcl_source /usr/local/packages/synopsys_2015/vcs-mx/gui/dve/auxx/gui/dve/driversloads.tcl
