Chronologic VCS simulator copyright 1991-2015
Contains Synopsys proprietary information.
Compiler version K-2015.09-SP1_Full64; Runtime version K-2015.09-SP1_Full64;  May  4 20:39 2019
VCD+ Writer K-2015.09-SP1_Full64 Copyright (c) 1991-2015 by Synopsys Inc.
The file '/misc/scratch/abhat1/lowpower/project/Approxiamte_Computing_CNN/hw/multipliers/approx_multipliers/inter.vpd' was opened successfully.
Simulation complete, time is 15000000 ps.
Warning: [DVWW010] 
Seek hit end of values with no more matches.
Warning: [DVWW010] 
Seek hit end of values with no more matches.
Chronologic VCS simulator copyright 1991-2015
Contains Synopsys proprietary information.
Compiler version K-2015.09-SP1_Full64; Runtime version K-2015.09-SP1_Full64;  May  4 20:40 2019
VCD+ Writer K-2015.09-SP1_Full64 Copyright (c) 1991-2015 by Synopsys Inc.
The file '/misc/scratch/abhat1/lowpower/project/Approxiamte_Computing_CNN/hw/multipliers/approx_multipliers/inter.vpd' was opened successfully.
15000000 ps
30000000 ps
           V C S   S i m u l a t i o n   R e p o r t 
Time: 30000000 ps
CPU Time:      0.080 seconds;       Data structure size:   0.0Mb
Sat May  4 20:45:15 2019

Warning-[LNX_OS_VERUN] Unsupported Linux version
  Linux version 'CentOS release 6.10 (Final)' is not supported on 'x86_64' 
  officially, assuming linux compatibility by default. Set VCS_ARCH_OVERRIDE 
  to linux or suse32 to override.
  Please refer to release notes for information on supported platforms.

                         Chronologic VCS (TM)
       Version K-2015.09-SP1_Full64 -- Sat May  4 20:45:16 2019
               Copyright (c) 1991-2015 by Synopsys Inc.
                         ALL RIGHTS RESERVED

This program is proprietary and confidential information of Synopsys Inc.
and may be used and disclosed only as authorized in a license agreement
controlling such use and disclosure.

Parsing design file 'time'
Parsing design file 'DRUMk_M_N_s.v'
Parsing design file 'DRUM_tb.v'
Top Level Modules:
       timeunit
       DRUM_tb
TimeScale is 1 ns / 1 ps
Starting vcs inline pass...
3 modules and 0 UDP read.
	However, due to incremental compilation, no re-compilation is necessary.
rm -f _csrc*.so linux64_scvhdl_*.so pre_vcsobj_*.so share_vcsobj_*.so
if [ -x ../simv ]; then chmod -x ../simv; fi
g++  -o ../simv   -Wl,-rpath-link=./ -Wl,-rpath='$ORIGIN'/simv.daidir/ -Wl,-rpath=./simv.daidir/ -Wl,-rpath='$ORIGIN'/simv.daidir//scsim.db.dir  -rdynamic   amcQwB.o objs/amcQw_d.o   _prev_archive_1.so  SIM_l.o       rmapats_mop.o rmapats.o rmar.o  rmar_llvm_0_1.o rmar_llvm_0_0.o          /usr/local/packages/synopsys_2015/vcs-mx/linux64/lib/libzerosoft_rt_stubs.so /usr/local/packages/synopsys_2015/vcs-mx/linux64/lib/libvirsim.so /usr/local/packages/synopsys_2015/vcs-mx/linux64/lib/liberrorinf.so /usr/local/packages/synopsys_2015/vcs-mx/linux64/lib/libsnpsmalloc.so    /usr/local/packages/synopsys_2015/vcs-mx/linux64/lib/libvcsnew.so /usr/local/packages/synopsys_2015/vcs-mx/linux64/lib/libsimprofile.so /usr/local/packages/synopsys_2015/vcs-mx/linux64/lib/libuclinative.so   -Wl,-whole-archive /usr/local/packages/synopsys_2015/vcs-mx/linux64/lib/libvcsucli.so -Wl,-no-whole-archive          /usr/local/packages/synopsys_2015/vcs-mx/linux64/lib/vcs_save_restore_new.o -ldl -lm  -lc -lpthread -ldl 
../simv up to date
CPU time: .133 seconds to compile + .343 seconds to elab + .167 seconds to link
Finished rebuilding the design.
Chronologic VCS simulator copyright 1991-2015
Contains Synopsys proprietary information.
Compiler version K-2015.09-SP1_Full64; Runtime version K-2015.09-SP1_Full64;  May  4 20:45 2019
VCD+ Writer K-2015.09-SP1_Full64 Copyright (c) 1991-2015 by Synopsys Inc.
The file '/misc/scratch/abhat1/lowpower/project/Approxiamte_Computing_CNN/hw/multipliers/approx_multipliers/inter.vpd' was opened successfully.
15000000 ps
30000000 ps
Chronologic VCS simulator copyright 1991-2015
Contains Synopsys proprietary information.
Compiler version K-2015.09-SP1_Full64; Runtime version K-2015.09-SP1_Full64;  May  4 22:09 2019
VCD+ Writer K-2015.09-SP1_Full64 Copyright (c) 1991-2015 by Synopsys Inc.
The file '/misc/scratch/abhat1/lowpower/project/Approxiamte_Computing_CNN/hw/multipliers/approx_multipliers/inter.vpd' was opened successfully.
Simulation complete, time is 19500000 ps.
