01:54:00    16 -->                                                             [tcl] ucliGUI::connect -toolargs -ucligui -toolexe ./simv -pid 23882 -toolin /tmp/vcs_20190429065357_23879_abhat1..stdin -toolout /tmp/vcs_20190429065357_23879_abhat1..stdout  
01:54:00    17 -->                                                                 [tcl] set ucliGUI::state
01:54:00    18 -->                                                                     [tcl] gui_update_simulator_buttons
01:54:01    19 -->                                                                         [tcl] set ucliGUI::state
01:54:01    20 -->                                                                             [tcl] ucliCore::getToolPID
01:54:01    21 -->                                                                                 [tcl] synopsys::env hasTB
01:54:01    22 -->                                                                                     [tcl] trigger_hier_stack_context_switch 0
01:54:01    23 -->                                                                                         [tcl] synUtils::setDVEInitPhase 1
01:54:01    24 -->                                                                                             [tcl] gui_get_env SIMSETUP::SIMVPD
01:54:01    25 --> ...  [tcl] synopsys::dump -type VPD -file /misc/scratch/abhat1/lowpower/project/Approxiamte_Computing_CNN/hw/multipliers/approx_multipliers/inter.vpd -locking
01:54:01    26 --> ...      [tcl] synopsys::dump -autoflush on -fid VPD0
01:54:01    27 --> ...          [tcl] set ::dve_fid VPD0
01:54:01    28 --> ...              [tcl] synUtils::setDVEInitPhase 0
01:54:01    29 --> ...                  [tcl] ucliCore::getToolPID
01:54:01    30 --> ...                      [tcl] synUtils::sendTool -active _icl_setToolSocket /tmp/smlnpKQacC8
01:54:01    31 --> ...                          [tcl] synUtils::sendTool -active {_icl_start_rpc -version "K-2015.09-SP1_Full64" -sync_file /tmp/vcs_dve_rpc.abhat1.23882}
01:54:01    32 --> ...                              [tcl] synUtils::sendTool -active {_icl_createSharedMemory /tmp/vcs_dve_general.abhat1.23882}
01:54:01    33 --> ...                                  [tcl] dveMisc::vbusExpand timeunit
01:54:01    34 --> ...                                      [tcl] config endofsim noexit
01:54:02    35 --> ...                                          [tcl] config onfail enable all
01:54:02    36 --> ...                                              [tcl] config syscaddplainmembers
01:54:02    37 --> ...                                                  [tcl] config syscaddsourcenames
01:54:02    38 --> ...                                                      [tcl] config syscaddstructtypes
01:54:02    39 --> ...                                                          [tcl] synopsys::listing -disable
01:54:03    40 --> ...                                                              [tcl] dveMisc::vbusExpand DRUM_tb
01:54:06    41 --> ...                                                                  [tcl] synopsys::dump -add {DRUM_tb.A DRUM_tb.B DRUM_tb.out } -aggregates  -fid VPD0
01:54:08    42 --> ...                                                                      [tcl] synopsys::run
01:54:08    43 --> ...                                                                          [tcl] set ucliGUI::state
01:54:08    44 --> ...                                                                              [tcl] set ucliGUI::state
01:54:08    45 --> ...                                                                                  [tcl] set ucliGUI::state
01:54:08    46 --> ...                                                                                      [tcl] set ucliGUI::state
01:54:08    47 --> ...                                                                                          [tcl] catch {senv activeDomain} dveMisc::result 
01:54:08    48 --> ...                                                                                              [tcl] set dveMisc::result
01:54:08    49 --> ...                                                                                                  [tcl] gui_update_simulator_buttons
01:55:37    50 --> ...  [tcl] if [catch {gui_sim_terminate}] {gui_sim_terminate -kill}
01:55:37    51 --> ...      [tcl] synopsys::finish
01:55:37    52 --> ...          [tcl] set ucliGUI::state
01:55:37    53 --> ...              [tcl] set ucliGUI::state
01:55:37    54 --> ...                  [tcl] catch {senv activeDomain} dveMisc::result 
01:55:37    55 --> ...                      [tcl] set dveMisc::result
01:55:37    56 --> ...                          [tcl] gui_update_simulator_buttons
01:55:37    57 --> ...                              [tcl] catch {senv activeDomain} dveMisc::result 
01:55:37    58 --> ...                                  [tcl] set dveMisc::result
01:55:37    59 --> ...                                      [tcl] ucli_exit
