set ucliGUI::state
set ucliGUI::state
ucliCore::getToolPID
synopsys::env hasTB
trigger_hier_stack_context_switch 0
synUtils::setDVEInitPhase 1
synopsys::dump -type VPD -file /home/ecelrc/students/xteng/vlsi1/lab3/rtl/inter.vpd -locking
synopsys::dump -autoflush on -fid VPD0
set ::dve_fid VPD0
synUtils::setDVEInitPhase 0
ucliCore::getToolPID
synUtils::sendTool -active _icl_setToolSocket /tmp/smlnpPN4Rdr
synUtils::sendTool -active {_icl_start_rpc -version "K-2015.09-SP1_Full64" -sync_file /tmp/vcs_dve_rpc.xteng.25139}
synUtils::sendTool -active {_icl_createSharedMemory /tmp/vcs_dve_general.xteng.25139}
config endofsim noexit
config onfail enable all
config syscaddplainmembers
config syscaddsourcenames
config syscaddstructtypes
synopsys::listing -disable
synopsys::dump -add {TOP.addressBus TOP.cycles TOP.dataBus TOP.regsFile } -aggregates  -fid VPD0
synopsys::dump -add {TOP.SLAVE.ack_o TOP.SLAVE.adr_i TOP.SLAVE.clk_i TOP.SLAVE.cyc_i TOP.SLAVE.dat_i TOP.SLAVE.dat_i_temp TOP.SLAVE.dat_o TOP.SLAVE.dataBus TOP.SLAVE.mem_adr_o TOP.SLAVE.mem_r_o TOP.SLAVE.mem_w_o TOP.SLAVE.next_state TOP.SLAVE.rst_i TOP.SLAVE.ssp_sel_o TOP.SLAVE.ssp_w_o TOP.SLAVE.state TOP.SLAVE.stb_i TOP.SLAVE.taga_i TOP.SLAVE.we_i } -aggregates  -fid VPD0
