# Preference setting overrides
gui_create_pref_key -category {Globals} -key {load_detail_for_funcov} -value_type {bool} -value {false}
gui_create_pref_category -category {schem_obj_name}
gui_create_pref_key -category {schem_obj_name} -key {show_cell_and_pin_with_symbol_name} -value_type {bool} -value {false}
gui_create_pref_key -category {schem_pin_hc} -key {textExtFont} -value_type {string} -value {Helvetica,10,-1,5,50,0,0,0,0,0}

# State setting overrides
gui_state_default_create -off -ini
gui_set_state_value -category Globals -key recent_sessions -value {{gui_load_session -ignore_errors -file /home/ecelrc/students/abhat1/vlsi1_3/ssptest2session.inter.vpd.tcl}}
gui_set_state_value -category Layout -key child_assertion_size_x -value 1535
gui_set_state_value -category Layout -key child_assertion_size_y -value 357
gui_set_state_value -category Layout -key child_console_size_x -value 1535
gui_set_state_value -category Layout -key child_console_size_y -value 175
gui_set_state_value -category Layout -key child_data_coltype -value 67
gui_set_state_value -category Layout -key child_data_colvalue -value 47
gui_set_state_value -category Layout -key child_data_colvariable -value 209
gui_set_state_value -category Layout -key child_data_size_x -value 290
gui_set_state_value -category Layout -key child_data_size_y -value 423
gui_set_state_value -category Layout -key child_driver_size_x -value 1215
gui_set_state_value -category Layout -key child_driver_size_y -value 373
gui_set_state_value -category Layout -key child_hier_col3 -value {-1}
gui_set_state_value -category Layout -key child_hier_colhier -value 253
gui_set_state_value -category Layout -key child_hier_colpd -value 0
gui_set_state_value -category Layout -key child_hier_coltype -value 54
gui_set_state_value -category Layout -key child_hier_size_x -value 274
gui_set_state_value -category Layout -key child_hier_size_y -value 423
gui_set_state_value -category Layout -key child_schematic_docknewline -value false
gui_set_state_value -category Layout -key child_schematic_pos_x -value {-2}
gui_set_state_value -category Layout -key child_schematic_pos_y -value {-18}
gui_set_state_value -category Layout -key child_schematic_size_x -value 972
gui_set_state_value -category Layout -key child_schematic_size_y -value 418
gui_set_state_value -category Layout -key child_source_docknewline -value false
gui_set_state_value -category Layout -key child_source_pos_x -value {-2}
gui_set_state_value -category Layout -key child_source_pos_y -value {-18}
gui_set_state_value -category Layout -key child_source_size_x -value 974
gui_set_state_value -category Layout -key child_source_size_y -value 419
gui_set_state_value -category Layout -key child_wave_colname -value 210
gui_set_state_value -category Layout -key child_wave_colvalue -value 210
gui_set_state_value -category Layout -key child_wave_left -value 425
gui_set_state_value -category Layout -key child_wave_right -value 1038
gui_set_state_value -category Layout -key main_pos_x -value 0
gui_set_state_value -category Layout -key main_pos_y -value 53
gui_set_state_value -category Layout -key main_size_x -value 1535
gui_set_state_value -category Layout -key main_size_y -value 769
gui_set_state_value -category Layout -key stand_wave_child_docknewline -value false
gui_set_state_value -category Layout -key stand_wave_child_pos_x -value {-2}
gui_set_state_value -category Layout -key stand_wave_child_pos_y -value {-18}
gui_set_state_value -category Layout -key stand_wave_child_size_x -value 1473
gui_set_state_value -category Layout -key stand_wave_child_size_y -value 583
gui_set_state_value -category Layout -key stand_wave_top_pos_x -value 66
gui_set_state_value -category Layout -key stand_wave_top_pos_y -value 60
gui_set_state_value -category Layout -key stand_wave_top_size_x -value 1534
gui_set_state_value -category Layout -key stand_wave_top_size_y -value 765
gui_set_state_value -category Assertion -key show_assertion_type -value successes
gui_set_state_value -category Assertion -key show_cover_type -value not_covered
gui_create_state_key -category FindDialog -key m_pMatchCase -value_type bool -value false
gui_create_state_key -category FindDialog -key m_pMatchWord -value_type bool -value false
gui_create_state_key -category FindDialog -key m_pUseCombo -value_type string -value {}
gui_create_state_key -category FindDialog -key m_pWrapAround -value_type bool -value true
gui_create_state_key -category Widget_History -key {dlgSimSetup|m_setupTab|tab pages|SimTab|m_VPDCombo} -value_type string -value inter.vpd
gui_create_state_key -category Widget_History -key {dlgSimSetup|m_setupTab|tab pages|SimTab|m_argsCombo} -value_type string -value {{-ucligui }}
gui_create_state_key -category Widget_History -key {dlgSimSetup|m_setupTab|tab pages|SimTab|m_curDirCombo} -value_type string -value {/misc/scratch/abhat1/ra/vcs /home/ecelrc/students/abhat1/vlsi1_3/lab3/rtl /home/ecelrc/students/abhat1/vlsi1_lab3_s /home/ecelrc/students/abhat1/vlsi1_3 /home/ecelrc/students/abhat1/mrk/simulation}
gui_create_state_key -category Widget_History -key {dlgSimSetup|m_setupTab|tab pages|SimTab|m_exeCombo} -value_type string -value {/misc/scratch/abhat1/ra/vcs/simv ./simv /home/ecelrc/students/abhat1/vlsi1_3/lab3/rtl/simv /home/ecelrc/students/abhat1/vlsi1_lab3_s/simv /home/ecelrc/students/abhat1/vlsi1_3/simv}
gui_state_default_create -off

# Begin command logging
gui_sim_run Ucli -exe ./simv -args {-ucligui  } -dir .
gui_list_select -id Hier.1 -current_item_name TOP -current_item_type Scope  -selected  { TOP   }
gui_list_expand -id  Hier.1   TOP
gui_list_select -id Hier.1 -current_item_name TOP.csa -current_item_type Scope  -selected  { TOP.csa   }
gui_list_expand -id  Hier.1   TOP.csa
gui_list_collapse -id  Hier.1   TOP.csa
gui_list_select -id Hier.1 -current_item_name TOP -current_item_type Scope  -selected  { TOP   }
gui_list_select_all -id Data.1
gui_open_window Wave
gui_list_add -id Wave.1 -from Data.1 { {TOP.S[15:0]} TOP.cout {TOP.A[15:0]} {TOP.B[15:0]} TOP.cin } -insertionbar
gui_sim_continue  
gui_wv_scroll_hslidermove -id  Wave.1 0
gui_zoom -window Wave.1 -full
#gui_exit

