ucliGUI::start /home/ecelrc/students/xteng/vlsi1/lab3/rtl/simv -ucligui 
set ucliGUI::state
set ucliGUI::state
ucliCore::getToolPID
synopsys::env hasTB
trigger_hier_stack_context_switch 0
synUtils::setDVEInitPhase 1
synopsys::dump -type VPD -file /home/ecelrc/students/xteng/vlsi1/lab3/rtl/inter.vpd -locking
synopsys::dump -autoflush on -fid VPD21
set ::dve_fid VPD21
synUtils::setDVEInitPhase 0
ucliCore::getToolPID
synUtils::sendTool -active _icl_setToolSocket /tmp/smlnp4KlmKU
synUtils::sendTool -active {_icl_start_rpc -version "K-2015.09-SP1_Full64" -sync_file /tmp/vcs_dve_rpc.xteng.38919}
synUtils::sendTool -active {_icl_createSharedMemory /tmp/vcs_dve_general.xteng.38919}
config endofsim noexit
config onfail enable all
config syscaddplainmembers
config syscaddsourcenames
config syscaddstructtypes
synopsys::listing -disable
# Begin_DVE_Session_Save_Info
# DVE restart session
# Saved on Tue Nov 27 21:55:50 2018
# Designs open: 1
#   Sim: /home/ecelrc/students/xteng/vlsi1/lab3/rtl/simv
# Toplevel windows open: 2
# 	TopLevel.1
# 	TopLevel.2
#   Source.1: TOP.ssp.RxFIFO_tester
#   Wave.1: 106 signals
#   Group count = 12
#   Group Group1 signal count = 25
#   Group SLAVE signal count = 19
#   Group Group2 signal count = 17
#   Group Group3 signal count = 7
#   Group Group4 signal count = 2
#   Group ARM signal count = 15
#   Group slave signal count = 18
#   Group master signal count = 18
#   Group arm_memory signal count = 8
#   Group txfifo signal count = 24
#   Group rxfifo signal count = 23
#   Group Group5 signal count = 0
# End_DVE_Session_Save_Info
# DVE version: K-2015.09-SP1_Full64
# DVE build date: Nov 24 2015 21:15:24
#<Session mode="Restart" path=".restartSimSession.tcl" type="Debug">
# Application preferences
#<WindowLayout>
# DVE top-level session
# Create and position top-level window: TopLevel.1
set TopLevel.1 TopLevel.1
# Docked window settings
set HSPane.1 HSPane.1
set Hier.1 Hier.1
set DLPane.1 DLPane.1
set Data.1 Data.1
set Console.1 Console.1
set DriverLoad.1 DriverLoad.1
# MDI window settings
set Source.1 Source.1
# End MDI window settings
# Create and position top-level window: TopLevel.2
set TopLevel.2 TopLevel.2
# Docked window settings
# MDI window settings
set Wave.1 Wave.1
# End MDI window settings
#</WindowLayout>
#<Database>
#</Database>
# DVE Global setting session:
# Global: Breakpoints
# Global: Bus
# Global: Expressions
# Global: Signal Time Shift
# Global: Signal Compare
# Global: Signal Groups
synopsys::dump -add {TOP.ARM} -scope "." -depth 1 -fid VPD21
synopsys::dump -add {TOP.SLAVE} -scope "." -depth 1 -fid VPD21
synopsys::dump -add {TOP.ssp.RxFIFO_tester} -scope "." -depth 1 -fid VPD21
synopsys::dump -add {TOP.CMU} -scope "." -depth 1 -fid VPD21
synopsys::dump -add {TOP.MASTER} -scope "." -depth 1 -fid VPD21
synopsys::dump -add {TOP} -scope "." -depth 1 -fid VPD21
synopsys::dump -add {TOP.ssp.TxFIFO_tester} -scope "." -depth 1 -fid VPD21
set _session_group_150 Group1
set Group1 "$_session_group_150"
set _session_group_151 SLAVE
set SLAVE "$_session_group_151"
set _session_group_152 Group2
set Group2 "$_session_group_152"
set _session_group_153 Group3
set Group3 "$_session_group_153"
set _session_group_154 Group4
set Group4 "$_session_group_154"
set _session_group_155 ARM
set ARM "$_session_group_155"
set _session_group_156 slave
set slave "$_session_group_156"
set _session_group_157 master
set master "$_session_group_157"
set _session_group_158 arm_memory
set arm_memory "$_session_group_158"
set _session_group_159 txfifo
set txfifo "$_session_group_159"
set _session_group_160 rxfifo
set rxfifo "$_session_group_160"
set _session_group_161 Group5
set Group5 "$_session_group_161"
# Global: Highlighting
# Global: Stack
# Post database loading setting...
# Save global setting...
# Wave/List view global setting
# Close all empty TopLevel windows
foreach __top [gui_ekki_get_window_ids -type TopLevel] {     if { [llength [gui_ekki_get_window_ids -parent $__top]] == 0} {         gui_close_window -window $__top     } }
# DVE View/pane content session:
# Hier 'Hier.1'
catch {gui_list_expand -id ${Hier.1} TOP}
catch {gui_list_select -id ${Hier.1} {TOP.MASTER}}
# Data 'Data.1'
catch { gui_list_select -id ${Data.1} {TOP.MASTER.dat_i_temp }}
# Source 'Source.1'
# View 'Wave.1'
set groupExD [gui_get_pref_value -category Wave -key exclusiveSG]
set origWaveHeight [gui_get_pref_value -category Wave -key waveRowHeight]
set origGroupCreationState [gui_list_create_group_when_add -wave]
