Chronologic VCS simulator copyright 1991-2015
Contains Synopsys proprietary information.
Compiler version K-2015.09-SP1_Full64; Runtime version K-2015.09-SP1_Full64;  Nov 27 21:58 2018
VCD+ Writer K-2015.09-SP1_Full64 Copyright (c) 1991-2015 by Synopsys Inc.
The file '/home/ecelrc/students/xteng/vlsi1/lab3/rtl/inter.vpd' was opened successfully.
           V C S   S i m u l a t i o n   R e p o r t 
Time: 0
CPU Time:      0.120 seconds;       Data structure size:   0.8Mb
Tue Nov 27 21:59:20 2018
Chronologic VCS simulator copyright 1991-2015
Contains Synopsys proprietary information.
Compiler version K-2015.09-SP1_Full64; Runtime version K-2015.09-SP1_Full64;  Nov 27 21:59 2018
VCD+ Writer K-2015.09-SP1_Full64 Copyright (c) 1991-2015 by Synopsys Inc.
The file '/home/ecelrc/students/xteng/vlsi1/lab3/rtl/inter.vpd' was opened successfully.
---------------------------------------------

The tool has just detected a severe internal error:

SEGV exception handled in TCL command execution:
source  /home/ecelrc/students/xteng/vlsi1/lab3/rtl/partb.tcl.


Release = 'K-2015.09-SP1_Full64'  Architecture = 'amd64'  Program = 'DVE'

'33090154 33127706 33129758 237167125872'

---------------------------------------------
=======================DVE Context and Call Stack=========================

An unexpected termination has occurred in /usr/local/packages/synopsys_2015/vcs-mx//gui/dve/linux64/bin/dve.exeHostname luigi

VPD API Function hfGetReadObj Handle1="TOP.ARM.addressBus" 
Tcl="gui_list_add_group -id Wave.1 -after New Group ARM " 
Tcl="gui_load_session -ignore_errors -file /home/ecelrc/students/xteng/vlsi1/lab3/rtl/partb.tcl " 
Command line: /usr/local/packages/synopsys_2015/vcs-mx//gui/dve/linux64/bin/dve.exe -full64 -ucliplatform=linux64 -toolargs "-ucligui -toolexe ./simv  -pid 63303" -toolin /tmp/vcs_20181128035859_63295_xteng..stdin -toolout /tmp/vcs_20181128035859_63295_xteng..stdout

--- Stack trace follows:
[New LWP 64488]
[New LWP 64155]
[Thread debugging using libthread_db enabled]
Using host libthread_db library "/lib64/libthread_db.so.1".
0x00000037384ac8dd in waitpid () from /lib64/libc.so.6

Thread 3 (Thread 0x7ff8e254d700 (LWP 64155)):
#0  0x0000003738c0ba5e in pthread_cond_timedwait@@GLIBC_2.3.2 () from /lib64/libpthread.so.0
#1  0x00000000028b422b in ?? ()
#2  0x00000000028b46be in QThread::msleep(unsigned long) ()
#3  0x00000000010d9ee6 in ag::dveXThread::run() ()
#4  0x00000000028b43ba in QThreadInstance::start(void*) ()
#5  0x0000003738c07aa1 in start_thread () from /lib64/libpthread.so.0
#6  0x00000037384e8c4d in clone () from /lib64/libc.so.6

Thread 2 (Thread 0x7ff8e1b4c700 (LWP 64488)):
#0  0x00000037384db80d in read () from /lib64/libc.so.6
#1  0x0000003738471bc8 in _IO_new_file_underflow () from /lib64/libc.so.6
#2  0x00000037384736ce in _IO_default_uflow_internal () from /lib64/libc.so.6
#3  0x0000003738467daa in _IO_getline_info_internal () from /lib64/libc.so.6
#4  0x0000003738466c09 in fgets () from /lib64/libc.so.6
#5  0x00000000011f26b3 in ag::dveSmlSocket::run() ()
#6  0x00000000028b43ba in QThreadInstance::start(void*) ()
#7  0x0000003738c07aa1 in start_thread () from /lib64/libpthread.so.0
#8  0x00000037384e8c4d in clone () from /lib64/libc.so.6

Thread 1 (Thread 0x7ff8e2b80800 (LWP 63317)):
#0  0x00000037384ac8dd in waitpid () from /lib64/libc.so.6
#1  0x000000373843e4e9 in do_system () from /lib64/libc.so.6
#2  0x000000373843e820 in system () from /lib64/libc.so.6
#3  0x00007ff8e466bfd8 in SNPSle_10ee25eff68cd8461c9146fa1d0b35e87067f3c8015b313e639d2928478c79b3f673f99203bcf8be64600612100082236bffb2007f1e0ef9 () from /usr/local/packages/synopsys_2015/vcs-mx//linux64/lib/liberrorinf.so
#4  0x00007ff8e466c56d in SNPSle_10ee25eff68cd8461c9146fa1d0b35e87067f3c8015b313e81c34e9ac4c8988ef4a6e067b3aa9271e9f15440f9e8f69ebc77e2fd65860faa () from /usr/local/packages/synopsys_2015/vcs-mx//linux64/lib/liberrorinf.so
#5  0x00007ff8e466d87b in SNPSle_10ee25eff68cd8461c9146fa1d0b35e87067f3c8015b313efba706aab251478fa49e66610e453774633a6c152e7ef778f2202cda681f3d4e () from /usr/local/packages/synopsys_2015/vcs-mx//linux64/lib/liberrorinf.so
#6  0x00007ff8e4666645 in SNPSle_d35ca1ff70d465c2b9b1a72eee90a506fdd009d3de3db1de () from /usr/local/packages/synopsys_2015/vcs-mx//linux64/lib/liberrorinf.so
#7  0x0000000001f97cc5 in ag::logErrorMessage(ag::errorType, QString const&, bool) ()
#8  0x0000000001f9851e in ?? ()
#9  <signal handler called>
#10 0x00007ff8e49ba8f8 in SNPSle_2d2fd458016b40097d0688eee77b7402178a6ba9744a41493c9afd8a78f4a4d152b6e1a6ec18d33e652faadf2b1ec82418a4e12ed335a47ea0c3d0d965a5f0e9e573a3886a4c0e943e2eb226ea2fbaf5 () from /usr/local/packages/synopsys_2015/vcs-mx//linux64/lib/libhflib.so
#11 0x00007ff8e49b7ba3 in SNPSle_2d2fd458016b400992fd9ab2a0fdb32ce4260519f2267c0d75f1fd6ba959e1cfb909613bd638ab7454046259df32282dba17b966373529eb8c60bafa79304086d6d3c5102adcc02c () from /usr/local/packages/synopsys_2015/vcs-mx//linux64/lib/libhflib.so
#12 0x00007ff8e49b9661 in SNPSle_2d2fd458016b400992fd9ab2a0fdb32c6f2b844c48b17d83df25b9e183b1601bee55d6829cbd16f320fdd5ef41ed8b40507b3cd523561a430ea48b1012386f73ade201d47d2de403c79c27cf7a97e1669573370d35e1857d () from /usr/local/packages/synopsys_2015/vcs-mx//linux64/lib/libhflib.so
#13 0x00007ff8e49b9772 in SNPSle_2d2fd458016b40091440d223d498268aa254c09b6b8ebd2c85f663914c00ec949387b982aa59f5ddeee03769aa003a27 () from /usr/local/packages/synopsys_2015/vcs-mx//linux64/lib/libhflib.so
#14 0x00007ff8e49b2a3a in SNPSle_2d2fd458016b4009011b4e28906103fefb0bf8c59f9eac831695bab6bbd4fc7469a06e026c65e15b192fa0f4252c87c0 () from /usr/local/packages/synopsys_2015/vcs-mx//linux64/lib/libhflib.so
#15 0x00007ff8e49a052e in SNPSle_2d2fd458016b4009cc77f49b0e43bc98da027ad471f98d879130cc234e82f2e2a790519a38a3163a () from /usr/local/packages/synopsys_2015/vcs-mx//linux64/lib/libhflib.so
#16 0x00007ff8e49c865a in SNPSle_8d1b2179acedd1750d9ea76e91c880e6697d0235e2188a318e4307e320e143a0 () from /usr/local/packages/synopsys_2015/vcs-mx//linux64/lib/libhflib.so
#17 0x00007ff8e49df9d4 in SNPSle_e67072563947ded775fb6688f9bb34d7 () from /usr/local/packages/synopsys_2015/vcs-mx//linux64/lib/libhflib.so
#18 0x0000000001b836c8 in ag::valLoaderList::getLoaderID(ag::metaParentObj const&, ag::infLoader*&, bool&) const ()
#19 0x0000000001bf6c00 in ag::metaDbObj::traceSignal(char const*, bool) ()
#20 0x0000000001bf615b in ag::metaDbObj::setIsLoadAllChildValues(bool, bool) ()
#21 0x0000000001931c8d in ag::fieldViewWaveItem::initializeItem() ()
#22 0x0000000001917e90 in ag::fieldViewGroupItem::createFieldViewItem(ag::metaBaseObj*, QListViewItem*, bool, ag::signalObject*) ()
#23 0x000000000191776f in ag::fieldViewGroupItem::populateGroup(ag::wgtSignalGroup*, QListViewItem*, bool, bool, bool) ()
#24 0x000000000199e1e5 in ag::waveListView::tclAddGroup(QString const&, ll_list_s*, bool, bool, bool, bool, bool) ()
#25 0x00000000018f745e in ag::gui_list_add_group_cmd(void*, cci_interp_s*, ll_list_s*) ()
#26 0x000000000267a83e in cci_check_command ()
#27 0x00000000027ecd9f in TclInvokeStringCommand ()
#28 0x00000000027ee3c2 in TclEvalObjvInternal ()
#29 0x00000000027ee70f in Tcl_EvalEx ()
#30 0x00000000027eebb7 in Tcl_Eval ()
#31 0x0000000001e0bf60 in ag::ucliProcessIF::tclEval(char const*, QString*, bool) ()
#32 0x0000000001e188c7 in ag::ucliProcessIF::executeCommand(QString const&, QString*, bool) ()
#33 0x0000000001e18ff6 in ag::ucliProcessIF::tclEvalSafe(QString const&, QString*, bool, bool) ()
#34 0x0000000001e19786 in ag::ucliProcessIF::executeScriptCommand(QString const&, int, QString const&, QString*, bool) ()
#35 0x0000000001e1de66 in ag::ucliProcessIF::guiSource(void*, Tcl_Interp*, int, char const**) ()
#36 0x00000000027ecd9f in TclInvokeStringCommand ()
#37 0x00000000027ee3c2 in TclEvalObjvInternal ()
#38 0x00000000027ee70f in Tcl_EvalEx ()
#39 0x00000000027ef393 in Tcl_EvalObjEx ()
#40 0x000000000283c0e1 in Tcl_UplevelObjCmd ()
#41 0x00000000027ee3c2 in TclEvalObjvInternal ()
#42 0x0000000002812e49 in ?? ()
#43 0x00000000028178a6 in TclCompEvalObj ()
#44 0x000000000283bad0 in TclObjInterpProc ()
#45 0x00000000027ee3c2 in TclEvalObjvInternal ()
#46 0x00000000027ef20b in Tcl_EvalObjv ()
#47 0x00000000027ef36e in Tcl_EvalObjEx ()
#48 0x000000000283c0c7 in Tcl_UplevelObjCmd ()
#49 0x00000000027ee3c2 in TclEvalObjvInternal ()
#50 0x0000000002812e49 in ?? ()
#51 0x00000000028178a6 in TclCompEvalObj ()
#52 0x00000000027ef3c4 in Tcl_EvalObjEx ()
#53 0x00000000027f595b in Tcl_CatchObjCmd ()
#54 0x00000000027ee3c2 in TclEvalObjvInternal ()
#55 0x0000000002812e49 in ?? ()
#56 0x00000000028178a6 in TclCompEvalObj ()
#57 0x000000000283bad0 in TclObjInterpProc ()
#58 0x00000000027ee3c2 in TclEvalObjvInternal ()
#59 0x00000000027ef20b in Tcl_EvalObjv ()
#60 0x000000000282b429 in ?? ()
#61 0x00000000027ee3c2 in TclEvalObjvInternal ()
#62 0x00000000027ee70f in Tcl_EvalEx ()
#63 0x00000000026778bc in ?? ()
#64 0x000000000222d679 in ek_exec_cci_command_2(EkTclObjHandle&, cci_interp_s*, char const*, int, int, int, int, int, int, int) ()
#65 0x0000000002227910 in EkTclShellExecImpl::TExecCommandIF::runCommand(QString&) ()
#66 0x0000000002230e00 in EkShellExecutionImpl::TExecCommand::run() ()
#67 0x000000000223075d in EkShellExecutionImpl::startRun(EkShellExecutionImpl::TExecCommand*, EkTriState, EkTriState) ()
#68 0x00000000022308b0 in EkShellExecutionImpl::executeSync(QString const&, bool, bool, bool, QString*, EkShellDefs::TCmdSrc, bool, EkTriState, EkTriState, bool) ()
#69 0x0000000001f9b4b0 in utilEkShellImpl::executeSync(QString const&, bool, bool, bool, QString*, EkShellDefs::TCmdSrc, bool, EkTriState, EkTriState, bool) ()
#70 0x000000000113213f in ag::ovaShell::executeCmdWithFlags(QString const&, EkShellDefs::TMsgSeverity&, QString&, bool, bool, bool) ()
#71 0x000000000120697c in ag::wndConsole::slotExecuteCmdWithFlags(QString const&, bool, bool, bool, bool) ()
#72 0x0000000001f9cf98 in ag::utilFastTcl::invoke(bool, bool, bool, bool, bool, bool) ()
#73 0x0000000001fe56af in ag::baseSession::load(char const*, QDomDocument&, bool, bool) ()
#74 0x0000000001fe494a in ag::baseSession::load(char const*, bool, bool) ()
#75 0x000000000116df6a in ag::gui_load_session_cmd(void*, cci_interp_s*, ll_list_s*) ()
#76 0x000000000267a83e in cci_check_command ()
#77 0x00000000027ecd9f in TclInvokeStringCommand ()
#78 0x00000000027ee3c2 in TclEvalObjvInternal ()
#79 0x00000000027ee70f in Tcl_EvalEx ()
#80 0x00000000026778bc in ?? ()
#81 0x000000000222d679 in ek_exec_cci_command_2(EkTclObjHandle&, cci_interp_s*, char const*, int, int, int, int, int, int, int) ()
#82 0x0000000002227910 in EkTclShellExecImpl::TExecCommandIF::runCommand(QString&) ()
#83 0x0000000002230e00 in EkShellExecutionImpl::TExecCommand::run() ()
#84 0x000000000223075d in EkShellExecutionImpl::startRun(EkShellExecutionImpl::TExecCommand*, EkTriState, EkTriState) ()
#85 0x00000000022308b0 in EkShellExecutionImpl::executeSync(QString const&, bool, bool, bool, QString*, EkShellDefs::TCmdSrc, bool, EkTriState, EkTriState, bool) ()
#86 0x0000000001f9b4b0 in utilEkShellImpl::executeSync(QString const&, bool, bool, bool, QString*, EkShellDefs::TCmdSrc, bool, EkTriState, EkTriState, bool) ()
#87 0x000000000113213f in ag::ovaShell::executeCmdWithFlags(QString const&, EkShellDefs::TMsgSeverity&, QString&, bool, bool, bool) ()
#88 0x000000000120697c in ag::wndConsole::slotExecuteCmdWithFlags(QString const&, bool, bool, bool, bool) ()
#89 0x0000000001f9cf98 in ag::utilFastTcl::invoke(bool, bool, bool, bool, bool, bool) ()
#90 0x0000000001f9d8eb in ag::utilFastTcl::evalAndLog(bool) ()
#91 0x0000000001fdac53 in ag::baseAppInst::event(QEvent*) ()
#92 0x0000000001105873 in ag::ovaAppInst::event(QEvent*) ()
#93 0x00000000028ba975 in QApplication::internalNotify(QObject*, QEvent*) ()
#94 0x00000000028bab7f in QApplication::notify(QObject*, QEvent*) ()
#95 0x000000000200b7b6 in EkExtQtApp::notify(QObject*, QEvent*) ()
#96 0x0000000001fdde1d in ag::baseQtApp::notify(QObject*, QEvent*) ()
#97 0x00000000028bb821 in QApplication::sendPostedEvents(QObject*, int) ()
#98 0x000000000287cecc in QEventLoop::processEvents(unsigned int) ()
#99 0x000000000111b751 in ag::ovaEventLoop::processEvents(unsigned int) ()
#100 0x00000000028cab69 in QEventLoop::enterLoop() ()
#101 0x00000000028caaca in QEventLoop::exec() ()
#102 0x000000000111b0bf in run_cci_event_loop ()
#103 0x00000000010daab4 in ag::ovaAppInst::enterEventLoop(int, char**) ()
#104 0x0000000000de3aa9 in main ()
Completed context dump data 'VPD API Function'
==========================================================================
